<?xml version="1.0" encoding="UTF-8"?>
<coverage generated="1704866389385" clover="3.2.0">
  <project timestamp="1704866389386" name="All files">
    <metrics statements="5136" coveredstatements="4544" conditionals="655" coveredconditionals="484" methods="139" coveredmethods="109" elements="5930" coveredelements="5137" complexity="0" loc="5136" ncloc="5136" packages="16" files="38" classes="38"/>
    <package name="react-chrono">
      <metrics statements="44" coveredstatements="0" conditionals="1" coveredconditionals="0" methods="1" coveredmethods="0"/>
      <file name=".eslintrc.js" path="C:\Users\prabh\Github\react-chrono\.eslintrc.js">
        <metrics statements="44" coveredstatements="0" conditionals="1" coveredconditionals="0" methods="1" coveredmethods="0"/>
        <line num="1" count="0" type="cond" truecount="0" falsecount="1"/>
        <line num="2" count="0" type="stmt"/>
        <line num="3" count="0" type="stmt"/>
        <line num="4" count="0" type="stmt"/>
        <line num="5" count="0" type="stmt"/>
        <line num="6" count="0" type="stmt"/>
        <line num="7" count="0" type="stmt"/>
        <line num="8" count="0" type="stmt"/>
        <line num="9" count="0" type="stmt"/>
        <line num="10" count="0" type="stmt"/>
        <line num="11" count="0" type="stmt"/>
        <line num="12" count="0" type="stmt"/>
        <line num="13" count="0" type="stmt"/>
        <line num="14" count="0" type="stmt"/>
        <line num="15" count="0" type="stmt"/>
        <line num="16" count="0" type="stmt"/>
        <line num="17" count="0" type="stmt"/>
        <line num="18" count="0" type="stmt"/>
        <line num="19" count="0" type="stmt"/>
        <line num="20" count="0" type="stmt"/>
        <line num="21" count="0" type="stmt"/>
        <line num="22" count="0" type="stmt"/>
        <line num="23" count="0" type="stmt"/>
        <line num="24" count="0" type="stmt"/>
        <line num="25" count="0" type="stmt"/>
        <line num="26" count="0" type="stmt"/>
        <line num="27" count="0" type="stmt"/>
        <line num="28" count="0" type="stmt"/>
        <line num="29" count="0" type="stmt"/>
        <line num="30" count="0" type="stmt"/>
        <line num="31" count="0" type="stmt"/>
        <line num="32" count="0" type="stmt"/>
        <line num="33" count="0" type="stmt"/>
        <line num="34" count="0" type="stmt"/>
        <line num="35" count="0" type="stmt"/>
        <line num="36" count="0" type="stmt"/>
        <line num="37" count="0" type="stmt"/>
        <line num="38" count="0" type="stmt"/>
        <line num="39" count="0" type="stmt"/>
        <line num="40" count="0" type="stmt"/>
        <line num="41" count="0" type="stmt"/>
        <line num="42" count="0" type="stmt"/>
        <line num="43" count="0" type="stmt"/>
        <line num="44" count="0" type="stmt"/>
      </file>
    </package>
    <package name="react-chrono.src.components.common.styles">
      <metrics statements="19" coveredstatements="19" conditionals="3" coveredconditionals="3" methods="2" coveredmethods="2"/>
      <file name="index.ts" path="C:\Users\prabh\Github\react-chrono\src\components\common\styles\index.ts">
        <metrics statements="19" coveredstatements="19" conditionals="3" coveredconditionals="3" methods="2" coveredmethods="2"/>
        <line num="1" count="1" type="stmt"/>
        <line num="2" count="1" type="stmt"/>
        <line num="3" count="1" type="stmt"/>
        <line num="4" count="1" type="cond" truecount="1" falsecount="0"/>
        <line num="5" count="1" type="stmt"/>
        <line num="6" count="1" type="stmt"/>
        <line num="7" count="1" type="stmt"/>
        <line num="8" count="1" type="stmt"/>
        <line num="9" count="1" type="stmt"/>
        <line num="10" count="1" type="stmt"/>
        <line num="11" count="1" type="stmt"/>
        <line num="12" count="1" type="stmt"/>
        <line num="13" count="1" type="stmt"/>
        <line num="14" count="1" type="stmt"/>
        <line num="15" count="1" type="stmt"/>
        <line num="16" count="1" type="cond" truecount="1" falsecount="0"/>
        <line num="17" count="1" type="cond" truecount="1" falsecount="0"/>
        <line num="18" count="1" type="stmt"/>
        <line num="19" count="1" type="stmt"/>
      </file>
    </package>
    <package name="react-chrono.src.components.common.test">
      <metrics statements="83" coveredstatements="83" conditionals="1" coveredconditionals="1" methods="7" coveredmethods="1"/>
      <file name="index.tsx" path="C:\Users\prabh\Github\react-chrono\src\components\common\test\index.tsx">
        <metrics statements="83" coveredstatements="83" conditionals="1" coveredconditionals="1" methods="7" coveredmethods="1"/>
        <line num="1" count="1" type="stmt"/>
        <line num="2" count="1" type="stmt"/>
        <line num="3" count="1" type="stmt"/>
        <line num="4" count="1" type="stmt"/>
        <line num="5" count="1" type="stmt"/>
        <line num="6" count="1" type="stmt"/>
        <line num="7" count="1" type="stmt"/>
        <line num="8" count="1" type="stmt"/>
        <line num="9" count="1" type="stmt"/>
        <line num="10" count="1" type="stmt"/>
        <line num="11" count="1" type="stmt"/>
        <line num="12" count="1" type="stmt"/>
        <line num="13" count="1" type="stmt"/>
        <line num="14" count="1" type="stmt"/>
        <line num="15" count="1" type="stmt"/>
        <line num="16" count="1" type="stmt"/>
        <line num="17" count="1" type="stmt"/>
        <line num="18" count="1" type="stmt"/>
        <line num="19" count="1" type="stmt"/>
        <line num="20" count="1" type="stmt"/>
        <line num="21" count="1" type="stmt"/>
        <line num="22" count="1" type="stmt"/>
        <line num="23" count="1" type="stmt"/>
        <line num="24" count="1" type="stmt"/>
        <line num="25" count="1" type="stmt"/>
        <line num="26" count="1" type="stmt"/>
        <line num="27" count="1" type="stmt"/>
        <line num="28" count="1" type="stmt"/>
        <line num="29" count="1" type="stmt"/>
        <line num="30" count="1" type="stmt"/>
        <line num="31" count="1" type="stmt"/>
        <line num="32" count="1" type="stmt"/>
        <line num="33" count="1" type="stmt"/>
        <line num="34" count="1" type="stmt"/>
        <line num="35" count="1" type="stmt"/>
        <line num="36" count="1" type="stmt"/>
        <line num="37" count="1" type="stmt"/>
        <line num="38" count="1" type="stmt"/>
        <line num="39" count="1" type="stmt"/>
        <line num="40" count="1" type="stmt"/>
        <line num="41" count="1" type="stmt"/>
        <line num="42" count="1" type="stmt"/>
        <line num="43" count="1" type="stmt"/>
        <line num="44" count="1" type="stmt"/>
        <line num="45" count="1" type="stmt"/>
        <line num="46" count="1" type="stmt"/>
        <line num="47" count="1" type="stmt"/>
        <line num="48" count="1" type="stmt"/>
        <line num="49" count="1" type="stmt"/>
        <line num="50" count="1" type="stmt"/>
        <line num="51" count="1" type="stmt"/>
        <line num="52" count="1" type="stmt"/>
        <line num="53" count="1" type="stmt"/>
        <line num="54" count="1" type="stmt"/>
        <line num="55" count="1" type="stmt"/>
        <line num="56" count="1" type="stmt"/>
        <line num="57" count="1" type="stmt"/>
        <line num="58" count="1" type="stmt"/>
        <line num="59" count="1" type="stmt"/>
        <line num="60" count="1" type="stmt"/>
        <line num="61" count="1" type="stmt"/>
        <line num="62" count="1" type="stmt"/>
        <line num="63" count="1" type="stmt"/>
        <line num="64" count="1" type="stmt"/>
        <line num="65" count="1" type="stmt"/>
        <line num="66" count="1" type="stmt"/>
        <line num="67" count="1" type="stmt"/>
        <line num="68" count="1" type="stmt"/>
        <line num="69" count="1" type="stmt"/>
        <line num="70" count="1" type="stmt"/>
        <line num="71" count="1" type="stmt"/>
        <line num="72" count="1" type="stmt"/>
        <line num="73" count="1" type="stmt"/>
        <line num="74" count="1" type="stmt"/>
        <line num="75" count="1" type="cond" truecount="1" falsecount="0"/>
        <line num="76" count="51" type="stmt"/>
        <line num="77" count="51" type="stmt"/>
        <line num="78" count="51" type="stmt"/>
        <line num="79" count="51" type="stmt"/>
        <line num="80" count="51" type="stmt"/>
        <line num="81" count="51" type="stmt"/>
        <line num="82" count="51" type="stmt"/>
        <line num="83" count="51" type="stmt"/>
      </file>
    </package>
    <package name="react-chrono.src.components.common.themes">
      <metrics statements="41" coveredstatements="41" conditionals="0" coveredconditionals="0" methods="0" coveredmethods="0"/>
      <file name="index.ts" path="C:\Users\prabh\Github\react-chrono\src\components\common\themes\index.ts">
        <metrics statements="41" coveredstatements="41" conditionals="0" coveredconditionals="0" methods="0" coveredmethods="0"/>
        <line num="1" count="1" type="stmt"/>
        <line num="2" count="1" type="stmt"/>
        <line num="3" count="1" type="stmt"/>
        <line num="4" count="1" type="stmt"/>
        <line num="5" count="1" type="stmt"/>
        <line num="6" count="1" type="stmt"/>
        <line num="7" count="1" type="stmt"/>
        <line num="8" count="1" type="stmt"/>
        <line num="9" count="1" type="stmt"/>
        <line num="10" count="1" type="stmt"/>
        <line num="11" count="1" type="stmt"/>
        <line num="12" count="1" type="stmt"/>
        <line num="13" count="1" type="stmt"/>
        <line num="14" count="1" type="stmt"/>
        <line num="15" count="1" type="stmt"/>
        <line num="16" count="1" type="stmt"/>
        <line num="17" count="1" type="stmt"/>
        <line num="18" count="1" type="stmt"/>
        <line num="19" count="1" type="stmt"/>
        <line num="20" count="1" type="stmt"/>
        <line num="21" count="1" type="stmt"/>
        <line num="22" count="1" type="stmt"/>
        <line num="23" count="1" type="stmt"/>
        <line num="24" count="1" type="stmt"/>
        <line num="25" count="1" type="stmt"/>
        <line num="26" count="1" type="stmt"/>
        <line num="27" count="1" type="stmt"/>
        <line num="28" count="1" type="stmt"/>
        <line num="29" count="1" type="stmt"/>
        <line num="30" count="1" type="stmt"/>
        <line num="31" count="1" type="stmt"/>
        <line num="32" count="1" type="stmt"/>
        <line num="33" count="1" type="stmt"/>
        <line num="34" count="1" type="stmt"/>
        <line num="35" count="1" type="stmt"/>
        <line num="36" count="1" type="stmt"/>
        <line num="37" count="1" type="stmt"/>
        <line num="38" count="1" type="stmt"/>
        <line num="39" count="1" type="stmt"/>
        <line num="40" count="1" type="stmt"/>
        <line num="41" count="1" type="stmt"/>
      </file>
    </package>
    <package name="react-chrono.src.components.effects">
      <metrics statements="134" coveredstatements="132" conditionals="33" coveredconditionals="31" methods="3" coveredmethods="2"/>
      <file name="useMatchMedia.ts" path="C:\Users\prabh\Github\react-chrono\src\components\effects\useMatchMedia.ts">
        <metrics statements="46" coveredstatements="44" conditionals="10" coveredconditionals="9" methods="2" coveredmethods="1"/>
        <line num="1" count="1" type="stmt"/>
        <line num="2" count="1" type="stmt"/>
        <line num="3" count="1" type="stmt"/>
        <line num="4" count="1" type="stmt"/>
        <line num="5" count="1" type="stmt"/>
        <line num="6" count="1" type="stmt"/>
        <line num="7" count="1" type="stmt"/>
        <line num="8" count="1" type="stmt"/>
        <line num="9" count="1" type="stmt"/>
        <line num="10" count="1" type="stmt"/>
        <line num="11" count="1" type="stmt"/>
        <line num="12" count="1" type="cond" truecount="1" falsecount="0"/>
        <line num="13" count="24" type="stmt"/>
        <line num="14" count="24" type="stmt"/>
        <line num="15" count="24" type="stmt"/>
        <line num="16" count="24" type="stmt"/>
        <line num="17" count="24" type="stmt"/>
        <line num="18" count="24" type="stmt"/>
        <line num="19" count="24" type="cond" truecount="1" falsecount="0"/>
        <line num="20" count="17" type="cond" truecount="1" falsecount="0"/>
        <line num="21" count="1" type="stmt"/>
        <line num="22" count="1" type="cond" truecount="1" falsecount="0"/>
        <line num="23" count="16" type="stmt"/>
        <line num="24" count="16" type="stmt"/>
        <line num="25" count="16" type="stmt"/>
        <line num="26" count="16" type="stmt"/>
        <line num="27" count="16" type="stmt"/>
        <line num="28" count="17" type="cond" truecount="1" falsecount="0"/>
        <line num="29" count="1" type="stmt"/>
        <line num="30" count="1" type="cond" truecount="1" falsecount="0"/>
        <line num="31" count="16" type="stmt"/>
        <line num="32" count="16" type="stmt"/>
        <line num="33" count="16" type="stmt"/>
        <line num="34" count="16" type="cond" truecount="1" falsecount="0"/>
        <line num="35" count="16" type="stmt"/>
        <line num="36" count="16" type="stmt"/>
        <line num="37" count="24" type="stmt"/>
        <line num="38" count="24" type="stmt"/>
        <line num="39" count="24" type="cond" truecount="1" falsecount="0"/>
        <line num="40" count="24" type="cond" truecount="1" falsecount="1"/>
        <line num="41" count="0" type="stmt"/>
        <line num="42" count="0" type="stmt"/>
        <line num="43" count="24" type="stmt"/>
        <line num="44" count="24" type="stmt"/>
        <line num="45" count="24" type="stmt"/>
        <line num="46" count="24" type="stmt"/>
      </file>
      <file name="useNewScrollPosition.ts" path="C:\Users\prabh\Github\react-chrono\src\components\effects\useNewScrollPosition.ts">
        <metrics statements="88" coveredstatements="88" conditionals="23" coveredconditionals="22" methods="1" coveredmethods="1"/>
        <line num="1" count="1" type="stmt"/>
        <line num="2" count="1" type="stmt"/>
        <line num="3" count="1" type="stmt"/>
        <line num="4" count="1" type="stmt"/>
        <line num="5" count="1" type="stmt"/>
        <line num="6" count="1" type="stmt"/>
        <line num="7" count="1" type="stmt"/>
        <line num="8" count="1" type="stmt"/>
        <line num="9" count="1" type="stmt"/>
        <line num="10" count="1" type="stmt"/>
        <line num="11" count="1" type="stmt"/>
        <line num="12" count="1" type="cond" truecount="1" falsecount="0"/>
        <line num="13" count="32" type="stmt"/>
        <line num="14" count="32" type="stmt"/>
        <line num="15" count="32" type="stmt"/>
        <line num="16" count="32" type="stmt"/>
        <line num="17" count="32" type="stmt"/>
        <line num="18" count="32" type="stmt"/>
        <line num="19" count="32" type="stmt"/>
        <line num="20" count="32" type="stmt"/>
        <line num="21" count="32" type="cond" truecount="2" falsecount="0"/>
        <line num="22" count="12" type="stmt"/>
        <line num="23" count="12" type="stmt"/>
        <line num="24" count="12" type="stmt"/>
        <line num="25" count="12" type="stmt"/>
        <line num="26" count="12" type="stmt"/>
        <line num="27" count="12" type="cond" truecount="4" falsecount="0"/>
        <line num="28" count="6" type="stmt"/>
        <line num="29" count="6" type="stmt"/>
        <line num="30" count="6" type="stmt"/>
        <line num="31" count="6" type="stmt"/>
        <line num="32" count="6" type="stmt"/>
        <line num="33" count="6" type="cond" truecount="1" falsecount="0"/>
        <line num="34" count="6" type="stmt"/>
        <line num="35" count="6" type="stmt"/>
        <line num="36" count="6" type="stmt"/>
        <line num="37" count="6" type="cond" truecount="1" falsecount="0"/>
        <line num="38" count="6" type="cond" truecount="1" falsecount="0"/>
        <line num="39" count="6" type="stmt"/>
        <line num="40" count="6" type="stmt"/>
        <line num="41" count="6" type="stmt"/>
        <line num="42" count="6" type="stmt"/>
        <line num="43" count="6" type="stmt"/>
        <line num="44" count="6" type="stmt"/>
        <line num="45" count="6" type="stmt"/>
        <line num="46" count="6" type="cond" truecount="2" falsecount="0"/>
        <line num="47" count="2" type="cond" truecount="2" falsecount="0"/>
        <line num="48" count="1" type="stmt"/>
        <line num="49" count="6" type="stmt"/>
        <line num="50" count="6" type="stmt"/>
        <line num="51" count="6" type="stmt"/>
        <line num="52" count="6" type="cond" truecount="0" falsecount="1"/>
        <line num="53" count="6" type="stmt"/>
        <line num="54" count="6" type="stmt"/>
        <line num="55" count="6" type="stmt"/>
        <line num="56" count="6" type="stmt"/>
        <line num="57" count="6" type="stmt"/>
        <line num="58" count="6" type="stmt"/>
        <line num="59" count="6" type="stmt"/>
        <line num="60" count="6" type="stmt"/>
        <line num="61" count="6" type="cond" truecount="1" falsecount="0"/>
        <line num="62" count="6" type="stmt"/>
        <line num="63" count="6" type="stmt"/>
        <line num="64" count="6" type="stmt"/>
        <line num="65" count="6" type="cond" truecount="1" falsecount="0"/>
        <line num="66" count="6" type="cond" truecount="1" falsecount="0"/>
        <line num="67" count="6" type="stmt"/>
        <line num="68" count="6" type="stmt"/>
        <line num="69" count="6" type="stmt"/>
        <line num="70" count="6" type="cond" truecount="1" falsecount="0"/>
        <line num="71" count="6" type="stmt"/>
        <line num="72" count="6" type="stmt"/>
        <line num="73" count="6" type="cond" truecount="2" falsecount="0"/>
        <line num="74" count="2" type="stmt"/>
        <line num="75" count="6" type="cond" truecount="2" falsecount="0"/>
        <line num="76" count="2" type="stmt"/>
        <line num="77" count="2" type="stmt"/>
        <line num="78" count="6" type="stmt"/>
        <line num="79" count="6" type="stmt"/>
        <line num="80" count="12" type="stmt"/>
        <line num="81" count="32" type="stmt"/>
        <line num="82" count="32" type="stmt"/>
        <line num="83" count="32" type="stmt"/>
        <line num="84" count="32" type="stmt"/>
        <line num="85" count="32" type="stmt"/>
        <line num="86" count="32" type="stmt"/>
        <line num="87" count="1" type="stmt"/>
        <line num="88" count="1" type="stmt"/>
      </file>
    </package>
    <package name="react-chrono.src.components.timeline">
      <metrics statements="637" coveredstatements="505" conditionals="52" coveredconditionals="36" methods="14" coveredmethods="5"/>
      <file name="timeline.style.ts" path="C:\Users\prabh\Github\react-chrono\src\components\timeline\timeline.style.ts">
        <metrics statements="149" coveredstatements="146" conditionals="17" coveredconditionals="10" methods="3" coveredmethods="3"/>
        <line num="1" count="1" type="stmt"/>
        <line num="2" count="1" type="stmt"/>
        <line num="3" count="1" type="stmt"/>
        <line num="4" count="1" type="stmt"/>
        <line num="5" count="1" type="stmt"/>
        <line num="6" count="1" type="stmt"/>
        <line num="7" count="1" type="stmt"/>
        <line num="8" count="1" type="stmt"/>
        <line num="9" count="1" type="stmt"/>
        <line num="10" count="1" type="stmt"/>
        <line num="11" count="1" type="stmt"/>
        <line num="12" count="1" type="stmt"/>
        <line num="13" count="1" type="stmt"/>
        <line num="14" count="1" type="stmt"/>
        <line num="15" count="1" type="stmt"/>
        <line num="16" count="1" type="stmt"/>
        <line num="17" count="1" type="stmt"/>
        <line num="18" count="1" type="stmt"/>
        <line num="19" count="1" type="stmt"/>
        <line num="20" count="1" type="stmt"/>
        <line num="21" count="1" type="stmt"/>
        <line num="22" count="1" type="stmt"/>
        <line num="23" count="1" type="cond" truecount="1" falsecount="0"/>
        <line num="24" count="10" type="cond" truecount="0" falsecount="2"/>
        <line num="25" count="0" type="stmt"/>
        <line num="26" count="10" type="stmt"/>
        <line num="27" count="10" type="stmt"/>
        <line num="28" count="10" type="stmt"/>
        <line num="29" count="10" type="stmt"/>
        <line num="30" count="10" type="stmt"/>
        <line num="31" count="10" type="stmt"/>
        <line num="32" count="10" type="stmt"/>
        <line num="33" count="10" type="stmt"/>
        <line num="34" count="10" type="stmt"/>
        <line num="35" count="10" type="stmt"/>
        <line num="36" count="1" type="stmt"/>
        <line num="37" count="1" type="stmt"/>
        <line num="38" count="1" type="cond" truecount="1" falsecount="0"/>
        <line num="39" count="10" type="cond" truecount="0" falsecount="2"/>
        <line num="40" count="0" type="stmt"/>
        <line num="41" count="10" type="stmt"/>
        <line num="42" count="10" type="stmt"/>
        <line num="43" count="10" type="stmt"/>
        <line num="44" count="10" type="stmt"/>
        <line num="45" count="10" type="stmt"/>
        <line num="46" count="10" type="stmt"/>
        <line num="47" count="10" type="stmt"/>
        <line num="48" count="1" type="stmt"/>
        <line num="49" count="1" type="stmt"/>
        <line num="50" count="1" type="stmt"/>
        <line num="51" count="1" type="stmt"/>
        <line num="52" count="1" type="stmt"/>
        <line num="53" count="1" type="stmt"/>
        <line num="54" count="1" type="stmt"/>
        <line num="55" count="1" type="stmt"/>
        <line num="56" count="1" type="stmt"/>
        <line num="57" count="1" type="stmt"/>
        <line num="58" count="1" type="stmt"/>
        <line num="59" count="1" type="stmt"/>
        <line num="60" count="1" type="stmt"/>
        <line num="61" count="1" type="stmt"/>
        <line num="62" count="1" type="stmt"/>
        <line num="63" count="1" type="stmt"/>
        <line num="64" count="1" type="stmt"/>
        <line num="65" count="1" type="stmt"/>
        <line num="66" count="1" type="stmt"/>
        <line num="67" count="1" type="stmt"/>
        <line num="68" count="1" type="stmt"/>
        <line num="69" count="1" type="stmt"/>
        <line num="70" count="1" type="stmt"/>
        <line num="71" count="1" type="stmt"/>
        <line num="72" count="1" type="stmt"/>
        <line num="73" count="1" type="stmt"/>
        <line num="74" count="1" type="cond" truecount="3" falsecount="0"/>
        <line num="75" count="1" type="stmt"/>
        <line num="76" count="1" type="stmt"/>
        <line num="77" count="1" type="stmt"/>
        <line num="78" count="1" type="stmt"/>
        <line num="79" count="1" type="stmt"/>
        <line num="80" count="1" type="stmt"/>
        <line num="81" count="1" type="stmt"/>
        <line num="82" count="1" type="stmt"/>
        <line num="83" count="1" type="stmt"/>
        <line num="84" count="1" type="cond" truecount="1" falsecount="1"/>
        <line num="85" count="1" type="stmt"/>
        <line num="86" count="1" type="stmt"/>
        <line num="87" count="1" type="stmt"/>
        <line num="88" count="1" type="stmt"/>
        <line num="89" count="1" type="stmt"/>
        <line num="90" count="1" type="stmt"/>
        <line num="91" count="1" type="stmt"/>
        <line num="92" count="1" type="stmt"/>
        <line num="93" count="1" type="stmt"/>
        <line num="94" count="1" type="stmt"/>
        <line num="95" count="1" type="stmt"/>
        <line num="96" count="1" type="stmt"/>
        <line num="97" count="1" type="stmt"/>
        <line num="98" count="1" type="stmt"/>
        <line num="99" count="1" type="stmt"/>
        <line num="100" count="1" type="stmt"/>
        <line num="101" count="1" type="stmt"/>
        <line num="102" count="1" type="stmt"/>
        <line num="103" count="1" type="stmt"/>
        <line num="104" count="1" type="stmt"/>
        <line num="105" count="1" type="cond" truecount="1" falsecount="0"/>
        <line num="106" count="1" type="cond" truecount="1" falsecount="0"/>
        <line num="107" count="1" type="stmt"/>
        <line num="108" count="1" type="stmt"/>
        <line num="109" count="1" type="stmt"/>
        <line num="110" count="1" type="stmt"/>
        <line num="111" count="1" type="stmt"/>
        <line num="112" count="1" type="stmt"/>
        <line num="113" count="1" type="stmt"/>
        <line num="114" count="1" type="stmt"/>
        <line num="115" count="1" type="stmt"/>
        <line num="116" count="1" type="stmt"/>
        <line num="117" count="1" type="stmt"/>
        <line num="118" count="1" type="stmt"/>
        <line num="119" count="1" type="stmt"/>
        <line num="120" count="1" type="stmt"/>
        <line num="121" count="1" type="stmt"/>
        <line num="122" count="1" type="stmt"/>
        <line num="123" count="1" type="stmt"/>
        <line num="124" count="1" type="cond" truecount="1" falsecount="0"/>
        <line num="125" count="10" type="cond" truecount="0" falsecount="1"/>
        <line num="126" count="0" type="stmt"/>
        <line num="127" count="10" type="stmt"/>
        <line num="128" count="10" type="stmt"/>
        <line num="129" count="10" type="stmt"/>
        <line num="130" count="10" type="stmt"/>
        <line num="131" count="1" type="stmt"/>
        <line num="132" count="1" type="stmt"/>
        <line num="133" count="1" type="stmt"/>
        <line num="134" count="1" type="stmt"/>
        <line num="135" count="1" type="stmt"/>
        <line num="136" count="1" type="stmt"/>
        <line num="137" count="1" type="stmt"/>
        <line num="138" count="1" type="stmt"/>
        <line num="139" count="1" type="stmt"/>
        <line num="140" count="1" type="stmt"/>
        <line num="141" count="1" type="stmt"/>
        <line num="142" count="1" type="stmt"/>
        <line num="143" count="1" type="stmt"/>
        <line num="144" count="1" type="stmt"/>
        <line num="145" count="1" type="stmt"/>
        <line num="146" count="1" type="stmt"/>
        <line num="147" count="1" type="cond" truecount="1" falsecount="1"/>
        <line num="148" count="1" type="stmt"/>
        <line num="149" count="1" type="stmt"/>
      </file>
      <file name="timeline.tsx" path="C:\Users\prabh\Github\react-chrono\src\components\timeline\timeline.tsx">
        <metrics statements="488" coveredstatements="359" conditionals="35" coveredconditionals="26" methods="11" coveredmethods="2"/>
        <line num="1" count="1" type="stmt"/>
        <line num="2" count="1" type="stmt"/>
        <line num="3" count="1" type="stmt"/>
        <line num="4" count="1" type="stmt"/>
        <line num="5" count="1" type="stmt"/>
        <line num="6" count="1" type="stmt"/>
        <line num="7" count="1" type="stmt"/>
        <line num="8" count="1" type="stmt"/>
        <line num="9" count="1" type="stmt"/>
        <line num="10" count="1" type="stmt"/>
        <line num="11" count="1" type="stmt"/>
        <line num="12" count="1" type="stmt"/>
        <line num="13" count="1" type="stmt"/>
        <line num="14" count="1" type="stmt"/>
        <line num="15" count="1" type="stmt"/>
        <line num="16" count="1" type="stmt"/>
        <line num="17" count="1" type="stmt"/>
        <line num="18" count="1" type="stmt"/>
        <line num="19" count="1" type="stmt"/>
        <line num="20" count="1" type="stmt"/>
        <line num="21" count="1" type="stmt"/>
        <line num="22" count="1" type="stmt"/>
        <line num="23" count="1" type="stmt"/>
        <line num="24" count="1" type="stmt"/>
        <line num="25" count="1" type="stmt"/>
        <line num="26" count="1" type="stmt"/>
        <line num="27" count="1" type="stmt"/>
        <line num="28" count="1" type="stmt"/>
        <line num="29" count="1" type="stmt"/>
        <line num="30" count="1" type="cond" truecount="1" falsecount="0"/>
        <line num="31" count="10" type="stmt"/>
        <line num="32" count="10" type="stmt"/>
        <line num="33" count="10" type="stmt"/>
        <line num="34" count="10" type="stmt"/>
        <line num="35" count="10" type="stmt"/>
        <line num="36" count="10" type="stmt"/>
        <line num="37" count="10" type="stmt"/>
        <line num="38" count="10" type="stmt"/>
        <line num="39" count="10" type="stmt"/>
        <line num="40" count="10" type="stmt"/>
        <line num="41" count="10" type="stmt"/>
        <line num="42" count="10" type="stmt"/>
        <line num="43" count="10" type="stmt"/>
        <line num="44" count="10" type="stmt"/>
        <line num="45" count="10" type="stmt"/>
        <line num="46" count="10" type="stmt"/>
        <line num="47" count="10" type="stmt"/>
        <line num="48" count="10" type="stmt"/>
        <line num="49" count="10" type="stmt"/>
        <line num="50" count="10" type="stmt"/>
        <line num="51" count="10" type="stmt"/>
        <line num="52" count="10" type="stmt"/>
        <line num="53" count="10" type="stmt"/>
        <line num="54" count="10" type="stmt"/>
        <line num="55" count="10" type="stmt"/>
        <line num="56" count="10" type="stmt"/>
        <line num="57" count="10" type="stmt"/>
        <line num="58" count="10" type="stmt"/>
        <line num="59" count="10" type="stmt"/>
        <line num="60" count="10" type="stmt"/>
        <line num="61" count="10" type="stmt"/>
        <line num="62" count="10" type="stmt"/>
        <line num="63" count="10" type="stmt"/>
        <line num="64" count="10" type="stmt"/>
        <line num="65" count="10" type="stmt"/>
        <line num="66" count="10" type="stmt"/>
        <line num="67" count="10" type="stmt"/>
        <line num="68" count="10" type="stmt"/>
        <line num="69" count="10" type="stmt"/>
        <line num="70" count="10" type="stmt"/>
        <line num="71" count="10" type="stmt"/>
        <line num="72" count="10" type="stmt"/>
        <line num="73" count="10" type="stmt"/>
        <line num="74" count="10" type="stmt"/>
        <line num="75" count="10" type="stmt"/>
        <line num="76" count="10" type="stmt"/>
        <line num="77" count="10" type="stmt"/>
        <line num="78" count="10" type="stmt"/>
        <line num="79" count="10" type="stmt"/>
        <line num="80" count="10" type="stmt"/>
        <line num="81" count="10" type="stmt"/>
        <line num="82" count="10" type="stmt"/>
        <line num="83" count="10" type="stmt"/>
        <line num="84" count="10" type="stmt"/>
        <line num="85" count="10" type="stmt"/>
        <line num="86" count="10" type="cond" truecount="1" falsecount="0"/>
        <line num="87" count="7" type="stmt"/>
        <line num="88" count="7" type="cond" truecount="0" falsecount="1"/>
        <line num="89" count="0" type="stmt"/>
        <line num="90" count="0" type="stmt"/>
        <line num="91" count="7" type="stmt"/>
        <line num="92" count="7" type="cond" truecount="0" falsecount="1"/>
        <line num="93" count="0" type="stmt"/>
        <line num="94" count="0" type="stmt"/>
        <line num="95" count="7" type="stmt"/>
        <line num="96" count="10" type="stmt"/>
        <line num="97" count="10" type="stmt"/>
        <line num="98" count="10" type="stmt"/>
        <line num="99" count="10" type="cond" truecount="0" falsecount="1"/>
        <line num="100" count="10" type="stmt"/>
        <line num="101" count="10" type="stmt"/>
        <line num="102" count="10" type="stmt"/>
        <line num="103" count="10" type="stmt"/>
        <line num="104" count="10" type="stmt"/>
        <line num="105" count="0" type="stmt"/>
        <line num="106" count="0" type="stmt"/>
        <line num="107" count="0" type="stmt"/>
        <line num="108" count="0" type="stmt"/>
        <line num="109" count="10" type="stmt"/>
        <line num="110" count="10" type="stmt"/>
        <line num="111" count="10" type="stmt"/>
        <line num="112" count="10" type="stmt"/>
        <line num="113" count="10" type="stmt"/>
        <line num="114" count="10" type="stmt"/>
        <line num="115" count="0" type="stmt"/>
        <line num="116" count="0" type="stmt"/>
        <line num="117" count="10" type="stmt"/>
        <line num="118" count="10" type="stmt"/>
        <line num="119" count="10" type="stmt"/>
        <line num="120" count="10" type="stmt"/>
        <line num="121" count="10" type="cond" truecount="1" falsecount="0"/>
        <line num="122" count="1" type="stmt"/>
        <line num="123" count="1" type="stmt"/>
        <line num="124" count="1" type="stmt"/>
        <line num="125" count="1" type="stmt"/>
        <line num="126" count="1" type="stmt"/>
        <line num="127" count="1" type="stmt"/>
        <line num="128" count="1" type="stmt"/>
        <line num="129" count="10" type="stmt"/>
        <line num="130" count="10" type="stmt"/>
        <line num="131" count="10" type="stmt"/>
        <line num="132" count="0" type="stmt"/>
        <line num="133" count="0" type="stmt"/>
        <line num="134" count="0" type="stmt"/>
        <line num="135" count="0" type="stmt"/>
        <line num="136" count="10" type="stmt"/>
        <line num="137" count="10" type="stmt"/>
        <line num="138" count="10" type="cond" truecount="1" falsecount="0"/>
        <line num="139" count="1" type="stmt"/>
        <line num="140" count="1" type="stmt"/>
        <line num="141" count="1" type="stmt"/>
        <line num="142" count="1" type="stmt"/>
        <line num="143" count="10" type="stmt"/>
        <line num="144" count="10" type="stmt"/>
        <line num="145" count="10" type="cond" truecount="1" falsecount="0"/>
        <line num="146" count="1" type="stmt"/>
        <line num="147" count="1" type="stmt"/>
        <line num="148" count="1" type="stmt"/>
        <line num="149" count="1" type="stmt"/>
        <line num="150" count="10" type="stmt"/>
        <line num="151" count="10" type="stmt"/>
        <line num="152" count="10" type="stmt"/>
        <line num="153" count="10" type="stmt"/>
        <line num="154" count="10" type="stmt"/>
        <line num="155" count="0" type="stmt"/>
        <line num="156" count="0" type="stmt"/>
        <line num="157" count="0" type="stmt"/>
        <line num="158" count="0" type="stmt"/>
        <line num="159" count="0" type="stmt"/>
        <line num="160" count="0" type="stmt"/>
        <line num="161" count="0" type="stmt"/>
        <line num="162" count="0" type="stmt"/>
        <line num="163" count="0" type="stmt"/>
        <line num="164" count="0" type="stmt"/>
        <line num="165" count="0" type="stmt"/>
        <line num="166" count="0" type="stmt"/>
        <line num="167" count="0" type="stmt"/>
        <line num="168" count="0" type="stmt"/>
        <line num="169" count="0" type="stmt"/>
        <line num="170" count="0" type="stmt"/>
        <line num="171" count="0" type="stmt"/>
        <line num="172" count="0" type="stmt"/>
        <line num="173" count="0" type="stmt"/>
        <line num="174" count="0" type="stmt"/>
        <line num="175" count="0" type="stmt"/>
        <line num="176" count="0" type="stmt"/>
        <line num="177" count="10" type="stmt"/>
        <line num="178" count="10" type="stmt"/>
        <line num="179" count="10" type="stmt"/>
        <line num="180" count="10" type="stmt"/>
        <line num="181" count="0" type="stmt"/>
        <line num="182" count="0" type="stmt"/>
        <line num="183" count="0" type="stmt"/>
        <line num="184" count="0" type="stmt"/>
        <line num="185" count="0" type="stmt"/>
        <line num="186" count="0" type="stmt"/>
        <line num="187" count="0" type="stmt"/>
        <line num="188" count="0" type="stmt"/>
        <line num="189" count="0" type="stmt"/>
        <line num="190" count="0" type="stmt"/>
        <line num="191" count="0" type="stmt"/>
        <line num="192" count="0" type="stmt"/>
        <line num="193" count="0" type="stmt"/>
        <line num="194" count="0" type="stmt"/>
        <line num="195" count="0" type="stmt"/>
        <line num="196" count="0" type="stmt"/>
        <line num="197" count="0" type="stmt"/>
        <line num="198" count="0" type="stmt"/>
        <line num="199" count="0" type="stmt"/>
        <line num="200" count="0" type="stmt"/>
        <line num="201" count="10" type="stmt"/>
        <line num="202" count="10" type="cond" truecount="1" falsecount="0"/>
        <line num="203" count="7" type="cond" truecount="1" falsecount="0"/>
        <line num="204" count="7" type="stmt"/>
        <line num="205" count="7" type="stmt"/>
        <line num="206" count="7" type="stmt"/>
        <line num="207" count="7" type="stmt"/>
        <line num="208" count="7" type="stmt"/>
        <line num="209" count="7" type="stmt"/>
        <line num="210" count="7" type="stmt"/>
        <line num="211" count="7" type="stmt"/>
        <line num="212" count="7" type="stmt"/>
        <line num="213" count="7" type="stmt"/>
        <line num="214" count="7" type="stmt"/>
        <line num="215" count="7" type="stmt"/>
        <line num="216" count="7" type="cond" truecount="1" falsecount="0"/>
        <line num="217" count="1" type="stmt"/>
        <line num="218" count="1" type="stmt"/>
        <line num="219" count="1" type="stmt"/>
        <line num="220" count="1" type="stmt"/>
        <line num="221" count="1" type="cond" truecount="0" falsecount="1"/>
        <line num="222" count="1" type="stmt"/>
        <line num="223" count="1" type="stmt"/>
        <line num="224" count="1" type="stmt"/>
        <line num="225" count="1" type="cond" truecount="0" falsecount="2"/>
        <line num="226" count="0" type="stmt"/>
        <line num="227" count="0" type="stmt"/>
        <line num="228" count="0" type="stmt"/>
        <line num="229" count="0" type="stmt"/>
        <line num="230" count="0" type="stmt"/>
        <line num="231" count="0" type="stmt"/>
        <line num="232" count="0" type="stmt"/>
        <line num="233" count="0" type="stmt"/>
        <line num="234" count="0" type="stmt"/>
        <line num="235" count="1" type="stmt"/>
        <line num="236" count="7" type="stmt"/>
        <line num="237" count="10" type="stmt"/>
        <line num="238" count="10" type="stmt"/>
        <line num="239" count="10" type="stmt"/>
        <line num="240" count="0" type="stmt"/>
        <line num="241" count="0" type="stmt"/>
        <line num="242" count="0" type="stmt"/>
        <line num="243" count="0" type="stmt"/>
        <line num="244" count="0" type="stmt"/>
        <line num="245" count="10" type="stmt"/>
        <line num="246" count="10" type="cond" truecount="1" falsecount="0"/>
        <line num="247" count="7" type="stmt"/>
        <line num="248" count="7" type="cond" truecount="0" falsecount="1"/>
        <line num="249" count="0" type="stmt"/>
        <line num="250" count="0" type="stmt"/>
        <line num="251" count="7" type="cond" truecount="1" falsecount="0"/>
        <line num="252" count="1" type="stmt"/>
        <line num="253" count="7" type="cond" truecount="1" falsecount="0"/>
        <line num="254" count="6" type="stmt"/>
        <line num="255" count="6" type="stmt"/>
        <line num="256" count="10" type="stmt"/>
        <line num="257" count="10" type="stmt"/>
        <line num="258" count="10" type="cond" truecount="1" falsecount="0"/>
        <line num="259" count="7" type="stmt"/>
        <line num="260" count="7" type="cond" truecount="1" falsecount="0"/>
        <line num="261" count="7" type="stmt"/>
        <line num="262" count="7" type="stmt"/>
        <line num="263" count="7" type="cond" truecount="1" falsecount="0"/>
        <line num="264" count="5" type="stmt"/>
        <line num="265" count="5" type="cond" truecount="1" falsecount="0"/>
        <line num="266" count="15" type="stmt"/>
        <line num="267" count="15" type="stmt"/>
        <line num="268" count="15" type="stmt"/>
        <line num="269" count="5" type="stmt"/>
        <line num="270" count="5" type="stmt"/>
        <line num="271" count="7" type="stmt"/>
        <line num="272" count="7" type="stmt"/>
        <line num="273" count="7" type="stmt"/>
        <line num="274" count="0" type="stmt"/>
        <line num="275" count="0" type="stmt"/>
        <line num="276" count="0" type="stmt"/>
        <line num="277" count="0" type="stmt"/>
        <line num="278" count="0" type="stmt"/>
        <line num="279" count="0" type="stmt"/>
        <line num="280" count="0" type="stmt"/>
        <line num="281" count="0" type="stmt"/>
        <line num="282" count="7" type="stmt"/>
        <line num="283" count="7" type="cond" truecount="1" falsecount="0"/>
        <line num="284" count="6" type="stmt"/>
        <line num="285" count="6" type="stmt"/>
        <line num="286" count="0" type="stmt"/>
        <line num="287" count="0" type="stmt"/>
        <line num="288" count="0" type="stmt"/>
        <line num="289" count="0" type="stmt"/>
        <line num="290" count="0" type="stmt"/>
        <line num="291" count="0" type="stmt"/>
        <line num="292" count="0" type="stmt"/>
        <line num="293" count="0" type="stmt"/>
        <line num="294" count="0" type="stmt"/>
        <line num="295" count="0" type="stmt"/>
        <line num="296" count="0" type="stmt"/>
        <line num="297" count="0" type="stmt"/>
        <line num="298" count="0" type="stmt"/>
        <line num="299" count="0" type="stmt"/>
        <line num="300" count="0" type="stmt"/>
        <line num="301" count="0" type="stmt"/>
        <line num="302" count="0" type="stmt"/>
        <line num="303" count="0" type="stmt"/>
        <line num="304" count="6" type="stmt"/>
        <line num="305" count="6" type="stmt"/>
        <line num="306" count="6" type="stmt"/>
        <line num="307" count="6" type="stmt"/>
        <line num="308" count="6" type="stmt"/>
        <line num="309" count="6" type="stmt"/>
        <line num="310" count="7" type="stmt"/>
        <line num="311" count="7" type="cond" truecount="1" falsecount="0"/>
        <line num="312" count="7" type="cond" truecount="1" falsecount="0"/>
        <line num="313" count="6" type="stmt"/>
        <line num="314" count="6" type="stmt"/>
        <line num="315" count="7" type="stmt"/>
        <line num="316" count="7" type="stmt"/>
        <line num="317" count="10" type="stmt"/>
        <line num="318" count="10" type="stmt"/>
        <line num="319" count="10" type="stmt"/>
        <line num="320" count="10" type="stmt"/>
        <line num="321" count="0" type="stmt"/>
        <line num="322" count="0" type="stmt"/>
        <line num="323" count="0" type="stmt"/>
        <line num="324" count="0" type="stmt"/>
        <line num="325" count="0" type="stmt"/>
        <line num="326" count="10" type="stmt"/>
        <line num="327" count="10" type="stmt"/>
        <line num="328" count="10" type="stmt"/>
        <line num="329" count="10" type="cond" truecount="1" falsecount="0"/>
        <line num="330" count="7" type="stmt"/>
        <line num="331" count="7" type="stmt"/>
        <line num="332" count="7" type="stmt"/>
        <line num="333" count="7" type="stmt"/>
        <line num="334" count="10" type="stmt"/>
        <line num="335" count="10" type="stmt"/>
        <line num="336" count="10" type="stmt"/>
        <line num="337" count="10" type="stmt"/>
        <line num="338" count="10" type="stmt"/>
        <line num="339" count="10" type="stmt"/>
        <line num="340" count="10" type="stmt"/>
        <line num="341" count="10" type="stmt"/>
        <line num="342" count="10" type="cond" truecount="1" falsecount="0"/>
        <line num="343" count="3" type="stmt"/>
        <line num="344" count="3" type="stmt"/>
        <line num="345" count="10" type="stmt"/>
        <line num="346" count="10" type="stmt"/>
        <line num="347" count="0" type="stmt"/>
        <line num="348" count="0" type="stmt"/>
        <line num="349" count="0" type="stmt"/>
        <line num="350" count="0" type="stmt"/>
        <line num="351" count="10" type="stmt"/>
        <line num="352" count="10" type="stmt"/>
        <line num="353" count="10" type="stmt"/>
        <line num="354" count="10" type="stmt"/>
        <line num="355" count="10" type="stmt"/>
        <line num="356" count="10" type="stmt"/>
        <line num="357" count="10" type="stmt"/>
        <line num="358" count="10" type="stmt"/>
        <line num="359" count="10" type="stmt"/>
        <line num="360" count="10" type="stmt"/>
        <line num="361" count="0" type="stmt"/>
        <line num="362" count="0" type="stmt"/>
        <line num="363" count="0" type="stmt"/>
        <line num="364" count="0" type="stmt"/>
        <line num="365" count="0" type="stmt"/>
        <line num="366" count="0" type="stmt"/>
        <line num="367" count="0" type="stmt"/>
        <line num="368" count="0" type="stmt"/>
        <line num="369" count="0" type="stmt"/>
        <line num="370" count="0" type="stmt"/>
        <line num="371" count="0" type="stmt"/>
        <line num="372" count="0" type="stmt"/>
        <line num="373" count="0" type="stmt"/>
        <line num="374" count="0" type="stmt"/>
        <line num="375" count="0" type="stmt"/>
        <line num="376" count="0" type="stmt"/>
        <line num="377" count="0" type="stmt"/>
        <line num="378" count="10" type="stmt"/>
        <line num="379" count="10" type="stmt"/>
        <line num="380" count="10" type="cond" truecount="1" falsecount="0"/>
        <line num="381" count="7" type="stmt"/>
        <line num="382" count="7" type="stmt"/>
        <line num="383" count="7" type="stmt"/>
        <line num="384" count="7" type="stmt"/>
        <line num="385" count="7" type="stmt"/>
        <line num="386" count="7" type="stmt"/>
        <line num="387" count="7" type="stmt"/>
        <line num="388" count="7" type="stmt"/>
        <line num="389" count="7" type="stmt"/>
        <line num="390" count="7" type="stmt"/>
        <line num="391" count="0" type="stmt"/>
        <line num="392" count="7" type="stmt"/>
        <line num="393" count="7" type="stmt"/>
        <line num="394" count="7" type="stmt"/>
        <line num="395" count="7" type="stmt"/>
        <line num="396" count="7" type="stmt"/>
        <line num="397" count="7" type="stmt"/>
        <line num="398" count="7" type="cond" truecount="1" falsecount="0"/>
        <line num="399" count="3" type="stmt"/>
        <line num="400" count="10" type="stmt"/>
        <line num="401" count="10" type="stmt"/>
        <line num="402" count="10" type="cond" truecount="1" falsecount="0"/>
        <line num="403" count="1" type="stmt"/>
        <line num="404" count="1" type="stmt"/>
        <line num="405" count="1" type="stmt"/>
        <line num="406" count="1" type="stmt"/>
        <line num="407" count="1" type="stmt"/>
        <line num="408" count="1" type="stmt"/>
        <line num="409" count="1" type="stmt"/>
        <line num="410" count="1" type="stmt"/>
        <line num="411" count="1" type="stmt"/>
        <line num="412" count="1" type="stmt"/>
        <line num="413" count="1" type="stmt"/>
        <line num="414" count="0" type="stmt"/>
        <line num="415" count="1" type="stmt"/>
        <line num="416" count="1" type="stmt"/>
        <line num="417" count="1" type="stmt"/>
        <line num="418" count="1" type="stmt"/>
        <line num="419" count="1" type="stmt"/>
        <line num="420" count="1" type="cond" truecount="1" falsecount="0"/>
        <line num="421" count="9" type="stmt"/>
        <line num="422" count="10" type="stmt"/>
        <line num="423" count="10" type="stmt"/>
        <line num="424" count="10" type="cond" truecount="1" falsecount="0"/>
        <line num="425" count="2" type="stmt"/>
        <line num="426" count="2" type="stmt"/>
        <line num="427" count="2" type="stmt"/>
        <line num="428" count="2" type="stmt"/>
        <line num="429" count="2" type="stmt"/>
        <line num="430" count="2" type="stmt"/>
        <line num="431" count="2" type="stmt"/>
        <line num="432" count="2" type="stmt"/>
        <line num="433" count="2" type="stmt"/>
        <line num="434" count="2" type="stmt"/>
        <line num="435" count="2" type="stmt"/>
        <line num="436" count="0" type="stmt"/>
        <line num="437" count="2" type="stmt"/>
        <line num="438" count="2" type="stmt"/>
        <line num="439" count="2" type="stmt"/>
        <line num="440" count="2" type="stmt"/>
        <line num="441" count="2" type="stmt"/>
        <line num="442" count="2" type="stmt"/>
        <line num="443" count="2" type="cond" truecount="1" falsecount="0"/>
        <line num="444" count="8" type="stmt"/>
        <line num="445" count="10" type="stmt"/>
        <line num="446" count="10" type="stmt"/>
        <line num="447" count="10" type="stmt"/>
        <line num="448" count="10" type="stmt"/>
        <line num="449" count="10" type="stmt"/>
        <line num="450" count="10" type="stmt"/>
        <line num="451" count="10" type="stmt"/>
        <line num="452" count="10" type="cond" truecount="0" falsecount="1"/>
        <line num="453" count="0" type="stmt"/>
        <line num="454" count="10" type="stmt"/>
        <line num="455" count="10" type="stmt"/>
        <line num="456" count="10" type="stmt"/>
        <line num="457" count="10" type="cond" truecount="0" falsecount="1"/>
        <line num="458" count="0" type="stmt"/>
        <line num="459" count="10" type="stmt"/>
        <line num="460" count="10" type="stmt"/>
        <line num="461" count="10" type="stmt"/>
        <line num="462" count="10" type="stmt"/>
        <line num="463" count="10" type="stmt"/>
        <line num="464" count="10" type="stmt"/>
        <line num="465" count="10" type="stmt"/>
        <line num="466" count="10" type="stmt"/>
        <line num="467" count="10" type="stmt"/>
        <line num="468" count="10" type="stmt"/>
        <line num="469" count="10" type="stmt"/>
        <line num="470" count="10" type="stmt"/>
        <line num="471" count="10" type="stmt"/>
        <line num="472" count="10" type="stmt"/>
        <line num="473" count="10" type="stmt"/>
        <line num="474" count="10" type="stmt"/>
        <line num="475" count="10" type="stmt"/>
        <line num="476" count="10" type="stmt"/>
        <line num="477" count="10" type="stmt"/>
        <line num="478" count="10" type="stmt"/>
        <line num="479" count="10" type="stmt"/>
        <line num="480" count="10" type="stmt"/>
        <line num="481" count="10" type="stmt"/>
        <line num="482" count="10" type="stmt"/>
        <line num="483" count="10" type="stmt"/>
        <line num="484" count="10" type="stmt"/>
        <line num="485" count="1" type="stmt"/>
        <line num="486" count="1" type="stmt"/>
        <line num="487" count="1" type="stmt"/>
        <line num="488" count="1" type="stmt"/>
      </file>
    </package>
    <package name="react-chrono.src.components.timeline-elements.memoized">
      <metrics statements="227" coveredstatements="167" conditionals="32" coveredconditionals="25" methods="4" coveredmethods="1"/>
      <file name="index.tsx" path="C:\Users\prabh\Github\react-chrono\src\components\timeline-elements\memoized\index.tsx">
        <metrics statements="174" coveredstatements="167" conditionals="31" coveredconditionals="25" methods="3" coveredmethods="1"/>
        <line num="1" count="1" type="stmt"/>
        <line num="2" count="1" type="stmt"/>
        <line num="3" count="1" type="stmt"/>
        <line num="4" count="1" type="stmt"/>
        <line num="5" count="1" type="stmt"/>
        <line num="6" count="1" type="stmt"/>
        <line num="7" count="1" type="stmt"/>
        <line num="8" count="1" type="stmt"/>
        <line num="9" count="1" type="stmt"/>
        <line num="10" count="1" type="stmt"/>
        <line num="11" count="1" type="stmt"/>
        <line num="12" count="1" type="stmt"/>
        <line num="13" count="1" type="stmt"/>
        <line num="14" count="1" type="stmt"/>
        <line num="15" count="1" type="stmt"/>
        <line num="16" count="1" type="stmt"/>
        <line num="17" count="1" type="stmt"/>
        <line num="18" count="1" type="stmt"/>
        <line num="19" count="1" type="stmt"/>
        <line num="20" count="1" type="stmt"/>
        <line num="21" count="1" type="stmt"/>
        <line num="22" count="1" type="stmt"/>
        <line num="23" count="1" type="cond" truecount="1" falsecount="0"/>
        <line num="24" count="44" type="stmt"/>
        <line num="25" count="44" type="stmt"/>
        <line num="26" count="44" type="stmt"/>
        <line num="27" count="44" type="stmt"/>
        <line num="28" count="44" type="stmt"/>
        <line num="29" count="44" type="stmt"/>
        <line num="30" count="44" type="stmt"/>
        <line num="31" count="44" type="stmt"/>
        <line num="32" count="44" type="stmt"/>
        <line num="33" count="44" type="stmt"/>
        <line num="34" count="44" type="cond" truecount="1" falsecount="0"/>
        <line num="35" count="35" type="stmt"/>
        <line num="36" count="35" type="cond" truecount="2" falsecount="0"/>
        <line num="37" count="35" type="stmt"/>
        <line num="38" count="35" type="stmt"/>
        <line num="39" count="35" type="stmt"/>
        <line num="40" count="35" type="stmt"/>
        <line num="41" count="35" type="stmt"/>
        <line num="42" count="35" type="stmt"/>
        <line num="43" count="35" type="stmt"/>
        <line num="44" count="35" type="cond" truecount="1" falsecount="0"/>
        <line num="45" count="3" type="stmt"/>
        <line num="46" count="3" type="stmt"/>
        <line num="47" count="3" type="cond" truecount="1" falsecount="0"/>
        <line num="48" count="32" type="stmt"/>
        <line num="49" count="32" type="stmt"/>
        <line num="50" count="35" type="stmt"/>
        <line num="51" count="35" type="cond" truecount="1" falsecount="0"/>
        <line num="52" count="9" type="stmt"/>
        <line num="53" count="44" type="stmt"/>
        <line num="54" count="1" type="stmt"/>
        <line num="55" count="1" type="stmt"/>
        <line num="56" count="1" type="stmt"/>
        <line num="57" count="1" type="stmt"/>
        <line num="58" count="1" type="cond" truecount="1" falsecount="0"/>
        <line num="59" count="42" type="cond" truecount="1" falsecount="0"/>
        <line num="60" count="35" type="stmt"/>
        <line num="61" count="35" type="stmt"/>
        <line num="62" count="35" type="stmt"/>
        <line num="63" count="35" type="stmt"/>
        <line num="64" count="35" type="stmt"/>
        <line num="65" count="35" type="stmt"/>
        <line num="66" count="35" type="stmt"/>
        <line num="67" count="35" type="stmt"/>
        <line num="68" count="35" type="stmt"/>
        <line num="69" count="35" type="cond" truecount="1" falsecount="0"/>
        <line num="70" count="7" type="stmt"/>
        <line num="71" count="1" type="stmt"/>
        <line num="72" count="0" type="stmt"/>
        <line num="73" count="1" type="stmt"/>
        <line num="74" count="1" type="stmt"/>
        <line num="75" count="1" type="stmt"/>
        <line num="76" count="1" type="stmt"/>
        <line num="77" count="1" type="stmt"/>
        <line num="78" count="1" type="cond" truecount="1" falsecount="0"/>
        <line num="79" count="2" type="cond" truecount="1" falsecount="0"/>
        <line num="80" count="2" type="cond" truecount="0" falsecount="1"/>
        <line num="81" count="2" type="stmt"/>
        <line num="82" count="2" type="stmt"/>
        <line num="83" count="2" type="stmt"/>
        <line num="84" count="2" type="stmt"/>
        <line num="85" count="2" type="stmt"/>
        <line num="86" count="2" type="stmt"/>
        <line num="87" count="2" type="stmt"/>
        <line num="88" count="2" type="stmt"/>
        <line num="89" count="2" type="stmt"/>
        <line num="90" count="2" type="stmt"/>
        <line num="91" count="2" type="stmt"/>
        <line num="92" count="2" type="stmt"/>
        <line num="93" count="2" type="cond" truecount="0" falsecount="1"/>
        <line num="94" count="2" type="cond" truecount="0" falsecount="1"/>
        <line num="95" count="0" type="stmt"/>
        <line num="96" count="2" type="stmt"/>
        <line num="97" count="1" type="stmt"/>
        <line num="98" count="1" type="stmt"/>
        <line num="99" count="1" type="stmt"/>
        <line num="100" count="1" type="stmt"/>
        <line num="101" count="1" type="stmt"/>
        <line num="102" count="1" type="stmt"/>
        <line num="103" count="1" type="cond" truecount="1" falsecount="0"/>
        <line num="104" count="2" type="cond" truecount="1" falsecount="0"/>
        <line num="105" count="2" type="cond" truecount="0" falsecount="1"/>
        <line num="106" count="2" type="stmt"/>
        <line num="107" count="2" type="stmt"/>
        <line num="108" count="2" type="stmt"/>
        <line num="109" count="2" type="stmt"/>
        <line num="110" count="2" type="stmt"/>
        <line num="111" count="2" type="stmt"/>
        <line num="112" count="2" type="stmt"/>
        <line num="113" count="2" type="stmt"/>
        <line num="114" count="2" type="stmt"/>
        <line num="115" count="2" type="stmt"/>
        <line num="116" count="2" type="stmt"/>
        <line num="117" count="2" type="cond" truecount="0" falsecount="1"/>
        <line num="118" count="2" type="cond" truecount="0" falsecount="1"/>
        <line num="119" count="0" type="stmt"/>
        <line num="120" count="2" type="stmt"/>
        <line num="121" count="1" type="stmt"/>
        <line num="122" count="1" type="stmt"/>
        <line num="123" count="1" type="stmt"/>
        <line num="124" count="1" type="stmt"/>
        <line num="125" count="1" type="stmt"/>
        <line num="126" count="1" type="cond" truecount="1" falsecount="0"/>
        <line num="127" count="19" type="stmt"/>
        <line num="128" count="19" type="stmt"/>
        <line num="129" count="19" type="stmt"/>
        <line num="130" count="19" type="stmt"/>
        <line num="131" count="19" type="stmt"/>
        <line num="132" count="19" type="stmt"/>
        <line num="133" count="19" type="stmt"/>
        <line num="134" count="19" type="stmt"/>
        <line num="135" count="19" type="cond" truecount="1" falsecount="0"/>
        <line num="136" count="6" type="cond" truecount="1" falsecount="0"/>
        <line num="137" count="3" type="stmt"/>
        <line num="138" count="3" type="stmt"/>
        <line num="139" count="19" type="stmt"/>
        <line num="140" count="19" type="stmt"/>
        <line num="141" count="19" type="stmt"/>
        <line num="142" count="19" type="stmt"/>
        <line num="143" count="19" type="cond" truecount="1" falsecount="0"/>
        <line num="144" count="19" type="cond" truecount="2" falsecount="0"/>
        <line num="145" count="19" type="cond" truecount="1" falsecount="0"/>
        <line num="146" count="18" type="stmt"/>
        <line num="147" count="19" type="cond" truecount="1" falsecount="0"/>
        <line num="148" count="1" type="stmt"/>
        <line num="149" count="1" type="stmt"/>
        <line num="150" count="19" type="cond" truecount="1" falsecount="0"/>
        <line num="151" count="19" type="stmt"/>
        <line num="152" count="19" type="cond" truecount="1" falsecount="0"/>
        <line num="153" count="3" type="stmt"/>
        <line num="154" count="3" type="stmt"/>
        <line num="155" count="3" type="stmt"/>
        <line num="156" count="3" type="stmt"/>
        <line num="157" count="3" type="stmt"/>
        <line num="158" count="3" type="stmt"/>
        <line num="159" count="3" type="stmt"/>
        <line num="160" count="3" type="stmt"/>
        <line num="161" count="3" type="stmt"/>
        <line num="162" count="3" type="cond" truecount="1" falsecount="0"/>
        <line num="163" count="16" type="stmt"/>
        <line num="164" count="19" type="stmt"/>
        <line num="165" count="1" type="stmt"/>
        <line num="166" count="0" type="stmt"/>
        <line num="167" count="0" type="stmt"/>
        <line num="168" count="0" type="stmt"/>
        <line num="169" count="0" type="stmt"/>
        <line num="170" count="1" type="stmt"/>
        <line num="171" count="1" type="stmt"/>
        <line num="172" count="1" type="stmt"/>
        <line num="173" count="1" type="stmt"/>
        <line num="174" count="1" type="stmt"/>
      </file>
      <file name="memoized-model.ts" path="C:\Users\prabh\Github\react-chrono\src\components\timeline-elements\memoized\memoized-model.ts">
        <metrics statements="53" coveredstatements="0" conditionals="1" coveredconditionals="0" methods="1" coveredmethods="0"/>
        <line num="1" count="0" type="cond" truecount="0" falsecount="1"/>
        <line num="2" count="0" type="stmt"/>
        <line num="3" count="0" type="stmt"/>
        <line num="4" count="0" type="stmt"/>
        <line num="5" count="0" type="stmt"/>
        <line num="6" count="0" type="stmt"/>
        <line num="7" count="0" type="stmt"/>
        <line num="8" count="0" type="stmt"/>
        <line num="9" count="0" type="stmt"/>
        <line num="10" count="0" type="stmt"/>
        <line num="11" count="0" type="stmt"/>
        <line num="12" count="0" type="stmt"/>
        <line num="13" count="0" type="stmt"/>
        <line num="14" count="0" type="stmt"/>
        <line num="15" count="0" type="stmt"/>
        <line num="16" count="0" type="stmt"/>
        <line num="17" count="0" type="stmt"/>
        <line num="18" count="0" type="stmt"/>
        <line num="19" count="0" type="stmt"/>
        <line num="20" count="0" type="stmt"/>
        <line num="21" count="0" type="stmt"/>
        <line num="22" count="0" type="stmt"/>
        <line num="23" count="0" type="stmt"/>
        <line num="24" count="0" type="stmt"/>
        <line num="25" count="0" type="stmt"/>
        <line num="26" count="0" type="stmt"/>
        <line num="27" count="0" type="stmt"/>
        <line num="28" count="0" type="stmt"/>
        <line num="29" count="0" type="stmt"/>
        <line num="30" count="0" type="stmt"/>
        <line num="31" count="0" type="stmt"/>
        <line num="32" count="0" type="stmt"/>
        <line num="33" count="0" type="stmt"/>
        <line num="34" count="0" type="stmt"/>
        <line num="35" count="0" type="stmt"/>
        <line num="36" count="0" type="stmt"/>
        <line num="37" count="0" type="stmt"/>
        <line num="38" count="0" type="stmt"/>
        <line num="39" count="0" type="stmt"/>
        <line num="40" count="0" type="stmt"/>
        <line num="41" count="0" type="stmt"/>
        <line num="42" count="0" type="stmt"/>
        <line num="43" count="0" type="stmt"/>
        <line num="44" count="0" type="stmt"/>
        <line num="45" count="0" type="stmt"/>
        <line num="46" count="0" type="stmt"/>
        <line num="47" count="0" type="stmt"/>
        <line num="48" count="0" type="stmt"/>
        <line num="49" count="0" type="stmt"/>
        <line num="50" count="0" type="stmt"/>
        <line num="51" count="0" type="stmt"/>
        <line num="52" count="0" type="stmt"/>
        <line num="53" count="0" type="stmt"/>
      </file>
    </package>
    <package name="react-chrono.src.components.timeline-elements.timeline-card">
      <metrics statements="346" coveredstatements="335" conditionals="44" coveredconditionals="33" methods="12" coveredmethods="11"/>
      <file name="timeline-horizontal-card.styles.ts" path="C:\Users\prabh\Github\react-chrono\src\components\timeline-elements\timeline-card\timeline-horizontal-card.styles.ts">
        <metrics statements="150" coveredstatements="146" conditionals="22" coveredconditionals="14" methods="9" coveredmethods="9"/>
        <line num="1" count="1" type="stmt"/>
        <line num="2" count="1" type="stmt"/>
        <line num="3" count="1" type="stmt"/>
        <line num="4" count="1" type="stmt"/>
        <line num="5" count="1" type="stmt"/>
        <line num="6" count="1" type="stmt"/>
        <line num="7" count="1" type="stmt"/>
        <line num="8" count="1" type="stmt"/>
        <line num="9" count="1" type="stmt"/>
        <line num="10" count="1" type="stmt"/>
        <line num="11" count="1" type="stmt"/>
        <line num="12" count="1" type="stmt"/>
        <line num="13" count="1" type="stmt"/>
        <line num="14" count="1" type="stmt"/>
        <line num="15" count="1" type="stmt"/>
        <line num="16" count="1" type="stmt"/>
        <line num="17" count="1" type="stmt"/>
        <line num="18" count="1" type="stmt"/>
        <line num="19" count="1" type="stmt"/>
        <line num="20" count="1" type="stmt"/>
        <line num="21" count="1" type="stmt"/>
        <line num="22" count="1" type="stmt"/>
        <line num="23" count="1" type="stmt"/>
        <line num="24" count="1" type="stmt"/>
        <line num="25" count="1" type="stmt"/>
        <line num="26" count="1" type="stmt"/>
        <line num="27" count="1" type="stmt"/>
        <line num="28" count="1" type="stmt"/>
        <line num="29" count="1" type="stmt"/>
        <line num="30" count="1" type="stmt"/>
        <line num="31" count="1" type="stmt"/>
        <line num="32" count="1" type="stmt"/>
        <line num="33" count="1" type="stmt"/>
        <line num="34" count="1" type="stmt"/>
        <line num="35" count="1" type="stmt"/>
        <line num="36" count="1" type="stmt"/>
        <line num="37" count="1" type="stmt"/>
        <line num="38" count="1" type="stmt"/>
        <line num="39" count="1" type="stmt"/>
        <line num="40" count="1" type="stmt"/>
        <line num="41" count="1" type="stmt"/>
        <line num="42" count="1" type="stmt"/>
        <line num="43" count="1" type="stmt"/>
        <line num="44" count="1" type="cond" truecount="1" falsecount="0"/>
        <line num="45" count="60" type="stmt"/>
        <line num="46" count="60" type="stmt"/>
        <line num="47" count="60" type="cond" truecount="0" falsecount="1"/>
        <line num="48" count="0" type="stmt"/>
        <line num="49" count="0" type="stmt"/>
        <line num="50" count="0" type="stmt"/>
        <line num="51" count="0" type="stmt"/>
        <line num="52" count="60" type="stmt"/>
        <line num="53" count="1" type="stmt"/>
        <line num="54" count="1" type="stmt"/>
        <line num="55" count="1" type="stmt"/>
        <line num="56" count="1" type="stmt"/>
        <line num="57" count="1" type="cond" truecount="1" falsecount="0"/>
        <line num="58" count="1" type="cond" truecount="1" falsecount="0"/>
        <line num="59" count="1" type="cond" truecount="1" falsecount="0"/>
        <line num="60" count="1" type="cond" truecount="0" falsecount="1"/>
        <line num="61" count="1" type="stmt"/>
        <line num="62" count="1" type="stmt"/>
        <line num="63" count="1" type="stmt"/>
        <line num="64" count="1" type="stmt"/>
        <line num="65" count="1" type="stmt"/>
        <line num="66" count="1" type="stmt"/>
        <line num="67" count="1" type="cond" truecount="1" falsecount="0"/>
        <line num="68" count="1" type="cond" truecount="0" falsecount="1"/>
        <line num="69" count="1" type="stmt"/>
        <line num="70" count="1" type="stmt"/>
        <line num="71" count="1" type="stmt"/>
        <line num="72" count="1" type="stmt"/>
        <line num="73" count="1" type="stmt"/>
        <line num="74" count="1" type="stmt"/>
        <line num="75" count="1" type="cond" truecount="1" falsecount="1"/>
        <line num="76" count="1" type="cond" truecount="1" falsecount="1"/>
        <line num="77" count="1" type="stmt"/>
        <line num="78" count="1" type="stmt"/>
        <line num="79" count="1" type="stmt"/>
        <line num="80" count="1" type="stmt"/>
        <line num="81" count="1" type="stmt"/>
        <line num="82" count="1" type="stmt"/>
        <line num="83" count="1" type="stmt"/>
        <line num="84" count="1" type="stmt"/>
        <line num="85" count="1" type="stmt"/>
        <line num="86" count="1" type="cond" truecount="1" falsecount="0"/>
        <line num="87" count="1" type="stmt"/>
        <line num="88" count="1" type="stmt"/>
        <line num="89" count="1" type="cond" truecount="1" falsecount="0"/>
        <line num="90" count="1" type="cond" truecount="1" falsecount="1"/>
        <line num="91" count="1" type="cond" truecount="1" falsecount="0"/>
        <line num="92" count="1" type="stmt"/>
        <line num="93" count="1" type="stmt"/>
        <line num="94" count="1" type="stmt"/>
        <line num="95" count="1" type="stmt"/>
        <line num="96" count="1" type="stmt"/>
        <line num="97" count="1" type="stmt"/>
        <line num="98" count="1" type="stmt"/>
        <line num="99" count="1" type="cond" truecount="1" falsecount="0"/>
        <line num="100" count="1" type="stmt"/>
        <line num="101" count="1" type="stmt"/>
        <line num="102" count="1" type="stmt"/>
        <line num="103" count="1" type="stmt"/>
        <line num="104" count="1" type="stmt"/>
        <line num="105" count="1" type="stmt"/>
        <line num="106" count="1" type="stmt"/>
        <line num="107" count="1" type="stmt"/>
        <line num="108" count="1" type="stmt"/>
        <line num="109" count="1" type="stmt"/>
        <line num="110" count="1" type="stmt"/>
        <line num="111" count="1" type="stmt"/>
        <line num="112" count="1" type="stmt"/>
        <line num="113" count="1" type="stmt"/>
        <line num="114" count="1" type="stmt"/>
        <line num="115" count="1" type="stmt"/>
        <line num="116" count="1" type="stmt"/>
        <line num="117" count="1" type="stmt"/>
        <line num="118" count="1" type="stmt"/>
        <line num="119" count="1" type="stmt"/>
        <line num="120" count="1" type="stmt"/>
        <line num="121" count="1" type="stmt"/>
        <line num="122" count="1" type="stmt"/>
        <line num="123" count="1" type="stmt"/>
        <line num="124" count="1" type="stmt"/>
        <line num="125" count="1" type="stmt"/>
        <line num="126" count="1" type="stmt"/>
        <line num="127" count="1" type="stmt"/>
        <line num="128" count="1" type="stmt"/>
        <line num="129" count="1" type="stmt"/>
        <line num="130" count="1" type="stmt"/>
        <line num="131" count="1" type="stmt"/>
        <line num="132" count="1" type="stmt"/>
        <line num="133" count="1" type="stmt"/>
        <line num="134" count="1" type="stmt"/>
        <line num="135" count="1" type="stmt"/>
        <line num="136" count="1" type="stmt"/>
        <line num="137" count="1" type="cond" truecount="1" falsecount="2"/>
        <line num="138" count="1" type="stmt"/>
        <line num="139" count="1" type="stmt"/>
        <line num="140" count="1" type="stmt"/>
        <line num="141" count="1" type="stmt"/>
        <line num="142" count="1" type="cond" truecount="1" falsecount="0"/>
        <line num="143" count="1" type="stmt"/>
        <line num="144" count="1" type="stmt"/>
        <line num="145" count="1" type="stmt"/>
        <line num="146" count="1" type="stmt"/>
        <line num="147" count="1" type="stmt"/>
        <line num="148" count="1" type="stmt"/>
        <line num="149" count="1" type="stmt"/>
        <line num="150" count="1" type="stmt"/>
      </file>
      <file name="timeline-horizontal-card.tsx" path="C:\Users\prabh\Github\react-chrono\src\components\timeline-elements\timeline-card\timeline-horizontal-card.tsx">
        <metrics statements="196" coveredstatements="189" conditionals="22" coveredconditionals="19" methods="3" coveredmethods="2"/>
        <line num="1" count="1" type="stmt"/>
        <line num="2" count="1" type="stmt"/>
        <line num="3" count="1" type="stmt"/>
        <line num="4" count="1" type="stmt"/>
        <line num="5" count="1" type="stmt"/>
        <line num="6" count="1" type="stmt"/>
        <line num="7" count="1" type="stmt"/>
        <line num="8" count="1" type="stmt"/>
        <line num="9" count="1" type="stmt"/>
        <line num="10" count="1" type="stmt"/>
        <line num="11" count="1" type="stmt"/>
        <line num="12" count="1" type="stmt"/>
        <line num="13" count="1" type="stmt"/>
        <line num="14" count="1" type="stmt"/>
        <line num="15" count="1" type="stmt"/>
        <line num="16" count="1" type="stmt"/>
        <line num="17" count="1" type="stmt"/>
        <line num="18" count="1" type="stmt"/>
        <line num="19" count="1" type="stmt"/>
        <line num="20" count="1" type="stmt"/>
        <line num="21" count="1" type="stmt"/>
        <line num="22" count="1" type="cond" truecount="1" falsecount="0"/>
        <line num="23" count="9" type="stmt"/>
        <line num="24" count="9" type="stmt"/>
        <line num="25" count="9" type="stmt"/>
        <line num="26" count="9" type="stmt"/>
        <line num="27" count="9" type="stmt"/>
        <line num="28" count="9" type="stmt"/>
        <line num="29" count="9" type="stmt"/>
        <line num="30" count="9" type="stmt"/>
        <line num="31" count="9" type="stmt"/>
        <line num="32" count="9" type="stmt"/>
        <line num="33" count="9" type="stmt"/>
        <line num="34" count="9" type="stmt"/>
        <line num="35" count="9" type="stmt"/>
        <line num="36" count="9" type="stmt"/>
        <line num="37" count="9" type="stmt"/>
        <line num="38" count="9" type="stmt"/>
        <line num="39" count="9" type="stmt"/>
        <line num="40" count="9" type="stmt"/>
        <line num="41" count="9" type="stmt"/>
        <line num="42" count="9" type="stmt"/>
        <line num="43" count="9" type="stmt"/>
        <line num="44" count="9" type="stmt"/>
        <line num="45" count="9" type="stmt"/>
        <line num="46" count="9" type="stmt"/>
        <line num="47" count="9" type="stmt"/>
        <line num="48" count="9" type="stmt"/>
        <line num="49" count="9" type="stmt"/>
        <line num="50" count="9" type="stmt"/>
        <line num="51" count="9" type="stmt"/>
        <line num="52" count="9" type="stmt"/>
        <line num="53" count="9" type="stmt"/>
        <line num="54" count="9" type="stmt"/>
        <line num="55" count="9" type="stmt"/>
        <line num="56" count="9" type="stmt"/>
        <line num="57" count="9" type="stmt"/>
        <line num="58" count="9" type="stmt"/>
        <line num="59" count="9" type="stmt"/>
        <line num="60" count="9" type="stmt"/>
        <line num="61" count="9" type="stmt"/>
        <line num="62" count="9" type="stmt"/>
        <line num="63" count="0" type="stmt"/>
        <line num="64" count="0" type="stmt"/>
        <line num="65" count="0" type="stmt"/>
        <line num="66" count="0" type="stmt"/>
        <line num="67" count="9" type="stmt"/>
        <line num="68" count="9" type="cond" truecount="1" falsecount="0"/>
        <line num="69" count="9" type="cond" truecount="1" falsecount="0"/>
        <line num="70" count="6" type="stmt"/>
        <line num="71" count="6" type="stmt"/>
        <line num="72" count="6" type="stmt"/>
        <line num="73" count="6" type="stmt"/>
        <line num="74" count="6" type="stmt"/>
        <line num="75" count="6" type="stmt"/>
        <line num="76" count="6" type="stmt"/>
        <line num="77" count="6" type="cond" truecount="0" falsecount="1"/>
        <line num="78" count="0" type="stmt"/>
        <line num="79" count="0" type="stmt"/>
        <line num="80" count="0" type="stmt"/>
        <line num="81" count="6" type="stmt"/>
        <line num="82" count="6" type="stmt"/>
        <line num="83" count="9" type="stmt"/>
        <line num="84" count="9" type="stmt"/>
        <line num="85" count="9" type="stmt"/>
        <line num="86" count="9" type="stmt"/>
        <line num="87" count="9" type="cond" truecount="1" falsecount="0"/>
        <line num="88" count="9" type="stmt"/>
        <line num="89" count="9" type="stmt"/>
        <line num="90" count="9" type="cond" truecount="1" falsecount="0"/>
        <line num="91" count="9" type="stmt"/>
        <line num="92" count="9" type="stmt"/>
        <line num="93" count="9" type="stmt"/>
        <line num="94" count="9" type="cond" truecount="0" falsecount="1"/>
        <line num="95" count="9" type="cond" truecount="0" falsecount="1"/>
        <line num="96" count="9" type="stmt"/>
        <line num="97" count="9" type="stmt"/>
        <line num="98" count="9" type="stmt"/>
        <line num="99" count="9" type="stmt"/>
        <line num="100" count="9" type="cond" truecount="1" falsecount="0"/>
        <line num="101" count="9" type="stmt"/>
        <line num="102" count="9" type="stmt"/>
        <line num="103" count="9" type="cond" truecount="1" falsecount="0"/>
        <line num="104" count="9" type="stmt"/>
        <line num="105" count="9" type="stmt"/>
        <line num="106" count="9" type="stmt"/>
        <line num="107" count="9" type="stmt"/>
        <line num="108" count="9" type="cond" truecount="2" falsecount="0"/>
        <line num="109" count="9" type="stmt"/>
        <line num="110" count="9" type="stmt"/>
        <line num="111" count="9" type="stmt"/>
        <line num="112" count="9" type="stmt"/>
        <line num="113" count="9" type="cond" truecount="1" falsecount="0"/>
        <line num="114" count="9" type="stmt"/>
        <line num="115" count="9" type="stmt"/>
        <line num="116" count="9" type="stmt"/>
        <line num="117" count="9" type="stmt"/>
        <line num="118" count="9" type="stmt"/>
        <line num="119" count="9" type="stmt"/>
        <line num="120" count="9" type="cond" truecount="1" falsecount="0"/>
        <line num="121" count="9" type="stmt"/>
        <line num="122" count="9" type="stmt"/>
        <line num="123" count="9" type="stmt"/>
        <line num="124" count="9" type="stmt"/>
        <line num="125" count="9" type="stmt"/>
        <line num="126" count="9" type="stmt"/>
        <line num="127" count="9" type="stmt"/>
        <line num="128" count="9" type="stmt"/>
        <line num="129" count="9" type="stmt"/>
        <line num="130" count="9" type="stmt"/>
        <line num="131" count="9" type="stmt"/>
        <line num="132" count="9" type="stmt"/>
        <line num="133" count="9" type="stmt"/>
        <line num="134" count="9" type="stmt"/>
        <line num="135" count="9" type="stmt"/>
        <line num="136" count="9" type="stmt"/>
        <line num="137" count="9" type="stmt"/>
        <line num="138" count="9" type="stmt"/>
        <line num="139" count="9" type="stmt"/>
        <line num="140" count="9" type="stmt"/>
        <line num="141" count="9" type="stmt"/>
        <line num="142" count="9" type="stmt"/>
        <line num="143" count="9" type="stmt"/>
        <line num="144" count="9" type="stmt"/>
        <line num="145" count="9" type="stmt"/>
        <line num="146" count="9" type="stmt"/>
        <line num="147" count="9" type="stmt"/>
        <line num="148" count="9" type="stmt"/>
        <line num="149" count="9" type="cond" truecount="1" falsecount="0"/>
        <line num="150" count="6" type="stmt"/>
        <line num="151" count="6" type="stmt"/>
        <line num="152" count="6" type="stmt"/>
        <line num="153" count="6" type="stmt"/>
[...]
        <line num="35" count="1" type="cond" truecount="1" falsecount="0"/>
        <line num="36" count="1" type="stmt"/>
        <line num="37" count="1" type="stmt"/>
        <line num="38" count="1" type="stmt"/>
        <line num="39" count="1" type="stmt"/>
        <line num="40" count="1" type="stmt"/>
        <line num="41" count="1" type="cond" truecount="3" falsecount="0"/>
        <line num="42" count="1" type="stmt"/>
        <line num="43" count="1" type="stmt"/>
        <line num="44" count="1" type="stmt"/>
        <line num="45" count="1" type="stmt"/>
        <line num="46" count="1" type="stmt"/>
        <line num="47" count="1" type="stmt"/>
        <line num="48" count="1" type="stmt"/>
        <line num="49" count="1" type="stmt"/>
        <line num="50" count="1" type="cond" truecount="1" falsecount="1"/>
        <line num="51" count="1" type="stmt"/>
        <line num="52" count="1" type="stmt"/>
        <line num="53" count="1" type="stmt"/>
      </file>
      <file name="timeline-vertical.styles.ts" path="C:\Users\prabh\Github\react-chrono\src\components\timeline-vertical\timeline-vertical.styles.ts">
        <metrics statements="144" coveredstatements="123" conditionals="21" coveredconditionals="12" methods="5" coveredmethods="5"/>
        <line num="1" count="1" type="stmt"/>
        <line num="2" count="1" type="stmt"/>
        <line num="3" count="1" type="stmt"/>
        <line num="4" count="1" type="stmt"/>
        <line num="5" count="1" type="stmt"/>
        <line num="6" count="1" type="stmt"/>
        <line num="7" count="1" type="stmt"/>
        <line num="8" count="1" type="stmt"/>
        <line num="9" count="1" type="stmt"/>
        <line num="10" count="1" type="stmt"/>
        <line num="11" count="1" type="stmt"/>
        <line num="12" count="1" type="stmt"/>
        <line num="13" count="1" type="stmt"/>
        <line num="14" count="1" type="stmt"/>
        <line num="15" count="1" type="stmt"/>
        <line num="16" count="1" type="stmt"/>
        <line num="17" count="1" type="stmt"/>
        <line num="18" count="1" type="stmt"/>
        <line num="19" count="1" type="stmt"/>
        <line num="20" count="1" type="stmt"/>
        <line num="21" count="1" type="stmt"/>
        <line num="22" count="1" type="stmt"/>
        <line num="23" count="1" type="stmt"/>
        <line num="24" count="1" type="stmt"/>
        <line num="25" count="1" type="stmt"/>
        <line num="26" count="1" type="stmt"/>
        <line num="27" count="1" type="stmt"/>
        <line num="28" count="1" type="stmt"/>
        <line num="29" count="1" type="stmt"/>
        <line num="30" count="1" type="stmt"/>
        <line num="31" count="1" type="stmt"/>
        <line num="32" count="1" type="stmt"/>
        <line num="33" count="1" type="stmt"/>
        <line num="34" count="1" type="stmt"/>
        <line num="35" count="1" type="stmt"/>
        <line num="36" count="1" type="stmt"/>
        <line num="37" count="1" type="stmt"/>
        <line num="38" count="1" type="stmt"/>
        <line num="39" count="1" type="stmt"/>
        <line num="40" count="1" type="stmt"/>
        <line num="41" count="1" type="stmt"/>
        <line num="42" count="1" type="stmt"/>
        <line num="43" count="1" type="stmt"/>
        <line num="44" count="1" type="stmt"/>
        <line num="45" count="1" type="stmt"/>
        <line num="46" count="1" type="stmt"/>
        <line num="47" count="1" type="stmt"/>
        <line num="48" count="1" type="stmt"/>
        <line num="49" count="1" type="stmt"/>
        <line num="50" count="1" type="stmt"/>
        <line num="51" count="1" type="cond" truecount="1" falsecount="0"/>
        <line num="52" count="29" type="cond" truecount="0" falsecount="1"/>
        <line num="53" count="0" type="stmt"/>
        <line num="54" count="0" type="stmt"/>
        <line num="55" count="0" type="stmt"/>
        <line num="56" count="0" type="stmt"/>
        <line num="57" count="0" type="stmt"/>
        <line num="58" count="0" type="stmt"/>
        <line num="59" count="0" type="stmt"/>
        <line num="60" count="0" type="stmt"/>
        <line num="61" count="0" type="stmt"/>
        <line num="62" count="29" type="stmt"/>
        <line num="63" count="29" type="stmt"/>
        <line num="64" count="29" type="stmt"/>
        <line num="65" count="29" type="stmt"/>
        <line num="66" count="29" type="stmt"/>
        <line num="67" count="1" type="stmt"/>
        <line num="68" count="1" type="stmt"/>
        <line num="69" count="1" type="stmt"/>
        <line num="70" count="1" type="stmt"/>
        <line num="71" count="1" type="stmt"/>
        <line num="72" count="1" type="stmt"/>
        <line num="73" count="1" type="stmt"/>
        <line num="74" count="1" type="stmt"/>
        <line num="75" count="1" type="stmt"/>
        <line num="76" count="1" type="stmt"/>
        <line num="77" count="1" type="stmt"/>
        <line num="78" count="1" type="stmt"/>
        <line num="79" count="1" type="stmt"/>
        <line num="80" count="1" type="stmt"/>
        <line num="81" count="1" type="cond" truecount="1" falsecount="0"/>
        <line num="82" count="29" type="cond" truecount="1" falsecount="0"/>
        <line num="83" count="21" type="stmt"/>
        <line num="84" count="29" type="cond" truecount="1" falsecount="1"/>
        <line num="85" count="0" type="stmt"/>
        <line num="86" count="8" type="stmt"/>
        <line num="87" count="8" type="stmt"/>
        <line num="88" count="8" type="stmt"/>
        <line num="89" count="29" type="stmt"/>
        <line num="90" count="1" type="cond" truecount="1" falsecount="0"/>
        <line num="91" count="29" type="stmt"/>
        <line num="92" count="29" type="stmt"/>
        <line num="93" count="29" type="stmt"/>
        <line num="94" count="29" type="stmt"/>
        <line num="95" count="29" type="stmt"/>
        <line num="96" count="29" type="stmt"/>
        <line num="97" count="29" type="stmt"/>
        <line num="98" count="29" type="stmt"/>
        <line num="99" count="29" type="stmt"/>
        <line num="100" count="29" type="stmt"/>
        <line num="101" count="29" type="stmt"/>
        <line num="102" count="29" type="cond" truecount="0" falsecount="1"/>
        <line num="103" count="0" type="stmt"/>
        <line num="104" count="0" type="stmt"/>
        <line num="105" count="0" type="stmt"/>
        <line num="106" count="0" type="stmt"/>
        <line num="107" count="0" type="stmt"/>
        <line num="108" count="0" type="stmt"/>
        <line num="109" count="0" type="stmt"/>
        <line num="110" count="0" type="stmt"/>
        <line num="111" count="0" type="stmt"/>
        <line num="112" count="0" type="stmt"/>
        <line num="113" count="29" type="stmt"/>
        <line num="114" count="1" type="stmt"/>
        <line num="115" count="1" type="stmt"/>
        <line num="116" count="1" type="stmt"/>
        <line num="117" count="1" type="stmt"/>
        <line num="118" count="1" type="stmt"/>
        <line num="119" count="1" type="stmt"/>
        <line num="120" count="1" type="stmt"/>
        <line num="121" count="1" type="stmt"/>
        <line num="122" count="1" type="stmt"/>
        <line num="123" count="1" type="stmt"/>
        <line num="124" count="1" type="stmt"/>
        <line num="125" count="1" type="stmt"/>
        <line num="126" count="1" type="stmt"/>
        <line num="127" count="1" type="cond" truecount="1" falsecount="2"/>
        <line num="128" count="1" type="cond" truecount="3" falsecount="0"/>
        <line num="129" count="1" type="stmt"/>
        <line num="130" count="1" type="stmt"/>
        <line num="131" count="1" type="cond" truecount="1" falsecount="1"/>
        <line num="132" count="1" type="cond" truecount="1" falsecount="2"/>
        <line num="133" count="1" type="stmt"/>
        <line num="134" count="1" type="stmt"/>
        <line num="135" count="1" type="stmt"/>
        <line num="136" count="1" type="cond" truecount="1" falsecount="0"/>
        <line num="137" count="20" type="cond" truecount="0" falsecount="1"/>
        <line num="138" count="0" type="stmt"/>
        <line num="139" count="20" type="stmt"/>
        <line num="140" count="20" type="stmt"/>
        <line num="141" count="20" type="stmt"/>
        <line num="142" count="1" type="stmt"/>
        <line num="143" count="1" type="stmt"/>
        <line num="144" count="1" type="stmt"/>
      </file>
      <file name="timeline-vertical.tsx" path="C:\Users\prabh\Github\react-chrono\src\components\timeline-vertical\timeline-vertical.tsx">
        <metrics statements="125" coveredstatements="111" conditionals="13" coveredconditionals="10" methods="1" coveredmethods="1"/>
        <line num="1" count="1" type="stmt"/>
        <line num="2" count="1" type="stmt"/>
        <line num="3" count="1" type="stmt"/>
        <line num="4" count="1" type="stmt"/>
        <line num="5" count="1" type="stmt"/>
        <line num="6" count="1" type="stmt"/>
        <line num="7" count="1" type="stmt"/>
        <line num="8" count="1" type="stmt"/>
        <line num="9" count="1" type="stmt"/>
        <line num="10" count="1" type="stmt"/>
        <line num="11" count="1" type="stmt"/>
        <line num="12" count="1" type="stmt"/>
        <line num="13" count="1" type="stmt"/>
        <line num="14" count="1" type="stmt"/>
        <line num="15" count="1" type="stmt"/>
        <line num="16" count="1" type="stmt"/>
        <line num="17" count="1" type="stmt"/>
        <line num="18" count="1" type="stmt"/>
        <line num="19" count="1" type="stmt"/>
        <line num="20" count="1" type="stmt"/>
        <line num="21" count="1" type="stmt"/>
        <line num="22" count="1" type="stmt"/>
        <line num="23" count="1" type="stmt"/>
        <line num="24" count="1" type="stmt"/>
        <line num="25" count="1" type="stmt"/>
        <line num="26" count="1" type="cond" truecount="1" falsecount="0"/>
        <line num="27" count="9" type="stmt"/>
        <line num="28" count="9" type="stmt"/>
        <line num="29" count="9" type="stmt"/>
        <line num="30" count="9" type="stmt"/>
        <line num="31" count="9" type="stmt"/>
        <line num="32" count="9" type="stmt"/>
        <line num="33" count="9" type="stmt"/>
        <line num="34" count="9" type="stmt"/>
        <line num="35" count="9" type="stmt"/>
        <line num="36" count="9" type="stmt"/>
        <line num="37" count="9" type="stmt"/>
        <line num="38" count="9" type="stmt"/>
        <line num="39" count="9" type="stmt"/>
        <line num="40" count="9" type="stmt"/>
        <line num="41" count="9" type="stmt"/>
        <line num="42" count="9" type="stmt"/>
        <line num="43" count="9" type="stmt"/>
        <line num="44" count="9" type="stmt"/>
        <line num="45" count="9" type="stmt"/>
        <line num="46" count="9" type="stmt"/>
        <line num="47" count="0" type="stmt"/>
        <line num="48" count="0" type="stmt"/>
        <line num="49" count="0" type="stmt"/>
        <line num="50" count="0" type="stmt"/>
        <line num="51" count="0" type="stmt"/>
        <line num="52" count="0" type="stmt"/>
        <line num="53" count="9" type="stmt"/>
        <line num="54" count="9" type="stmt"/>
        <line num="55" count="9" type="stmt"/>
        <line num="56" count="9" type="stmt"/>
        <line num="57" count="9" type="stmt"/>
        <line num="58" count="9" type="stmt"/>
        <line num="59" count="9" type="stmt"/>
        <line num="60" count="9" type="cond" truecount="1" falsecount="0"/>
        <line num="61" count="6" type="cond" truecount="1" falsecount="0"/>
        <line num="62" count="18" type="stmt"/>
        <line num="63" count="18" type="stmt"/>
        <line num="64" count="6" type="stmt"/>
        <line num="65" count="9" type="stmt"/>
        <line num="66" count="9" type="stmt"/>
        <line num="67" count="9" type="stmt"/>
        <line num="68" count="9" type="stmt"/>
        <line num="69" count="9" type="stmt"/>
        <line num="70" count="9" type="cond" truecount="0" falsecount="1"/>
        <line num="71" count="0" type="stmt"/>
        <line num="72" count="0" type="stmt"/>
        <line num="73" count="0" type="stmt"/>
        <line num="74" count="0" type="stmt"/>
        <line num="75" count="0" type="stmt"/>
        <line num="76" count="0" type="stmt"/>
        <line num="77" count="9" type="stmt"/>
        <line num="78" count="9" type="cond" truecount="1" falsecount="0"/>
        <line num="79" count="27" type="stmt"/>
        <line num="80" count="27" type="stmt"/>
        <line num="81" count="27" type="stmt"/>
        <line num="82" count="27" type="cond" truecount="1" falsecount="0"/>
        <line num="83" count="21" type="cond" truecount="2" falsecount="0"/>
        <line num="84" count="27" type="cond" truecount="1" falsecount="0"/>
        <line num="85" count="6" type="stmt"/>
        <line num="86" count="6" type="stmt"/>
        <line num="87" count="27" type="stmt"/>
        <line num="88" count="27" type="stmt"/>
        <line num="89" count="27" type="cond" truecount="0" falsecount="1"/>
        <line num="90" count="0" type="stmt"/>
        <line num="91" count="27" type="stmt"/>
        <line num="92" count="27" type="stmt"/>
        <line num="93" count="27" type="cond" truecount="0" falsecount="1"/>
        <line num="94" count="0" type="stmt"/>
        <line num="95" count="27" type="cond" truecount="1" falsecount="0"/>
        <line num="96" count="9" type="cond" truecount="1" falsecount="0"/>
        <line num="97" count="18" type="stmt"/>
        <line num="98" count="27" type="stmt"/>
        <line num="99" count="27" type="stmt"/>
        <line num="100" count="27" type="stmt"/>
        <line num="101" count="27" type="stmt"/>
        <line num="102" count="27" type="stmt"/>
        <line num="103" count="27" type="stmt"/>
        <line num="104" count="27" type="stmt"/>
        <line num="105" count="27" type="stmt"/>
        <line num="106" count="27" type="stmt"/>
        <line num="107" count="27" type="stmt"/>
        <line num="108" count="27" type="stmt"/>
        <line num="109" count="27" type="stmt"/>
        <line num="110" count="27" type="stmt"/>
        <line num="111" count="27" type="stmt"/>
        <line num="112" count="27" type="stmt"/>
        <line num="113" count="27" type="stmt"/>
        <line num="114" count="27" type="stmt"/>
        <line num="115" count="27" type="stmt"/>
        <line num="116" count="27" type="stmt"/>
        <line num="117" count="27" type="stmt"/>
        <line num="118" count="9" type="stmt"/>
        <line num="119" count="9" type="stmt"/>
        <line num="120" count="9" type="stmt"/>
        <line num="121" count="9" type="stmt"/>
        <line num="122" count="1" type="stmt"/>
        <line num="123" count="1" type="stmt"/>
        <line num="124" count="1" type="stmt"/>
        <line num="125" count="1" type="stmt"/>
      </file>
    </package>
    <package name="react-chrono.src.utils">
      <metrics statements="86" coveredstatements="79" conditionals="14" coveredconditionals="14" methods="8" coveredmethods="6"/>
      <file name="index.ts" path="C:\Users\prabh\Github\react-chrono\src\utils\index.ts">
        <metrics statements="86" coveredstatements="79" conditionals="14" coveredconditionals="14" methods="8" coveredmethods="6"/>
        <line num="1" count="1" type="stmt"/>
        <line num="2" count="1" type="stmt"/>
        <line num="3" count="1" type="stmt"/>
        <line num="4" count="1" type="stmt"/>
        <line num="5" count="1" type="cond" truecount="1" falsecount="0"/>
        <line num="6" count="37" type="stmt"/>
        <line num="7" count="37" type="stmt"/>
        <line num="8" count="37" type="stmt"/>
        <line num="9" count="37" type="stmt"/>
        <line num="10" count="37" type="stmt"/>
        <line num="11" count="37" type="stmt"/>
        <line num="12" count="1" type="stmt"/>
        <line num="13" count="1" type="cond" truecount="1" falsecount="0"/>
        <line num="14" count="3" type="cond" truecount="1" falsecount="0"/>
        <line num="15" count="1" type="stmt"/>
        <line num="16" count="1" type="cond" truecount="1" falsecount="0"/>
        <line num="17" count="2" type="stmt"/>
        <line num="18" count="2" type="stmt"/>
        <line num="19" count="1" type="stmt"/>
        <line num="20" count="1" type="cond" truecount="1" falsecount="0"/>
        <line num="21" count="1" type="stmt"/>
        <line num="22" count="1" type="stmt"/>
        <line num="23" count="1" type="stmt"/>
        <line num="24" count="1" type="stmt"/>
        <line num="25" count="1" type="stmt"/>
        <line num="26" count="1" type="stmt"/>
        <line num="27" count="1" type="stmt"/>
        <line num="28" count="1" type="stmt"/>
        <line num="29" count="1" type="stmt"/>
        <line num="30" count="1" type="cond" truecount="1" falsecount="0"/>
        <line num="31" count="1" type="stmt"/>
        <line num="32" count="1" type="stmt"/>
        <line num="33" count="1" type="stmt"/>
        <line num="34" count="1" type="stmt"/>
        <line num="35" count="1" type="stmt"/>
        <line num="36" count="1" type="stmt"/>
        <line num="37" count="1" type="stmt"/>
        <line num="38" count="1" type="stmt"/>
        <line num="39" count="1" type="stmt"/>
        <line num="40" count="1" type="stmt"/>
        <line num="41" count="1" type="stmt"/>
        <line num="42" count="1" type="stmt"/>
        <line num="43" count="1" type="cond" truecount="1" falsecount="0"/>
        <line num="44" count="4" type="stmt"/>
        <line num="45" count="4" type="stmt"/>
        <line num="46" count="4" type="cond" truecount="1" falsecount="0"/>
        <line num="47" count="1" type="stmt"/>
        <line num="48" count="1" type="cond" truecount="1" falsecount="0"/>
        <line num="49" count="4" type="cond" truecount="1" falsecount="0"/>
        <line num="50" count="1" type="stmt"/>
        <line num="51" count="1" type="cond" truecount="1" falsecount="0"/>
        <line num="52" count="2" type="stmt"/>
        <line num="53" count="4" type="cond" truecount="1" falsecount="0"/>
        <line num="54" count="1" type="stmt"/>
        <line num="55" count="1" type="stmt"/>
        <line num="56" count="1" type="stmt"/>
        <line num="57" count="1" type="stmt"/>
        <line num="58" count="1" type="stmt"/>
        <line num="59" count="1" type="stmt"/>
        <line num="60" count="1" type="stmt"/>
        <line num="61" count="0" type="stmt"/>
        <line num="62" count="0" type="stmt"/>
        <line num="63" count="1" type="stmt"/>
        <line num="64" count="1" type="stmt"/>
        <line num="65" count="0" type="stmt"/>
        <line num="66" count="0" type="stmt"/>
        <line num="67" count="0" type="stmt"/>
        <line num="68" count="0" type="stmt"/>
        <line num="69" count="0" type="stmt"/>
        <line num="70" count="1" type="stmt"/>
        <line num="71" count="1" type="cond" truecount="1" falsecount="0"/>
        <line num="72" count="11" type="stmt"/>
        <line num="73" count="11" type="stmt"/>
        <line num="74" count="11" type="stmt"/>
        <line num="75" count="11" type="stmt"/>
        <line num="76" count="11" type="stmt"/>
        <line num="77" count="11" type="stmt"/>
        <line num="78" count="11" type="stmt"/>
        <line num="79" count="11" type="stmt"/>
        <line num="80" count="11" type="stmt"/>
        <line num="81" count="11" type="cond" truecount="1" falsecount="0"/>
        <line num="82" count="77" type="stmt"/>
        <line num="83" count="77" type="stmt"/>
        <line num="84" count="11" type="stmt"/>
        <line num="85" count="11" type="stmt"/>
        <line num="86" count="11" type="stmt"/>
      </file>
    </package>
  </project>
</coverage>
