TN:
SF:src\components\GlobalContext.tsx
FN:25,GlobalContextProvider
FNF:1
FNH:0
FNDA:0,GlobalContextProvider
DA:1,1
DA:2,1
DA:3,1
DA:4,1
DA:5,1
DA:6,1
DA:7,1
DA:8,1
DA:9,1
DA:10,1
DA:11,1
DA:12,1
DA:13,1
DA:14,1
DA:15,1
DA:16,1
DA:17,1
DA:18,1
DA:19,1
DA:20,1
DA:21,1
DA:22,1
DA:23,1
DA:24,1
DA:25,1
DA:26,0
DA:27,0
DA:28,0
DA:29,0
DA:30,0
DA:31,0
DA:32,0
DA:33,0
DA:34,0
DA:35,0
DA:36,0
DA:37,0
DA:38,0
DA:39,0
DA:40,0
DA:41,0
DA:42,0
DA:43,0
DA:44,0
DA:45,0
DA:46,0
DA:47,0
DA:48,0
DA:49,0
DA:50,0
DA:51,0
DA:52,0
DA:53,0
DA:54,0
DA:55,0
DA:56,0
DA:57,0
DA:58,0
DA:59,0
DA:60,0
DA:61,0
DA:62,0
DA:63,0
DA:64,0
DA:65,0
DA:66,0
DA:67,0
DA:68,0
DA:69,0
DA:70,0
DA:71,0
DA:72,0
DA:73,0
DA:74,0
DA:75,0
DA:76,0
DA:77,0
DA:78,0
DA:79,0
DA:80,0
DA:81,0
DA:82,0
DA:83,0
DA:84,0
DA:85,0
DA:86,0
DA:87,0
DA:88,0
DA:89,0
DA:90,0
DA:91,0
DA:92,0
DA:93,0
DA:94,0
DA:95,0
DA:96,0
DA:97,0
DA:98,0
DA:99,0
DA:100,0
DA:101,0
DA:102,0
DA:103,0
DA:104,0
DA:105,0
DA:106,0
DA:107,0
DA:108,0
DA:109,0
DA:110,0
DA:111,0
DA:112,0
DA:113,0
DA:114,0
DA:115,0
DA:116,0
DA:117,0
DA:118,0
DA:119,0
DA:120,0
DA:121,0
DA:122,0
DA:123,0
DA:124,0
DA:125,0
DA:126,0
DA:127,0
DA:128,0
DA:129,0
DA:130,0
DA:131,0
DA:132,0
DA:133,0
DA:134,0
DA:135,0
DA:136,0
DA:137,0
DA:138,0
DA:139,0
DA:140,0
DA:141,0
DA:142,0
DA:143,0
DA:144,1
DA:145,1
DA:146,1
DA:147,1
LF:147
LH:29
BRF:0
BRH:0
end_of_record
TN:
SF:src\components\common\styles\index.ts
FN:4,Object.defineProperty.enumerable
FN:16,Object.defineProperty.enumerable
FNF:2
FNH:2
FNDA:3,Object.defineProperty.enumerable
FNDA:3,Object.defineProperty.enumerable
DA:1,1
DA:2,1
DA:3,1
DA:4,1
DA:5,1
DA:6,1
DA:7,1
DA:8,1
DA:9,1
DA:10,1
DA:11,1
DA:12,1
DA:13,1
DA:14,1
DA:15,1
DA:16,1
DA:17,1
DA:18,1
DA:19,1
LF:19
LH:19
BRDA:4,0,0,3
BRDA:16,1,0,3
BRDA:17,2,0,3
BRF:3
BRH:3
end_of_record
TN:
SF:src\components\common\test\index.tsx
FN:65,onFirst
FN:66,onLast
FN:67,onNext
FN:68,onPrevious
FN:69,onReplay
FN:70,onToggleDarkMode
FN:75,customRender
FNF:7
FNH:1
FNDA:0,onFirst
FNDA:0,onLast
FNDA:0,onNext
FNDA:0,onPrevious
FNDA:0,onReplay
FNDA:0,onToggleDarkMode
FNDA:41,customRender
DA:1,1
DA:2,1
DA:3,1
DA:4,1
DA:5,1
DA:6,1
DA:7,1
DA:8,1
DA:9,1
DA:10,1
DA:11,1
DA:12,1
DA:13,1
DA:14,1
DA:15,1
DA:16,1
DA:17,1
DA:18,1
DA:19,1
DA:20,1
DA:21,1
DA:22,1
DA:23,1
DA:24,1
DA:25,1
DA:26,1
DA:27,1
DA:28,1
DA:29,1
DA:30,1
DA:31,1
DA:32,1
DA:33,1
DA:34,1
DA:35,1
DA:36,1
DA:37,1
DA:38,1
DA:39,1
DA:40,1
DA:41,1
DA:42,1
DA:43,1
DA:44,1
DA:45,1
DA:46,1
DA:47,1
DA:48,1
DA:49,1
DA:50,1
DA:51,1
DA:52,1
DA:53,1
DA:54,1
DA:55,1
DA:56,1
DA:57,1
DA:58,1
DA:59,1
DA:60,1
DA:61,1
DA:62,1
DA:63,1
DA:64,1
DA:65,1
DA:66,1
DA:67,1
DA:68,1
DA:69,1
DA:70,1
DA:71,1
DA:72,1
DA:73,1
DA:74,1
DA:75,1
DA:76,41
DA:77,41
DA:78,41
DA:79,41
DA:80,41
DA:81,41
DA:82,41
DA:83,41
LF:83
LH:83
BRDA:75,0,0,41
BRF:1
BRH:1
end_of_record
TN:
SF:src\components\common\themes\index.ts
FNF:0
FNH:0
DA:1,1
DA:2,1
DA:3,1
DA:4,1
DA:5,1
DA:6,1
DA:7,1
DA:8,1
DA:9,1
DA:10,1
DA:11,1
DA:12,1
DA:13,1
DA:14,1
DA:15,1
DA:16,1
DA:17,1
DA:18,1
DA:19,1
DA:20,1
DA:21,1
DA:22,1
DA:23,1
DA:24,1
DA:25,1
DA:26,1
DA:27,1
DA:28,1
DA:29,1
DA:30,1
DA:31,1
DA:32,1
DA:33,1
DA:34,1
DA:35,1
DA:36,1
DA:37,1
DA:38,1
DA:39,1
DA:40,1
DA:41,1
LF:41
LH:41
BRF:0
BRH:0
end_of_record
TN:
SF:src\components\effects\useMatchMedia.ts
FN:12,useMatchMedia
FN:25,listener
FNF:2
FNH:1
FNDA:4,useMatchMedia
FNDA:0,listener
DA:1,1
DA:2,1
DA:3,1
DA:4,1
DA:5,1
DA:6,1
DA:7,1
DA:8,1
DA:9,1
DA:10,1
DA:11,1
DA:12,1
DA:13,4
DA:14,4
DA:15,4
DA:16,4
DA:17,4
DA:18,4
DA:19,4
DA:20,3
DA:21,1
DA:22,1
DA:23,2
DA:24,2
DA:25,2
DA:26,2
DA:27,2
DA:28,3
DA:29,1
DA:30,1
DA:31,2
DA:32,2
DA:33,2
DA:34,2
DA:35,2
DA:36,2
DA:37,4
DA:38,4
DA:39,4
DA:40,4
DA:41,0
DA:42,0
DA:43,4
DA:44,4
DA:45,4
DA:46,4
LF:46
LH:44
BRDA:12,0,0,4
BRDA:19,1,0,3
BRDA:20,2,0,1
BRDA:22,3,0,2
BRDA:28,4,0,1
BRDA:30,5,0,2
BRDA:34,6,0,2
BRDA:39,7,0,4
BRDA:40,8,0,1
BRDA:40,9,0,0
BRF:10
BRH:9
end_of_record
TN:
SF:src\components\effects\useNewScrollPosition.ts
FN:12,useNewScrollPosition
FNF:1
FNH:1
FNDA:22,useNewScrollPosition
DA:1,1
DA:2,1
DA:3,1
DA:4,1
DA:5,1
DA:6,1
DA:7,1
DA:8,1
DA:9,1
DA:10,1
DA:11,1
DA:12,1
DA:13,22
DA:14,22
DA:15,22
DA:16,22
DA:17,22
DA:18,22
DA:19,22
DA:20,22
DA:21,22
DA:22,12
DA:23,12
DA:24,12
DA:25,12
DA:26,12
DA:27,12
DA:28,6
DA:29,6
DA:30,6
DA:31,6
DA:32,6
DA:33,6
DA:34,6
DA:35,6
DA:36,6
DA:37,6
DA:38,6
DA:39,6
DA:40,6
DA:41,6
DA:42,6
DA:43,6
DA:44,6
DA:45,6
DA:46,6
DA:47,2
DA:48,1
DA:49,6
DA:50,6
DA:51,6
DA:52,6
DA:53,6
DA:54,6
DA:55,6
DA:56,6
DA:57,6
DA:58,6
DA:59,6
DA:60,6
DA:61,6
DA:62,6
DA:63,6
DA:64,6
DA:65,6
DA:66,6
DA:67,6
DA:68,6
DA:69,6
DA:70,6
DA:71,6
DA:72,6
DA:73,6
DA:74,2
DA:75,6
DA:76,2
DA:77,2
DA:78,6
DA:79,6
DA:80,12
DA:81,22
DA:82,22
DA:83,22
DA:84,22
DA:85,22
DA:86,22
DA:87,1
DA:88,1
LF:88
LH:88
BRDA:12,0,0,22
BRDA:21,1,0,12
BRDA:21,2,0,12
BRDA:27,3,0,6
BRDA:27,4,0,6
BRDA:27,5,0,6
BRDA:27,6,0,6
BRDA:33,7,0,4
BRDA:37,8,0,2
BRDA:38,9,0,2
BRDA:46,10,0,4
BRDA:46,11,0,2
BRDA:47,12,0,1
BRDA:47,13,0,1
BRDA:52,14,0,0
BRDA:61,15,0,4
BRDA:65,16,0,2
BRDA:66,17,0,2
BRDA:70,18,0,2
BRDA:73,19,0,4
BRDA:73,20,0,2
BRDA:75,21,0,4
BRDA:75,22,0,2
BRF:23
BRH:22
end_of_record
TN:
SF:src\components\icons\chev-left.tsx
FN:3,ChevronLeft
FNF:1
FNH:1
FNDA:4,ChevronLeft
DA:1,1
DA:2,1
DA:3,1
DA:4,4
DA:5,4
DA:6,4
DA:7,4
DA:8,4
DA:9,4
DA:10,4
DA:11,4
DA:12,4
DA:13,4
DA:14,4
DA:15,4
DA:16,4
DA:17,4
DA:18,1
DA:19,1
DA:20,1
LF:20
LH:20
BRDA:3,0,0,4
BRF:1
BRH:1
end_of_record
TN:
SF:src\components\icons\chev-right.tsx
FN:3,ChevronRightIcon
FNF:1
FNH:1
FNDA:7,ChevronRightIcon
DA:1,1
DA:2,1
DA:3,1
DA:4,7
DA:5,7
DA:6,7
DA:7,7
DA:8,7
DA:9,7
DA:10,7
DA:11,7
DA:12,7
DA:13,7
DA:14,7
DA:15,7
DA:16,7
DA:17,7
DA:18,1
DA:19,1
DA:20,1
LF:20
LH:20
BRDA:3,0,0,7
BRF:1
BRH:1
end_of_record
TN:
SF:src\components\icons\chevs-left.tsx
FN:3,ChevronLeft
FNF:1
FNH:1
FNDA:4,ChevronLeft
DA:1,1
DA:2,1
DA:3,1
DA:4,4
DA:5,4
DA:6,4
DA:7,4
DA:8,4
DA:9,4
DA:10,4
DA:11,4
DA:12,4
DA:13,4
DA:14,4
DA:15,4
DA:16,4
DA:17,4
DA:18,4
DA:19,1
DA:20,1
DA:21,1
LF:21
LH:21
BRDA:3,0,0,4
BRF:1
BRH:1
end_of_record
TN:
SF:src\components\icons\chevs-right.tsx
FN:3,ChevronRightIcon
FNF:1
FNH:1
FNDA:4,ChevronRightIcon
DA:1,1
DA:2,1
DA:3,1
DA:4,4
DA:5,4
DA:6,4
DA:7,4
DA:8,4
DA:9,4
DA:10,4
DA:11,4
DA:12,4
DA:13,4
DA:14,4
DA:15,4
DA:16,4
DA:17,4
DA:18,4
DA:19,1
DA:20,1
DA:21,1
LF:21
LH:21
BRDA:3,0,0,4
BRF:1
BRH:1
end_of_record
TN:
SF:src\components\icons\close.tsx
FN:3,SvgComponent
FNF:1
FNH:1
FNDA:6,SvgComponent
DA:1,1
DA:2,1
DA:3,6
DA:4,6
DA:5,6
DA:6,6
DA:7,6
DA:8,6
DA:9,6
DA:10,6
DA:11,6
DA:12,6
DA:13,6
DA:14,6
DA:15,6
DA:16,6
DA:17,6
DA:18,6
DA:19,6
DA:20,6
DA:21,1
DA:22,1
LF:22
LH:22
BRDA:3,0,0,6
BRF:1
BRH:1
end_of_record
TN:
SF:src\components\icons\index.tsx
FNF:0
FNH:0
DA:1,1
DA:2,1
DA:3,1
DA:4,1
DA:5,1
DA:6,1
DA:7,1
DA:8,1
DA:9,1
LF:9
LH:9
BRF:0
BRH:0
end_of_record
TN:
SF:src\components\icons\maximize.tsx
FN:2,SvgComponent
FNF:1
FNH:1
FNDA:2,SvgComponent
DA:1,1
DA:2,1
DA:3,2
DA:4,2
DA:5,2
DA:6,2
DA:7,2
DA:8,2
DA:9,2
DA:10,2
DA:11,2
DA:12,2
DA:13,2
DA:14,2
DA:15,1
DA:16,1
DA:17,1
LF:17
LH:17
BRDA:2,0,0,2
BRF:1
BRH:1
end_of_record
TN:
SF:src\components\icons\menu.tsx
FN:3,SvgComponent
FNF:1
FNH:1
FNDA:4,SvgComponent
DA:1,1
DA:2,1
DA:3,4
DA:4,4
DA:5,4
DA:6,4
DA:7,4
DA:8,4
DA:9,4
DA:10,4
DA:11,4
DA:12,4
DA:13,4
DA:14,4
DA:15,4
DA:16,4
DA:17,4
DA:18,4
DA:19,4
DA:20,4
DA:21,1
DA:22,1
LF:22
LH:22
BRDA:3,0,0,4
BRF:1
BRH:1
end_of_record
TN:
SF:src\components\icons\minimize.tsx
FN:2,SvgComponent
FNF:1
FNH:0
FNDA:0,SvgComponent
DA:1,1
DA:2,1
DA:3,0
DA:4,0
DA:5,0
DA:6,0
DA:7,0
DA:8,0
DA:9,0
DA:10,0
DA:11,0
DA:12,0
DA:13,0
DA:14,1
DA:15,1
DA:16,1
LF:16
LH:5
BRF:0
BRH:0
end_of_record
TN:
SF:src\components\icons\minus.tsx
FN:2,SvgComponent
FNF:1
FNH:1
FNDA:2,SvgComponent
DA:1,1
DA:2,1
DA:3,2
DA:4,2
DA:5,2
DA:6,2
DA:7,2
DA:8,2
DA:9,2
DA:10,2
DA:11,2
DA:12,2
DA:13,2
DA:14,1
DA:15,1
DA:16,1
LF:16
LH:16
BRDA:2,0,0,2
BRF:1
BRH:1
end_of_record
TN:
SF:src\components\icons\moon.tsx
FN:2,SvgComponent
FNF:1
FNH:1
FNDA:4,SvgComponent
DA:1,1
DA:2,1
DA:3,4
DA:4,4
DA:5,4
DA:6,4
DA:7,4
DA:8,4
DA:9,4
DA:10,4
DA:11,4
DA:12,4
DA:13,4
DA:14,1
DA:15,1
DA:16,1
LF:16
LH:16
BRDA:2,0,0,4
BRF:1
BRH:1
end_of_record
TN:
SF:src\components\icons\plus.tsx
FN:2,SvgComponent
FNF:1
FNH:0
FNDA:0,SvgComponent
DA:1,1
DA:2,1
DA:3,0
DA:4,0
DA:5,0
DA:6,0
DA:7,0
DA:8,0
DA:9,0
DA:10,0
DA:11,0
DA:12,0
DA:13,0
DA:14,1
DA:15,1
DA:16,1
LF:16
LH:5
BRF:0
BRH:0
end_of_record
TN:
SF:src\components\icons\replay-icon.tsx
FN:3,ReplayIcon
FNF:1
FNH:1
FNDA:1,ReplayIcon
DA:1,1
DA:2,1
DA:3,1
DA:4,1
DA:5,1
DA:6,1
DA:7,1
DA:8,1
DA:9,1
DA:10,1
DA:11,1
DA:12,1
DA:13,1
DA:14,1
DA:15,1
DA:16,1
DA:17,1
DA:18,1
DA:19,1
LF:19
LH:19
BRDA:3,0,0,1
BRF:1
BRH:1
end_of_record
TN:
SF:src\components\icons\stop.tsx
FN:2,SvgComponent
FNF:1
FNH:0
FNDA:0,SvgComponent
DA:1,1
DA:2,1
DA:3,0
DA:4,0
DA:5,0
DA:6,0
DA:7,0
DA:8,0
DA:9,0
DA:10,0
DA:11,0
DA:12,0
DA:13,0
DA:14,0
DA:15,1
DA:16,1
DA:17,1
LF:17
LH:5
BRF:0
BRH:0
end_of_record
TN:
SF:src\components\icons\sun.tsx
FN:2,SvgComponent
FNF:1
FNH:0
FNDA:0,SvgComponent
DA:1,1
DA:2,1
DA:3,0
DA:4,0
DA:5,0
DA:6,0
DA:7,0
DA:8,0
DA:9,0
DA:10,0
DA:11,0
DA:12,0
DA:13,0
DA:14,0
DA:15,0
DA:16,1
DA:17,1
DA:18,1
LF:18
LH:5
BRF:0
BRH:0
end_of_record
TN:
SF:src\components\timeline\timeline.style.ts
FN:23,Object.defineProperty.enumerable
FN:74,__vite_ssr_import_0__.default.div.$scrollable.$scrollable
FN:105,Object.defineProperty.enumerable
FNF:3
FNH:0
FNDA:0,Object.defineProperty.enumerable
FNDA:0,__vite_ssr_import_0__.default.div.$scrollable.$scrollable
FNDA:0,Object.defineProperty.enumerable
DA:1,1
DA:2,1
DA:3,1
DA:4,1
DA:5,1
DA:6,1
DA:7,1
DA:8,1
DA:9,1
DA:10,1
DA:11,1
DA:12,1
DA:13,1
DA:14,1
DA:15,1
DA:16,1
DA:17,1
DA:18,1
DA:19,1
DA:20,1
DA:21,1
DA:22,1
DA:23,1
DA:24,0
DA:25,0
DA:26,0
DA:27,0
DA:28,0
DA:29,0
DA:30,0
DA:31,0
DA:32,0
DA:33,0
DA:34,0
DA:35,0
DA:36,1
DA:37,1
DA:38,1
DA:39,0
DA:40,0
DA:41,0
DA:42,0
DA:43,0
DA:44,0
DA:45,0
DA:46,0
DA:47,0
DA:48,1
DA:49,1
DA:50,1
DA:51,1
DA:52,1
DA:53,1
DA:54,1
DA:55,1
DA:56,1
DA:57,1
DA:58,1
DA:59,1
DA:60,1
DA:61,1
DA:62,1
DA:63,1
DA:64,1
DA:65,1
DA:66,1
DA:67,1
DA:68,1
DA:69,1
DA:70,1
DA:71,1
DA:72,1
DA:73,1
DA:74,1
DA:75,1
DA:76,1
DA:77,1
DA:78,1
DA:79,1
DA:80,1
DA:81,1
DA:82,1
DA:83,1
DA:84,1
DA:85,1
DA:86,1
DA:87,1
DA:88,1
DA:89,1
DA:90,1
DA:91,1
DA:92,1
DA:93,1
DA:94,1
DA:95,1
DA:96,1
DA:97,1
DA:98,1
DA:99,1
DA:100,1
DA:101,1
DA:102,1
DA:103,1
DA:104,1
DA:105,1
DA:106,1
DA:107,1
DA:108,1
DA:109,1
DA:110,1
DA:111,1
DA:112,1
DA:113,1
DA:114,1
DA:115,1
DA:116,1
DA:117,1
DA:118,1
DA:119,1
DA:120,1
DA:121,1
DA:122,1
DA:123,1
DA:124,1
DA:125,0
DA:126,0
DA:127,0
DA:128,0
DA:129,0
DA:130,0
DA:131,1
DA:132,1
DA:133,1
DA:134,1
DA:135,1
DA:136,1
DA:137,1
DA:138,1
DA:139,1
DA:140,1
DA:141,1
DA:142,1
DA:143,1
DA:144,1
DA:145,1
DA:146,1
DA:147,1
DA:148,1
DA:149,1
LF:149
LH:122
BRF:0
BRH:0
end_of_record
TN:
SF:src\components\timeline\timeline.tsx
FN:30,Timeline
FNF:1
FNH:0
FNDA:0,Timeline
DA:1,1
DA:2,1
DA:3,1
DA:4,1
DA:5,1
DA:6,1
DA:7,1
DA:8,1
DA:9,1
DA:10,1
DA:11,1
DA:12,1
DA:13,1
DA:14,1
DA:15,1
DA:16,1
DA:17,1
DA:18,1
DA:19,1
DA:20,1
DA:21,1
DA:22,1
DA:23,1
DA:24,1
DA:25,1
DA:26,1
DA:27,1
DA:28,1
DA:29,1
DA:30,1
DA:31,0
DA:32,0
DA:33,0
DA:34,0
DA:35,0
DA:36,0
DA:37,0
DA:38,0
DA:39,0
DA:40,0
DA:41,0
DA:42,0
DA:43,0
DA:44,0
DA:45,0
DA:46,0
DA:47,0
DA:48,0
DA:49,0
DA:50,0
DA:51,0
DA:52,0
DA:53,0
DA:54,0
DA:55,0
DA:56,0
DA:57,0
DA:58,0
DA:59,0
DA:60,0
DA:61,0
DA:62,0
DA:63,0
DA:64,0
DA:65,0
DA:66,0
DA:67,0
DA:68,0
DA:69,0
DA:70,0
DA:71,0
DA:72,0
DA:73,0
DA:74,0
DA:75,0
DA:76,0
DA:77,0
DA:78,0
DA:79,0
DA:80,0
DA:81,0
DA:82,0
DA:83,0
DA:84,0
DA:85,0
DA:86,0
DA:87,0
DA:88,0
DA:89,0
DA:90,0
DA:91,0
DA:92,0
DA:93,0
DA:94,0
DA:95,0
DA:96,0
DA:97,0
DA:98,0
DA:99,0
DA:100,0
DA:101,0
DA:102,0
DA:103,0
DA:104,0
DA:105,0
DA:106,0
DA:107,0
DA:108,0
DA:109,0
DA:110,0
DA:111,0
DA:112,0
DA:113,0
DA:114,0
DA:115,0
DA:116,0
DA:117,0
DA:118,0
DA:119,0
DA:120,0
DA:121,0
DA:122,0
DA:123,0
DA:124,0
DA:125,0
DA:126,0
DA:127,0
DA:128,0
DA:129,0
DA:130,0
DA:131,0
DA:132,0
DA:133,0
DA:134,0
DA:135,0
DA:136,0
DA:137,0
DA:138,0
DA:139,0
DA:140,0
DA:141,0
DA:142,0
DA:143,0
DA:144,0
DA:145,0
DA:146,0
DA:147,0
DA:148,0
DA:149,0
DA:150,0
DA:151,0
DA:152,0
DA:153,0
DA:154,0
DA:155,0
DA:156,0
DA:157,0
DA:158,0
DA:159,0
DA:160,0
DA:161,0
DA:162,0
DA:163,0
DA:164,0
DA:165,0
DA:166,0
DA:167,0
DA:168,0
DA:169,0
DA:170,0
DA:171,0
DA:172,0
DA:173,0
DA:174,0
DA:175,0
DA:176,0
DA:177,0
DA:178,0
DA:179,0
DA:180,0
DA:181,0
DA:182,0
DA:183,0
DA:184,0
DA:185,0
DA:186,0
DA:187,0
DA:188,0
DA:189,0
DA:190,0
DA:191,0
DA:192,0
DA:193,0
DA:194,0
DA:195,0
DA:196,0
DA:197,0
DA:198,0
DA:199,0
DA:200,0
DA:201,0
DA:202,0
DA:203,0
DA:204,0
DA:205,0
DA:206,0
DA:207,0
DA:208,0
DA:209,0
DA:210,0
DA:211,0
DA:212,0
DA:213,0
DA:214,0
DA:215,0
DA:216,0
DA:217,0
DA:218,0
DA:219,0
DA:220,0
DA:221,0
DA:222,0
DA:223,0
DA:224,0
DA:225,0
DA:226,0
DA:227,0
DA:228,0
DA:229,0
DA:230,0
DA:231,0
DA:232,0
DA:233,0
DA:234,0
DA:235,0
DA:236,0
DA:237,0
DA:238,0
DA:239,0
DA:240,0
DA:241,0
DA:242,0
DA:243,0
DA:244,0
DA:245,0
DA:246,0
DA:247,0
DA:248,0
DA:249,0
DA:250,0
DA:251,0
DA:252,0
DA:253,0
DA:254,0
DA:255,0
DA:256,0
DA:257,0
DA:258,0
DA:259,0
DA:260,0
DA:261,0
DA:262,0
DA:263,0
DA:264,0
DA:265,0
DA:266,0
DA:267,0
DA:268,0
DA:269,0
DA:270,0
DA:271,0
DA:272,0
DA:273,0
DA:274,0
DA:275,0
DA:276,0
DA:277,0
DA:278,0
DA:279,0
DA:280,0
DA:281,0
DA:282,0
DA:283,0
DA:284,0
DA:285,0
DA:286,0
DA:287,0
DA:288,0
DA:289,0
DA:290,0
DA:291,0
DA:292,0
DA:293,0
DA:294,0
DA:295,0
DA:296,0
DA:297,0
DA:298,0
DA:299,0
DA:300,0
DA:301,0
DA:302,0
DA:303,0
DA:304,0
DA:305,0
DA:306,0
DA:307,0
DA:308,0
DA:309,0
DA:310,0
DA:311,0
DA:312,0
DA:313,0
DA:314,0
DA:315,0
DA:316,0
DA:317,0
DA:318,0
DA:319,0
DA:320,0
DA:321,0
DA:322,0
DA:323,0
DA:324,0
DA:325,0
DA:326,0
DA:327,0
DA:328,0
DA:329,0
DA:330,0
DA:331,0
DA:332,0
DA:333,0
DA:334,0
DA:335,0
DA:336,0
DA:337,0
DA:338,0
DA:339,0
DA:340,0
DA:341,0
DA:342,0
DA:343,0
DA:344,0
DA:345,0
DA:346,0
DA:347,0
DA:348,0
DA:349,0
DA:350,0
DA:351,0
DA:352,0
DA:353,0
DA:354,0
DA:355,0
DA:356,0
DA:357,0
DA:358,0
DA:359,0
DA:360,0
DA:361,0
DA:362,0
DA:363,0
DA:364,0
DA:365,0
DA:366,0
DA:367,0
DA:368,0
DA:369,0
DA:370,0
DA:371,0
DA:372,0
DA:373,0
DA:374,0
DA:375,0
DA:376,0
DA:377,0
DA:378,0
DA:379,0
DA:380,0
DA:381,0
DA:382,0
DA:383,0
DA:384,0
DA:385,0
DA:386,0
DA:387,0
DA:388,0
DA:389,0
DA:390,0
DA:391,0
DA:392,0
DA:393,0
DA:394,0
DA:395,0
DA:396,0
DA:397,0
DA:398,0
DA:399,0
DA:400,0
DA:401,0
DA:402,0
DA:403,0
DA:404,0
DA:405,0
DA:406,0
DA:407,0
DA:408,0
DA:409,0
DA:410,0
DA:411,0
DA:412,0
DA:413,0
DA:414,0
DA:415,0
DA:416,0
DA:417,0
DA:418,0
DA:419,0
DA:420,0
DA:421,0
DA:422,0
DA:423,0
DA:424,0
DA:425,0
DA:426,0
DA:427,0
DA:428,0
DA:429,0
DA:430,0
DA:431,0
DA:432,0
DA:433,0
DA:434,0
DA:435,0
DA:436,0
DA:437,0
DA:438,0
DA:439,0
DA:440,0
DA:441,0
DA:442,0
DA:443,0
DA:444,0
DA:445,0
DA:446,0
DA:447,0
DA:448,0
DA:449,0
DA:450,0
DA:451,0
DA:452,0
DA:453,0
DA:454,0
DA:455,0
DA:456,0
DA:457,0
DA:458,0
DA:459,0
DA:460,0
DA:461,0
DA:462,0
DA:463,0
DA:464,0
DA:465,0
DA:466,0
DA:467,0
DA:468,0
DA:469,0
DA:470,0
DA:471,1
DA:472,1
DA:473,1
DA:474,1
LF:474
LH:34
BRF:0
BRH:0
end_of_record
TN:
SF:src\components\timeline-elements\memoized\index.tsx
FN:23,TitleMemo
FN:86,onKeyDown
FN:113,onKeyDown
FNF:3
FNH:1
FNDA:23,TitleMemo
FNDA:0,onKeyDown
FNDA:0,onKeyDown
DA:1,1
DA:2,1
DA:3,1
DA:4,1
DA:5,1
DA:6,1
DA:7,1
DA:8,1
DA:9,1
DA:10,1
DA:11,1
DA:12,1
DA:13,1
DA:14,1
DA:15,1
DA:16,1
DA:17,1
DA:18,1
DA:19,1
DA:20,1
DA:21,1
DA:22,1
DA:23,1
DA:24,23
DA:25,23
DA:26,23
DA:27,23
DA:28,23
DA:29,23
DA:30,23
DA:31,23
DA:32,23
DA:33,23
DA:34,23
DA:35,16
DA:36,16
DA:37,16
DA:38,16
DA:39,16
DA:40,16
DA:41,16
DA:42,16
DA:43,16
DA:44,16
DA:45,3
DA:46,3
DA:47,3
DA:48,13
DA:49,13
DA:50,16
DA:51,16
DA:52,7
DA:53,23
DA:54,1
DA:55,1
DA:56,1
DA:57,1
DA:58,1
DA:59,21
DA:60,17
DA:61,17
DA:62,17
DA:63,17
DA:64,17
DA:65,17
DA:66,17
DA:67,17
DA:68,17
DA:69,17
DA:70,4
DA:71,1
DA:72,0
DA:73,1
DA:74,1
DA:75,1
DA:76,1
DA:77,1
DA:78,1
DA:79,2
DA:80,2
DA:81,2
DA:82,2
DA:83,2
DA:84,2
DA:85,2
DA:86,2
DA:87,2
DA:88,2
DA:89,2
DA:90,2
DA:91,2
DA:92,2
DA:93,2
DA:94,2
DA:95,0
DA:96,2
DA:97,1
DA:98,1
DA:99,1
DA:100,1
DA:101,1
DA:102,1
DA:103,1
DA:104,2
DA:105,2
DA:106,2
DA:107,2
DA:108,2
DA:109,2
DA:110,2
DA:111,2
DA:112,2
DA:113,2
DA:114,2
DA:115,2
DA:116,2
DA:117,2
DA:118,2
DA:119,0
DA:120,2
DA:121,1
DA:122,1
DA:123,1
DA:124,1
DA:125,1
DA:126,1
DA:127,17
DA:128,17
DA:129,17
DA:130,17
DA:131,17
DA:132,17
DA:133,17
DA:134,17
DA:135,17
DA:136,6
DA:137,3
DA:138,3
DA:139,17
DA:140,17
DA:141,17
DA:142,17
DA:143,17
DA:144,17
DA:145,17
DA:146,16
DA:147,17
DA:148,1
DA:149,1
DA:150,17
DA:151,17
DA:152,17
DA:153,3
DA:154,3
DA:155,3
DA:156,3
DA:157,3
DA:158,3
DA:159,3
DA:160,3
DA:161,3
DA:162,3
DA:163,14
DA:164,17
DA:165,1
DA:166,0
DA:167,0
DA:168,0
DA:169,0
DA:170,1
DA:171,1
DA:172,1
DA:173,1
DA:174,1
LF:174
LH:167
BRDA:23,0,0,23
BRDA:34,1,0,16
BRDA:36,2,0,7
BRDA:36,3,0,9
BRDA:44,4,0,3
BRDA:47,5,0,13
BRDA:51,6,0,7
BRDA:58,7,0,21
BRDA:59,8,0,17
BRDA:69,9,0,4
BRDA:78,10,0,2
BRDA:93,11,0,0
BRDA:94,12,0,0
BRDA:79,13,0,2
BRDA:80,14,0,0
BRDA:103,15,0,2
BRDA:117,16,0,0
BRDA:118,17,0,0
BRDA:104,18,0,2
BRDA:105,19,0,0
BRDA:126,20,0,17
BRDA:150,21,0,16
BRDA:152,22,0,3
BRDA:162,23,0,14
BRDA:135,24,0,6
BRDA:136,25,0,3
BRDA:143,26,0,17
BRDA:144,27,0,16
BRDA:144,28,0,1
BRDA:145,29,0,16
BRDA:147,30,0,1
BRF:31
BRH:25
end_of_record
TN:
SF:src\components\timeline-elements\timeline-card\timeline-horizontal-card.styles.ts
FN:44,ShapeBorderStyle
FN:57,Object.defineProperty.enumerable
FN:58,Object.defineProperty.enumerable
FN:59,Object.defineProperty.enumerable
FN:76,Object.defineProperty.enumerable
FN:86,Object.defineProperty.enumerable
FN:90,Object.defineProperty.enumerable
FN:91,Object.defineProperty.enumerable
FN:137,Object.defineProperty.enumerable
FNF:9
FNH:9
FNDA:18,ShapeBorderStyle
FNDA:9,Object.defineProperty.enumerable
FNDA:9,Object.defineProperty.enumerable
FNDA:9,Object.defineProperty.enumerable
FNDA:9,Object.defineProperty.enumerable
FNDA:9,Object.defineProperty.enumerable
FNDA:9,Object.defineProperty.enumerable
FNDA:9,Object.defineProperty.enumerable
FNDA:6,Object.defineProperty.enumerable
DA:1,1
DA:2,1
DA:3,1
DA:4,1
DA:5,1
DA:6,1
DA:7,1
DA:8,1
DA:9,1
DA:10,1
DA:11,1
DA:12,1
DA:13,1
DA:14,1
DA:15,1
DA:16,1
DA:17,1
DA:18,1
DA:19,1
DA:20,1
DA:21,1
DA:22,1
DA:23,1
DA:24,1
DA:25,1
DA:26,1
DA:27,1
DA:28,1
DA:29,1
DA:30,1
DA:31,1
DA:32,1
DA:33,1
DA:34,1
DA:35,1
DA:36,1
DA:37,1
DA:38,1
DA:39,1
DA:40,1
DA:41,1
DA:42,1
DA:43,1
DA:44,1
DA:45,18
DA:46,18
DA:47,18
DA:48,0
DA:49,0
DA:50,0
DA:51,0
DA:52,18
DA:53,1
DA:54,1
DA:55,1
DA:56,1
DA:57,1
DA:58,1
DA:59,1
DA:60,1
DA:61,1
DA:62,1
DA:63,1
DA:64,1
DA:65,1
DA:66,1
DA:67,1
DA:68,1
DA:69,1
DA:70,1
DA:71,1
DA:72,1
DA:73,1
DA:74,1
DA:75,1
DA:76,1
DA:77,1
DA:78,1
DA:79,1
DA:80,1
DA:81,1
DA:82,1
DA:83,1
DA:84,1
DA:85,1
DA:86,1
DA:87,1
DA:88,1
DA:89,1
DA:90,1
DA:91,1
DA:92,1
DA:93,1
DA:94,1
DA:95,1
DA:96,1
DA:97,1
DA:98,1
DA:99,1
DA:100,1
DA:101,1
DA:102,1
DA:103,1
DA:104,1
DA:105,1
DA:106,1
DA:107,1
DA:108,1
DA:109,1
DA:110,1
DA:111,1
DA:112,1
DA:113,1
DA:114,1
DA:115,1
DA:116,1
DA:117,1
DA:118,1
DA:119,1
DA:120,1
DA:121,1
DA:122,1
DA:123,1
DA:124,1
DA:125,1
DA:126,1
DA:127,1
DA:128,1
DA:129,1
DA:130,1
DA:131,1
DA:132,1
DA:133,1
DA:134,1
DA:135,1
DA:136,1
DA:137,1
DA:138,1
DA:139,1
DA:140,1
DA:141,1
DA:142,1
DA:143,1
DA:144,1
DA:145,1
DA:146,1
DA:147,1
DA:148,1
DA:149,1
DA:150,1
LF:150
LH:146
BRDA:44,0,0,18
BRDA:47,1,0,0
BRDA:57,2,0,9
BRDA:58,3,0,9
BRDA:59,4,0,9
BRDA:60,5,0,0
BRDA:67,6,0,9
BRDA:68,7,0,0
BRDA:75,8,0,9
BRDA:75,9,0,0
BRDA:76,10,0,9
BRDA:76,11,0,0
BRDA:86,12,0,9
BRDA:89,13,0,9
BRDA:90,14,0,9
BRDA:90,15,0,0
BRDA:91,16,0,9
BRDA:99,17,0,9
BRDA:137,18,0,6
BRDA:137,19,0,0
BRDA:137,20,0,0
BRDA:142,21,0,6
BRF:22
BRH:14
end_of_record
TN:
SF:src\components\timeline-elements\timeline-card\timeline-horizontal-card.tsx
FN:22,TimelineCard
FN:61,handleClick
FN:148,showTimelineContent
FNF:3
FNH:2
FNDA:6,TimelineCard
FNDA:0,handleClick
FNDA:6,showTimelineContent
DA:1,1
DA:2,1
DA:3,1
DA:4,1
DA:5,1
DA:6,1
DA:7,1
DA:8,1
DA:9,1
DA:10,1
DA:11,1
DA:12,1
DA:13,1
DA:14,1
DA:15,1
DA:16,1
DA:17,1
DA:18,1
DA:19,1
DA:20,1
DA:21,1
DA:22,1
DA:23,6
DA:24,6
DA:25,6
DA:26,6
DA:27,6
DA:28,6
DA:29,6
DA:30,6
DA:31,6
DA:32,6
DA:33,6
DA:34,6
DA:35,6
DA:36,6
DA:37,6
DA:38,6
DA:39,6
DA:40,6
DA:41,6
DA:42,6
DA:43,6
DA:44,6
DA:45,6
DA:46,6
DA:47,6
DA:48,6
DA:49,6
DA:50,6
DA:51,6
DA:52,6
DA:53,6
DA:54,6
DA:55,6
DA:56,6
DA:57,6
DA:58,6
DA:59,6
DA:60,6
DA:61,6
DA:62,0
DA:63,0
DA:64,0
DA:65,0
DA:66,6
DA:67,6
DA:68,6
DA:69,6
DA:70,6
DA:71,6
DA:72,6
DA:73,6
DA:74,6
DA:75,6
DA:76,6
DA:77,0
DA:78,0
DA:79,0
DA:80,6
DA:81,6
DA:82,6
DA:83,6
DA:84,6
DA:85,6
DA:86,6
DA:87,6
DA:88,6
DA:89,6
DA:90,6
DA:91,6
DA:92,6
DA:93,6
DA:94,6
DA:95,6
DA:96,6
DA:97,6
DA:98,6
DA:99,6
DA:100,6
DA:101,6
DA:102,6
DA:103,6
DA:104,6
DA:105,6
DA:106,6
DA:107,6
DA:108,6
DA:109,6
DA:110,6
DA:111,6
DA:112,6
DA:113,6
DA:114,6
DA:115,6
DA:116,6
DA:117,6
DA:118,6
DA:119,6
DA:120,6
DA:121,6
DA:122,6
DA:123,6
DA:124,6
DA:125,6
DA:126,6
DA:127,6
DA:128,6
DA:129,6
DA:130,6
DA:131,6
DA:132,6
DA:133,6
DA:134,6
DA:135,6
DA:136,6
DA:137,6
DA:138,6
DA:139,6
DA:140,6
DA:141,6
DA:142,6
DA:143,6
DA:144,6
DA:145,6
DA:146,6
DA:147,6
DA:148,6
DA:149,6
DA:150,6
DA:151,6
DA:152,6
DA:153,6
DA:154,6
DA:155,6
DA:156,6
DA:157,6
DA:158,6
DA:159,6
DA:160,6
DA:161,6
DA:162,6
DA:163,6
DA:164,6
DA:165,6
DA:166,6
DA:167,6
DA:168,6
DA:169,6
DA:170,6
DA:171,6
DA:172,6
DA:173,6
DA:174,6
DA:175,6
DA:176,6
DA:177,6
DA:178,6
DA:179,6
DA:180,6
DA:181,6
DA:182,6
DA:183,6
DA:184,6
DA:185,6
DA:186,6
DA:187,6
DA:188,6
DA:189,6
DA:190,6
DA:191,6
DA:192,6
DA:193,6
DA:194,1
DA:195,1
LF:195
LH:188
BRDA:22,0,0,6
BRDA:176,1,0,0
BRDA:67,2,0,6
BRDA:76,3,0,0
BRDA:86,4,0,6
BRDA:89,5,0,6
BRDA:93,6,0,0
BRDA:94,7,0,0
BRDA:99,8,0,6
BRDA:102,9,0,6
BRDA:107,10,0,0
BRDA:112,11,0,6
BRDA:148,12,0,6
BRDA:157,13,0,6
BRDA:157,14,0,0
BRF:15
BRH:9
end_of_record
TN:
SF:src\components\timeline-elements\timeline-card-content\card-animations.styles.ts
FNF:0
FNH:0
DA:1,1
DA:2,1
DA:3,1
DA:4,1
DA:5,1
DA:6,1
DA:7,1
DA:8,1
DA:9,1
DA:10,1
DA:11,1
DA:12,1
DA:13,1
DA:14,1
DA:15,1
DA:16,1
DA:17,1
DA:18,1
DA:19,1
DA:20,1
DA:21,1
DA:22,1
DA:23,1
DA:24,1
DA:25,1
DA:26,1
DA:27,1
DA:28,1
DA:29,1
DA:30,1
DA:31,1
DA:32,1
DA:33,1
DA:34,1
DA:35,1
DA:36,1
DA:37,1
DA:38,1
DA:39,1
DA:40,1
DA:41,1
DA:42,1
DA:43,1
DA:44,1
DA:45,1
LF:45
LH:45
BRF:0
BRH:0
end_of_record
TN:
SF:src\components\timeline-elements\timeline-card-content\content-footer.tsx
FN:37,ContentFooter
FN:63,handleClick
FN:79,onKeyUp
FNF:3
FNH:2
FNDA:13,ContentFooter
FNDA:1,handleClick
FNDA:0,onKeyUp
DA:1,1
DA:2,1
DA:3,1
DA:4,1
DA:5,1
DA:6,1
DA:7,1
DA:8,1
DA:9,1
DA:10,1
DA:11,1
DA:12,1
DA:13,1
DA:14,1
DA:15,1
DA:16,1
DA:17,1
DA:18,1
DA:19,1
DA:20,1
DA:21,1
DA:22,1
DA:23,1
DA:24,1
DA:25,1
DA:26,1
DA:27,1
DA:28,1
DA:29,1
DA:30,1
DA:31,1
DA:32,1
DA:33,1
DA:34,1
DA:35,1
DA:36,1
DA:37,1
DA:38,13
DA:39,13
DA:40,13
DA:41,13
DA:42,13
DA:43,13
DA:44,13
DA:45,13
DA:46,13
DA:47,13
DA:48,13
DA:49,13
DA:50,13
DA:51,13
DA:52,13
DA:53,13
DA:54,13
DA:55,13
DA:56,13
DA:57,13
DA:58,13
DA:59,13
DA:60,13
DA:61,13
DA:62,13
DA:63,13
DA:64,1
DA:65,1
DA:66,1
DA:67,1
DA:68,13
DA:69,13
DA:70,13
DA:71,13
DA:72,13
DA:73,13
DA:74,13
DA:75,13
DA:76,3
DA:77,3
DA:78,3
DA:79,3
DA:80,0
DA:81,0
DA:82,0
DA:83,0
DA:84,3
DA:85,3
DA:86,3
DA:87,3
DA:88,3
DA:89,3
DA:90,3
DA:91,3
DA:92,3
DA:93,10
DA:94,13
DA:95,13
DA:96,2
DA:97,2
DA:98,2
DA:99,2
DA:100,2
DA:101,2
DA:102,2
DA:103,2
DA:104,2
DA:105,13
DA:106,13
DA:107,13
DA:108,13
DA:109,13
DA:110,13
DA:111,13
DA:112,13
DA:113,13
DA:114,13
DA:115,13
DA:116,13
DA:117,1
DA:118,1
LF:118
LH:114
BRDA:37,0,0,13
BRDA:75,1,0,3
BRDA:84,2,0,0
BRDA:88,3,0,1
BRDA:88,4,0,2
BRDA:89,5,0,1
BRDA:89,6,0,2
BRDA:92,7,0,10
BRDA:95,8,0,2
BRDA:54,9,0,13
BRDA:58,10,0,26
BRDA:63,11,0,1
BRDA:69,12,0,13
BRDA:70,13,0,9
BRF:14
BRH:13
end_of_record
TN:
SF:src\components\timeline-elements\timeline-card-content\content-header.tsx
FNF:0
FNH:0
DA:1,1
DA:2,1
DA:3,1
DA:4,1
DA:5,1
DA:6,1
DA:7,1
DA:8,1
DA:9,1
DA:10,1
DA:11,1
DA:12,1
DA:13,1
DA:14,1
DA:15,1
DA:16,1
DA:17,1
DA:18,1
DA:19,1
DA:20,1
DA:21,9
DA:22,9
DA:23,9
DA:24,9
DA:25,9
DA:26,9
DA:27,9
DA:28,3
DA:29,3
DA:30,3
DA:31,3
DA:32,3
DA:33,3
DA:34,3
DA:35,9
DA:36,9
DA:37,9
DA:38,3
DA:39,3
DA:40,3
DA:41,3
DA:42,3
DA:43,3
DA:44,9
DA:45,9
DA:46,9
DA:47,9
DA:48,1
DA:49,1
DA:50,1
DA:51,1
DA:52,1
DA:53,1
LF:53
LH:53
BRDA:20,0,0,9
BRDA:27,1,0,3
BRDA:37,2,0,3
BRF:3
BRH:3
end_of_record
TN:
SF:src\components\timeline-elements\timeline-card-content\details-text.tsx
FNF:0
FNH:0
DA:1,1
DA:2,1
DA:3,1
DA:4,1
DA:5,1
DA:6,1
DA:7,1
DA:8,1
DA:9,1
DA:10,1
DA:11,1
DA:12,1
DA:13,1
DA:14,1
DA:15,1
DA:16,1
DA:17,1
DA:18,1
DA:19,1
DA:20,1
DA:21,8
DA:22,8
DA:23,8
DA:24,8
DA:25,8
DA:26,8
DA:27,8
DA:28,8
DA:29,8
DA:30,8
DA:31,8
DA:32,8
DA:33,8
DA:34,8
DA:35,8
DA:36,8
DA:37,8
DA:38,8
DA:39,8
DA:40,8
DA:41,8
DA:42,8
DA:43,8
DA:44,8
DA:45,8
DA:46,8
DA:47,8
DA:48,8
DA:49,8
DA:50,8
DA:51,8
DA:52,8
DA:53,8
DA:54,8
DA:55,8
DA:56,8
DA:57,8
DA:58,8
DA:59,8
DA:60,8
DA:61,8
DA:62,8
DA:63,8
DA:64,8
DA:65,8
DA:66,0
DA:67,8
DA:68,8
DA:69,8
DA:70,8
DA:71,8
DA:72,8
DA:73,8
DA:74,8
DA:75,8
DA:76,1
DA:77,1
DA:78,1
DA:79,1
DA:80,1
LF:80
LH:79
BRDA:20,0,0,8
BRDA:59,1,0,0
BRDA:65,2,0,0
BRF:3
BRH:1
end_of_record
TN:
SF:src\components\timeline-elements\timeline-card-content\text-or-content.tsx
FN:18,getTextOrContent
FNF:1
FNH:1
FNDA:16,getTextOrContent
DA:1,1
DA:2,1
DA:3,1
DA:4,1
DA:5,1
DA:6,1
DA:7,1
DA:8,1
DA:9,1
DA:10,1
DA:11,1
DA:12,1
DA:13,1
DA:14,1
DA:15,1
DA:16,1
DA:17,1
DA:18,1
DA:19,16
DA:20,16
DA:21,16
DA:22,16
DA:23,16
DA:24,16
DA:25,16
DA:26,8
DA:27,8
DA:28,8
DA:29,8
DA:30,8
DA:31,8
DA:32,0
DA:33,8
DA:34,8
DA:35,8
DA:36,0
DA:37,0
DA:38,0
DA:39,0
DA:40,0
DA:41,0
DA:42,0
DA:43,0
DA:44,0
DA:45,0
DA:46,8
DA:47,8
DA:48,8
DA:49,8
DA:50,8
DA:51,6
DA:52,6
DA:53,6
DA:54,6
DA:55,6
DA:56,6
DA:57,6
DA:58,2
DA:59,8
DA:60,8
DA:61,16
DA:62,16
DA:63,16
DA:64,16
DA:65,16
DA:66,16
DA:67,1
DA:68,1
LF:68
LH:57
BRDA:18,0,0,16
BRDA:25,1,0,8
BRDA:31,2,0,0
BRDA:35,3,0,0
BRDA:50,4,0,6
BRDA:52,5,0,0
BRDA:57,6,0,2
BRF:7
BRH:4
end_of_record
TN:
SF:src\components\timeline-elements\timeline-card-content\timeline-card-content.styles.ts
FN:33,__vite_ssr_import_0__.default.section.borderLessCards.borderLessCards
FN:37,Object.defineProperty.enumerable
FN:44,Object.defineProperty.enumerable
FN:45,Object.defineProperty.enumerable
FN:46,Object.defineProperty.enumerable
FN:52,Object.defineProperty.enumerable
FN:60,Object.defineProperty.enumerable
FN:63,Object.defineProperty.enumerable
FN:66,Object.defineProperty.enumerable
FN:122,Object.defineProperty.enumerable
FN:123,Object.defineProperty.enumerable
FN:137,Object.defineProperty.enumerable
FN:138,Object.defineProperty.enumerable
FN:143,Object.defineProperty.enumerable
FN:170,Object.defineProperty.enumerable
FN:194,__vite_ssr_import_0__.default.div.$cardHeight.$cardHeight
FN:198,__vite_ssr_import_0__.default.div.height.height
FN:210,__vite_ssr_import_0__.default.div.height.height
FN:213,__vite_ssr_import_0__.default.div.height.height
FN:217,Object.defineProperty.enumerable
FN:245,Object.defineProperty.enumerable
FN:246,Object.defineProperty.enumerable
FN:270,Object.defineProperty.enumerable
FN:287,slideAnimation
FN:303,Object.defineProperty.enumerable
FN:376,Object.defineProperty.enumerable
FNF:26
FNH:25
FNDA:8,__vite_ssr_import_0__.default.section.borderLessCards.borderLessCards
FNDA:8,Object.defineProperty.enumerable
FNDA:8,Object.defineProperty.enumerable
FNDA:8,Object.defineProperty.enumerable
FNDA:8,Object.defineProperty.enumerable
FNDA:8,Object.defineProperty.enumerable
FNDA:8,Object.defineProperty.enumerable
FNDA:8,Object.defineProperty.enumerable
FNDA:8,Object.defineProperty.enumerable
FNDA:17,Object.defineProperty.enumerable
FNDA:17,Object.defineProperty.enumerable
FNDA:16,Object.defineProperty.enumerable
FNDA:16,Object.defineProperty.enumerable
FNDA:16,Object.defineProperty.enumerable
FNDA:0,Object.defineProperty.enumerable
FNDA:8,__vite_ssr_import_0__.default.div.$cardHeight.$cardHeight
FNDA:8,__vite_ssr_import_0__.default.div.height.height
FNDA:8,__vite_ssr_import_0__.default.div.height.height
FNDA:8,__vite_ssr_import_0__.default.div.height.height
FNDA:8,Object.defineProperty.enumerable
FNDA:8,Object.defineProperty.enumerable
FNDA:8,Object.defineProperty.enumerable
FNDA:3,Object.defineProperty.enumerable
FNDA:1,slideAnimation
FNDA:2,Object.defineProperty.enumerable
FNDA:15,Object.defineProperty.enumerable
DA:1,1
DA:2,1
DA:3,1
DA:4,1
DA:5,1
DA:6,1
DA:7,1
DA:8,1
DA:9,1
DA:10,1
DA:11,1
DA:12,1
DA:13,1
DA:14,1
DA:15,1
DA:16,1
DA:17,1
DA:18,1
DA:19,1
DA:20,1
DA:21,1
DA:22,1
DA:23,1
DA:24,1
DA:25,1
DA:26,1
DA:27,1
DA:28,1
DA:29,1
DA:30,1
DA:31,1
DA:32,1
DA:33,1
DA:34,1
DA:35,1
DA:36,1
DA:37,1
DA:38,8
DA:39,8
DA:40,1
DA:41,1
DA:42,1
DA:43,1
DA:44,1
DA:45,1
DA:46,1
DA:47,1
DA:48,1
DA:49,1
DA:50,1
DA:51,1
DA:52,1
DA:53,8
DA:54,0
DA:55,0
DA:56,8
DA:57,8
DA:58,1
DA:59,1
DA:60,1
DA:61,1
DA:62,1
DA:63,1
DA:64,1
DA:65,1
DA:66,1
DA:67,8
DA:68,0
DA:69,0
DA:70,0
DA:71,0
DA:72,0
DA:73,0
DA:74,0
DA:75,0
DA:76,0
DA:77,0
DA:78,0
DA:79,0
DA:80,0
DA:81,0
DA:82,0
DA:83,0
DA:84,0
DA:85,0
DA:86,0
DA:87,0
DA:88,0
DA:89,0
DA:90,0
DA:91,0
DA:92,8
DA:93,1
DA:94,1
DA:95,8
DA:96,0
DA:97,0
DA:98,0
DA:99,0
DA:100,0
DA:101,0
DA:102,8
DA:103,8
DA:104,0
DA:105,0
DA:106,0
DA:107,0
DA:108,8
DA:109,1
DA:110,1
DA:111,1
DA:112,1
DA:113,1
DA:114,1
DA:115,1
DA:116,1
DA:117,1
DA:118,1
DA:119,1
DA:120,1
DA:121,1
DA:122,1
DA:123,1
DA:124,1
DA:125,1
DA:126,1
DA:127,1
DA:128,1
DA:129,1
DA:130,1
DA:131,1
DA:132,1
DA:133,1
DA:134,1
DA:135,1
DA:136,1
DA:137,1
DA:138,1
DA:139,1
DA:140,1
DA:141,1
DA:142,1
DA:143,1
DA:144,1
DA:145,1
DA:146,1
DA:147,1
DA:148,1
DA:149,1
DA:150,1
DA:151,1
DA:152,1
DA:153,1
DA:154,1
DA:155,1
DA:156,1
DA:157,1
DA:158,1
DA:159,1
DA:160,1
DA:161,1
DA:162,1
DA:163,1
DA:164,1
DA:165,1
DA:166,1
DA:167,1
DA:168,1
DA:169,1
DA:170,1
DA:171,1
DA:172,1
DA:173,1
DA:174,1
DA:175,1
DA:176,1
DA:177,1
DA:178,1
DA:179,1
DA:180,1
DA:181,1
DA:182,1
DA:183,1
DA:184,1
DA:185,1
DA:186,1
DA:187,1
DA:188,1
DA:189,1
DA:190,1
DA:191,1
DA:192,1
DA:193,1
DA:194,1
DA:195,8
DA:196,8
DA:197,1
DA:198,1
DA:199,8
DA:200,8
DA:201,8
DA:202,8
DA:203,8
DA:204,8
DA:205,8
DA:206,0
DA:207,1
DA:208,1
DA:209,1
DA:210,1
DA:211,1
DA:212,1
DA:213,1
DA:214,1
DA:215,1
DA:216,1
DA:217,1
DA:218,8
DA:219,8
DA:220,8
DA:221,8
DA:222,8
DA:223,8
DA:224,8
DA:225,0
DA:226,0
DA:227,0
DA:228,0
DA:229,0
DA:230,0
DA:231,0
DA:232,0
DA:233,0
DA:234,8
DA:235,1
DA:236,1
DA:237,1
DA:238,1
DA:239,1
DA:240,1
DA:241,1
DA:242,1
DA:243,1
DA:244,1
DA:245,1
DA:246,1
DA:247,1
DA:248,1
DA:249,1
DA:250,1
DA:251,1
DA:252,1
DA:253,1
DA:254,1
DA:255,1
DA:256,1
DA:257,1
DA:258,1
DA:259,1
DA:260,1
DA:261,1
DA:262,1
DA:263,1
DA:264,1
DA:265,1
DA:266,1
DA:267,1
DA:268,1
DA:269,1
DA:270,1
DA:271,1
DA:272,1
DA:273,1
DA:274,1
DA:275,1
DA:276,1
DA:277,1
DA:278,1
DA:279,1
DA:280,1
DA:281,1
DA:282,1
DA:283,1
DA:284,1
DA:285,1
DA:286,1
DA:287,1
DA:288,1
DA:289,1
DA:290,1
DA:291,1
DA:292,1
DA:293,1
DA:294,1
DA:295,1
DA:296,1
DA:297,1
DA:298,1
DA:299,1
DA:300,1
DA:301,1
DA:302,1
DA:303,1
DA:304,1
DA:305,1
DA:306,1
DA:307,1
DA:308,1
DA:309,1
DA:310,1
DA:311,1
DA:312,1
DA:313,2
DA:314,1
DA:315,1
DA:316,1
DA:317,1
DA:318,1
DA:319,2
DA:320,1
DA:321,1
DA:322,2
DA:323,1
DA:324,1
DA:325,1
DA:326,1
DA:327,1
DA:328,1
DA:329,1
DA:330,1
DA:331,1
DA:332,1
DA:333,2
DA:334,1
DA:335,1
DA:336,1
DA:337,1
DA:338,1
DA:339,1
DA:340,1
DA:341,1
DA:342,1
DA:343,1
DA:344,1
DA:345,1
DA:346,1
DA:347,1
DA:348,1
DA:349,1
DA:350,1
DA:351,1
DA:352,3
DA:353,2
DA:354,1
DA:355,1
DA:356,1
DA:357,1
DA:358,1
DA:359,1
DA:360,1
DA:361,1
DA:362,1
DA:363,1
DA:364,1
DA:365,1
DA:366,1
DA:367,1
DA:368,1
DA:369,1
DA:370,1
DA:371,1
DA:372,1
DA:373,1
DA:374,1
DA:375,1
DA:376,1
DA:377,1
DA:378,1
DA:379,1
DA:380,1
DA:381,1
DA:382,1
DA:383,1
DA:384,1
DA:385,1
DA:386,1
DA:387,1
DA:388,1
LF:388
LH:342
BRDA:33,0,0,8
BRDA:37,1,0,8
BRDA:39,2,0,0
BRDA:44,3,0,8
BRDA:44,4,0,0
BRDA:45,5,0,8
BRDA:46,6,0,8
BRDA:52,7,0,8
BRDA:53,8,0,0
BRDA:60,9,0,8
BRDA:60,10,0,0
BRDA:63,11,0,8
BRDA:66,12,0,8
BRDA:67,13,0,0
BRDA:67,14,0,0
BRDA:94,15,0,8
BRDA:95,16,0,0
BRDA:95,17,0,0
BRDA:103,18,0,0
BRDA:103,19,0,0
BRDA:122,20,0,17
BRDA:123,21,0,17
BRDA:128,22,0,17
BRDA:128,23,0,13
BRDA:128,24,0,4
BRDA:137,25,0,16
BRDA:138,26,0,16
BRDA:143,27,0,16
BRDA:143,28,0,2
BRDA:143,29,0,14
BRDA:144,30,0,16
BRDA:161,31,0,6
BRDA:194,32,0,8
BRDA:196,33,0,0
BRDA:198,34,0,8
BRDA:205,35,0,0
BRDA:205,36,0,0
BRDA:210,37,0,8
BRDA:213,38,0,8
BRDA:214,39,0,0
BRDA:217,40,0,8
BRDA:224,41,0,0
BRDA:224,42,0,0
BRDA:224,43,0,0
BRDA:245,44,0,8
BRDA:246,45,0,8
BRDA:258,46,0,8
BRDA:270,47,0,3
BRDA:270,48,0,0
BRDA:278,49,0,3
BRDA:287,50,0,1
BRDA:303,51,0,2
BRDA:312,52,0,2
BRDA:313,53,0,1
BRDA:321,54,0,2
BRDA:322,55,0,1
BRDA:322,56,0,1
BRDA:322,57,0,1
BRDA:351,58,0,3
BRDA:352,59,0,2
BRDA:353,60,0,1
BRDA:376,61,0,15
BRDA:386,62,0,15
BRDA:387,63,0,0
BRF:64
BRH:45
end_of_record
TN:
SF:src\components\timeline-elements\timeline-card-content\timeline-card-content.tsx
FN:337,onPointerDown
FNF:1
FNH:0
FNDA:0,onPointerDown
DA:1,1
DA:2,1
DA:3,1
DA:4,1
DA:5,1
DA:6,1
DA:7,1
DA:8,1
DA:9,1
DA:10,1
DA:11,1
DA:12,1
DA:13,1
DA:14,1
DA:15,1
DA:16,1
DA:17,1
DA:18,1
DA:19,1
DA:20,1
DA:21,1
DA:22,1
DA:23,1
DA:24,1
DA:25,20
DA:26,20
DA:27,20
DA:28,20
DA:29,20
DA:30,20
DA:31,20
DA:32,20
DA:33,20
DA:34,20
DA:35,20
DA:36,20
DA:37,20
DA:38,20
DA:39,20
DA:40,20
DA:41,20
DA:42,20
DA:43,20
DA:44,20
DA:45,20
DA:46,20
DA:47,20
DA:48,20
DA:49,20
DA:50,20
DA:51,20
DA:52,20
DA:53,20
DA:54,20
DA:55,20
DA:56,20
DA:57,20
DA:58,20
DA:59,20
DA:60,20
DA:61,20
DA:62,20
DA:63,20
DA:64,20
DA:65,20
DA:66,20
DA:67,20
DA:68,20
DA:69,20
DA:70,20
DA:71,20
DA:72,20
DA:73,20
DA:74,20
DA:75,20
DA:76,20
DA:77,20
DA:78,20
DA:79,20
DA:80,20
DA:81,20
DA:82,20
DA:83,20
DA:84,20
DA:85,8
DA:86,20
DA:87,20
DA:88,20
DA:89,20
DA:90,20
DA:91,20
DA:92,8
DA:93,20
DA:94,20
DA:95,20
DA:96,8
DA:97,8
DA:98,8
DA:99,8
DA:100,8
DA:101,20
DA:102,20
DA:103,20
DA:104,8
DA:105,6
DA:106,6
DA:107,20
DA:108,20
DA:109,20
DA:110,20
DA:111,16
DA:112,8
DA:113,8
DA:114,8
DA:115,16
DA:116,0
DA:117,0
DA:118,8
DA:119,8
DA:120,8
DA:121,8
DA:122,8
DA:123,8
DA:124,16
DA:125,20
DA:126,20
DA:127,20
DA:128,20
DA:129,0
DA:130,0
DA:131,0
DA:132,0
DA:133,0
DA:134,0
DA:135,0
DA:136,0
DA:137,0
DA:138,0
DA:139,0
DA:140,0
DA:141,0
DA:142,0
DA:143,0
DA:144,0
DA:145,0
DA:146,0
DA:147,20
DA:148,20
DA:149,20
DA:150,8
DA:151,0
DA:152,0
DA:153,20
DA:154,20
DA:155,20
DA:156,20
DA:157,0
DA:158,0
DA:159,0
DA:160,0
DA:161,0
DA:162,0
DA:163,0
DA:164,0
DA:165,0
DA:166,0
DA:167,0
DA:168,0
DA:169,0
DA:170,20
DA:171,20
DA:172,20
DA:173,20
DA:174,0
DA:175,0
DA:176,0
DA:177,0
DA:178,0
DA:179,0
DA:180,0
DA:181,0
DA:182,0
DA:183,0
DA:184,0
DA:185,0
DA:186,0
DA:187,20
DA:188,20
DA:189,20
DA:190,8
DA:191,0
DA:192,0
DA:193,8
DA:194,8
DA:195,0
DA:196,0
DA:197,0
DA:198,8
DA:199,8
DA:200,8
DA:201,0
DA:202,0
DA:203,8
DA:204,8
DA:205,8
DA:206,8
DA:207,20
DA:208,20
DA:209,20
DA:210,8
DA:211,0
DA:212,0
DA:213,20
DA:214,20
DA:215,20
DA:216,8
DA:217,0
DA:218,0
DA:219,20
DA:220,20
DA:221,20
DA:222,8
DA:223,20
DA:224,20
DA:225,20
DA:226,20
DA:227,20
DA:228,20
DA:229,8
DA:230,20
DA:231,20
DA:232,20
DA:233,20
DA:234,20
DA:235,20
DA:236,20
DA:237,20
DA:238,0
DA:239,0
DA:240,0
DA:241,0
DA:242,0
DA:243,0
DA:244,0
DA:245,0
DA:246,0
DA:247,0
DA:248,0
DA:249,20
DA:250,20
DA:251,20
DA:252,20
DA:253,20
DA:254,8
DA:255,8
DA:256,8
DA:257,8
DA:258,20
DA:259,20
DA:260,20
DA:261,20
DA:262,20
DA:263,8
DA:264,8
DA:265,8
DA:266,0
DA:267,8
DA:268,8
DA:269,20
DA:270,20
DA:271,20
DA:272,20
DA:273,20
DA:274,20
DA:275,20
DA:276,20
DA:277,20
DA:278,20
DA:279,8
DA:280,0
DA:281,8
DA:282,8
DA:283,8
DA:284,0
DA:285,0
DA:286,20
DA:287,20
DA:288,20
DA:289,0
DA:290,0
DA:291,0
DA:292,0
DA:293,20
DA:294,20
DA:295,20
DA:296,8
DA:297,0
DA:298,0
DA:299,0
DA:300,0
DA:301,0
DA:302,0
DA:303,8
DA:304,20
DA:305,20
DA:306,20
DA:307,20
DA:308,20
DA:309,20
DA:310,20
DA:311,20
DA:312,8
DA:313,8
DA:314,0
DA:315,8
DA:316,0
DA:317,8
DA:318,20
DA:319,20
DA:320,20
DA:321,20
DA:322,8
DA:323,20
DA:324,20
DA:325,20
DA:326,8
DA:327,8
DA:328,8
DA:329,8
DA:330,8
DA:331,8
DA:332,20
DA:333,20
DA:334,20
DA:335,8
DA:336,8
DA:337,8
DA:338,0
DA:339,0
DA:340,0
DA:341,0
DA:342,0
DA:343,0
DA:344,0
DA:345,0
DA:346,0
DA:347,0
DA:348,8
DA:349,8
DA:350,8
DA:351,8
DA:352,20
DA:353,20
DA:354,20
DA:355,20
DA:356,20
DA:357,20
DA:358,20
DA:359,20
DA:360,20
DA:361,20
DA:362,20
DA:363,20
DA:364,20
DA:365,20
DA:366,20
DA:367,20
DA:368,20
DA:369,20
DA:370,20
DA:371,20
DA:372,20
DA:373,20
DA:374,18
DA:375,18
DA:376,18
DA:377,18
DA:378,18
DA:379,18
DA:380,18
DA:381,2
DA:382,20
DA:383,20
DA:384,20
DA:385,20
DA:386,20
DA:387,20
DA:388,20
DA:389,20
DA:390,20
DA:391,20
DA:392,20
DA:393,20
DA:394,20
DA:395,20
DA:396,20
DA:397,20
DA:398,20
DA:399,20
DA:400,20
DA:401,20
DA:402,20
DA:403,20
DA:404,20
DA:405,20
DA:406,20
DA:407,20
DA:408,20
DA:409,20
DA:410,20
DA:411,20
DA:412,20
DA:413,20
DA:414,20
DA:415,20
DA:416,20
DA:417,20
DA:418,20
DA:419,20
DA:420,0
DA:421,0
DA:422,0
DA:423,0
DA:424,0
DA:425,0
DA:426,0
DA:427,0
DA:428,0
DA:429,20
DA:430,20
DA:431,20
DA:432,20
DA:433,20
DA:434,20
DA:435,20
DA:436,20
DA:437,20
DA:438,20
DA:439,20
DA:440,20
DA:441,20
DA:442,20
DA:443,20
DA:444,20
DA:445,20
DA:446,20
DA:447,20
DA:448,20
DA:449,20
DA:450,20
DA:451,20
DA:452,1
DA:453,1
DA:454,1
DA:455,1
DA:456,1
LF:456
LH:351
BRDA:24,0,0,20
BRDA:323,1,0,0
BRDA:363,2,0,0
BRDA:373,3,0,18
BRDA:373,4,0,18
BRDA:380,5,0,2
BRDA:419,6,0,0
BRDA:431,7,0,0
BRDA:84,8,0,8
BRDA:85,9,0,6
BRDA:85,10,0,0
BRDA:91,11,0,8
BRDA:95,12,0,8
BRDA:103,13,0,8
BRDA:104,14,0,6
BRDA:110,15,0,16
BRDA:111,16,0,8
BRDA:115,17,0,0
BRDA:117,18,0,8
BRDA:149,19,0,8
BRDA:150,20,0,0
BRDA:150,21,0,0
BRDA:189,22,0,8
BRDA:190,23,0,0
BRDA:194,24,0,6
BRDA:194,25,0,0
BRDA:200,26,0,6
BRDA:200,27,0,0
BRDA:209,28,0,8
BRDA:210,29,0,0
BRDA:210,30,0,0
BRDA:215,31,0,8
BRDA:216,32,0,0
BRDA:221,33,0,8
BRDA:228,34,0,8
BRDA:229,35,0,6
BRDA:253,36,0,8
BRDA:255,37,0,6
BRDA:255,38,0,2
BRDA:262,39,0,8
BRDA:265,40,0,0
BRDA:278,41,0,8
BRDA:279,42,0,0
BRDA:279,43,0,0
BRDA:283,44,0,0
BRDA:295,45,0,8
BRDA:296,46,0,0
BRDA:311,47,0,8
BRDA:313,48,0,0
BRDA:315,49,0,0
BRDA:321,50,0,8
BRDA:322,51,0,0
BRDA:325,52,0,8
BRDA:334,53,0,8
BRF:54
BRH:32
end_of_record
TN:
SF:src\components\timeline-elements\timeline-card-media\timeline-card-media-buttons.tsx
FNF:0
FNH:0
DA:1,1
DA:2,1
DA:3,1
DA:4,1
DA:5,1
DA:6,1
DA:7,1
DA:8,1
DA:9,1
DA:10,1
DA:11,1
DA:12,1
DA:13,1
DA:14,1
DA:15,1
DA:16,1
DA:17,1
DA:18,1
DA:19,1
DA:20,1
DA:21,1
DA:22,1
DA:23,1
DA:24,1
DA:25,1
DA:26,1
DA:27,1
DA:28,1
DA:29,1
DA:30,1
DA:31,1
DA:32,1
DA:33,1
DA:34,1
DA:35,1
DA:36,1
DA:37,1
DA:38,1
DA:39,1
DA:40,1
DA:41,1
DA:42,1
DA:43,1
DA:44,1
DA:45,1
DA:46,1
DA:47,1
DA:48,1
LF:48
LH:48
BRDA:17,0,0,4
BRF:1
BRH:1
end_of_record
TN:
SF:src\components\timeline-elements\timeline-card-media\timeline-card-media.styles.ts
FN:34,Object.defineProperty.enumerable
FN:37,Object.defineProperty.enumerable
FN:39,Object.defineProperty.enumerable
FN:41,Object.defineProperty.enumerable
FN:44,Object.defineProperty.enumerable
FN:77,Object.defineProperty.enumerable
FN:79,Object.defineProperty.enumerable
FN:105,__vite_ssr_import_0__.default.div.$borderLessCard.$borderLessCard
FN:117,__vite_ssr_import_0__.default.div.$borderLessCard.$borderLessCard
FN:142,__vite_ssr_import_0__.default.div.$borderLessCard.$borderLessCard
FN:143,__vite_ssr_import_0__.default.div.$borderLessCard.$borderLessCard
FN:159,Object.defineProperty.enumerable
FN:163,Object.defineProperty.enumerable
FN:192,Object.defineProperty.enumerable
FN:193,Object.defineProperty.enumerable
FN:203,Object.defineProperty.enumerable
FN:215,Object.defineProperty.enumerable
FNF:17
FNH:17
FNDA:16,Object.defineProperty.enumerable
FNDA:16,Object.defineProperty.enumerable
FNDA:16,Object.defineProperty.enumerable
FNDA:16,Object.defineProperty.enumerable
FNDA:16,Object.defineProperty.enumerable
FNDA:14,Object.defineProperty.enumerable
FNDA:14,Object.defineProperty.enumerable
FNDA:16,__vite_ssr_import_0__.default.div.$borderLessCard.$borderLessCard
FNDA:16,__vite_ssr_import_0__.default.div.$borderLessCard.$borderLessCard
FNDA:16,__vite_ssr_import_0__.default.div.$borderLessCard.$borderLessCard
FNDA:16,__vite_ssr_import_0__.default.div.$borderLessCard.$borderLessCard
FNDA:16,Object.defineProperty.enumerable
FNDA:16,Object.defineProperty.enumerable
FNDA:3,Object.defineProperty.enumerable
FNDA:3,Object.defineProperty.enumerable
FNDA:3,Object.defineProperty.enumerable
FNDA:3,Object.defineProperty.enumerable
DA:1,1
DA:2,1
DA:3,1
DA:4,1
DA:5,1
DA:6,1
DA:7,1
DA:8,1
DA:9,1
DA:10,1
DA:11,1
DA:12,1
DA:13,1
DA:14,1
DA:15,1
DA:16,1
DA:17,1
DA:18,1
DA:19,1
DA:20,1
DA:21,1
DA:22,1
DA:23,1
DA:24,1
DA:25,1
DA:26,1
DA:27,1
DA:28,1
DA:29,1
DA:30,1
DA:31,1
DA:32,1
DA:33,1
DA:34,1
DA:35,1
DA:36,1
DA:37,1
DA:38,1
DA:39,1
DA:40,1
DA:41,1
DA:42,1
DA:43,1
DA:44,1
DA:45,1
DA:46,16
DA:47,1
DA:48,1
DA:49,1
DA:50,16
DA:51,15
DA:52,0
DA:53,0
DA:54,0
DA:55,15
DA:56,15
DA:57,15
DA:58,15
DA:59,15
DA:60,15
DA:61,16
DA:62,1
DA:63,1
DA:64,1
DA:65,1
DA:66,1
DA:67,1
DA:68,1
DA:69,1
DA:70,1
DA:71,1
DA:72,1
DA:73,1
DA:74,1
DA:75,1
DA:76,1
DA:77,1
DA:78,1
DA:79,1
DA:80,1
DA:81,1
DA:82,1
DA:83,1
DA:84,1
DA:85,1
DA:86,1
DA:87,1
DA:88,1
DA:89,1
DA:90,1
DA:91,1
DA:92,1
DA:93,1
DA:94,1
DA:95,1
DA:96,1
DA:97,1
DA:98,1
DA:99,1
DA:100,1
DA:101,1
DA:102,1
DA:103,1
DA:104,1
DA:105,1
DA:106,16
DA:107,16
DA:108,16
DA:109,16
DA:110,16
DA:111,16
DA:112,16
DA:113,1
DA:114,1
DA:115,1
DA:116,1
DA:117,1
DA:118,16
DA:119,0
DA:120,0
DA:121,0
DA:122,0
DA:123,0
DA:124,0
DA:125,16
DA:126,16
DA:127,0
DA:128,0
DA:129,0
DA:130,0
DA:131,0
DA:132,0
DA:133,16
DA:134,16
DA:135,2
DA:136,2
DA:137,2
DA:138,2
DA:139,2
DA:140,2
DA:141,16
DA:142,1
DA:143,1
DA:144,16
DA:145,2
DA:146,2
DA:147,2
DA:148,2
DA:149,2
DA:150,2
DA:151,2
DA:152,2
DA:153,2
DA:154,2
DA:155,14
DA:156,14
DA:157,1
DA:158,1
DA:159,1
DA:160,16
DA:161,0
DA:162,1
DA:163,1
DA:164,1
DA:165,1
DA:166,1
DA:167,1
DA:168,1
DA:169,1
DA:170,1
DA:171,1
DA:172,1
DA:173,1
DA:174,1
DA:175,1
DA:176,1
DA:177,1
DA:178,1
DA:179,1
DA:180,1
DA:181,1
DA:182,1
DA:183,1
DA:184,1
DA:185,1
DA:186,1
DA:187,1
DA:188,1
DA:189,1
DA:190,1
DA:191,1
DA:192,1
DA:193,1
DA:194,1
DA:195,1
DA:196,1
DA:197,1
DA:198,1
DA:199,1
DA:200,1
DA:201,1
DA:202,1
DA:203,1
DA:204,3
DA:205,1
DA:206,1
DA:207,1
DA:208,3
DA:209,2
DA:210,2
DA:211,2
DA:212,2
DA:213,3
DA:214,1
DA:215,1
DA:216,3
DA:217,3
DA:218,0
DA:219,0
DA:220,1
DA:221,1
DA:222,1
DA:223,1
DA:224,1
DA:225,1
DA:226,1
DA:227,1
DA:228,1
DA:229,1
DA:230,1
DA:231,1
DA:232,1
DA:233,1
DA:234,1
DA:235,1
DA:236,1
DA:237,1
DA:238,1
LF:238
LH:220
BRDA:34,0,0,16
BRDA:34,1,0,14
BRDA:34,2,0,2
BRDA:37,3,0,16
BRDA:37,4,0,2
BRDA:37,5,0,14
BRDA:39,6,0,16
BRDA:39,7,0,9
BRDA:39,8,0,0
BRDA:41,9,0,16
BRDA:44,10,0,16
BRDA:44,11,0,14
BRDA:44,12,0,2
BRDA:45,13,0,16
BRDA:46,14,0,1
BRDA:50,15,0,15
BRDA:51,16,0,0
BRDA:77,17,0,14
BRDA:79,18,0,14
BRDA:79,19,0,0
BRDA:80,20,0,14
BRDA:80,21,0,0
BRDA:105,22,0,16
BRDA:107,23,0,1
BRDA:108,24,0,1
BRDA:117,25,0,16
BRDA:118,26,0,2
BRDA:118,27,0,0
BRDA:126,28,0,0
BRDA:134,29,0,2
BRDA:134,30,0,2
BRDA:142,31,0,16
BRDA:142,32,0,2
BRDA:142,33,0,14
BRDA:143,34,0,16
BRDA:144,35,0,2
BRDA:147,36,0,0
BRDA:150,37,0,0
BRDA:154,38,0,0
BRDA:154,39,0,14
BRDA:159,40,0,16
BRDA:160,41,0,0
BRDA:163,42,0,16
BRDA:164,43,0,16
BRDA:164,44,0,2
BRDA:164,45,0,14
BRDA:192,46,0,3
BRDA:193,47,0,3
BRDA:203,48,0,3
BRDA:204,49,0,1
BRDA:208,50,0,2
BRDA:215,51,0,3
BRDA:217,52,0,0
BRDA:223,53,0,3
BRDA:223,54,0,2
BRF:55
BRH:44
end_of_record
TN:
SF:src\components\timeline-elements\timeline-card-media\timeline-card-media.tsx
FN:42,CardMedia
FN:157,onPlay
FN:164,onPause
FN:171,onEnded
FNF:4
FNH:1
FNDA:16,CardMedia
FNDA:0,onPlay
FNDA:0,onPause
FNDA:0,onEnded
DA:1,1
DA:2,1
DA:3,1
DA:4,1
DA:5,1
DA:6,1
DA:7,1
DA:8,1
DA:9,1
DA:10,1
DA:11,1
DA:12,1
DA:13,1
DA:14,1
DA:15,1
DA:16,1
DA:17,1
DA:18,1
DA:19,1
DA:20,1
DA:21,1
DA:22,1
DA:23,1
DA:24,1
DA:25,1
DA:26,1
DA:27,1
DA:28,1
DA:29,1
DA:30,1
DA:31,1
DA:32,1
DA:33,1
DA:34,1
DA:35,1
DA:36,1
DA:37,1
DA:38,1
DA:39,1
DA:40,1
DA:41,1
DA:42,1
DA:43,16
DA:44,16
DA:45,16
DA:46,16
DA:47,16
DA:48,16
DA:49,16
DA:50,16
DA:51,16
DA:52,16
DA:53,16
DA:54,16
DA:55,16
DA:56,16
DA:57,16
DA:58,16
DA:59,16
DA:60,16
DA:61,16
DA:62,16
DA:63,16
DA:64,16
DA:65,16
DA:66,16
DA:67,16
DA:68,16
DA:69,16
DA:70,16
DA:71,16
DA:72,16
DA:73,16
DA:74,16
DA:75,16
DA:76,16
DA:77,16
DA:78,16
DA:79,16
DA:80,16
DA:81,16
DA:82,0
DA:83,0
DA:84,16
DA:85,16
DA:86,7
DA:87,7
DA:88,16
DA:89,9
DA:90,9
DA:91,9
DA:92,16
DA:93,16
DA:94,16
DA:95,16
DA:96,0
DA:97,16
DA:98,16
DA:99,16
DA:100,16
DA:101,0
DA:102,0
DA:103,0
DA:104,0
DA:105,0
DA:106,0
DA:107,0
DA:108,0
DA:109,16
DA:110,16
DA:111,16
DA:112,16
DA:113,16
DA:114,16
DA:115,16
DA:116,16
DA:117,16
DA:118,16
DA:119,16
DA:120,16
DA:121,16
DA:122,16
DA:123,16
DA:124,16
DA:125,16
DA:126,16
DA:127,16
DA:128,16
DA:129,16
DA:130,16
DA:131,16
DA:132,16
DA:133,16
DA:134,16
DA:135,16
DA:136,16
DA:137,16
DA:138,16
DA:139,16
DA:140,16
DA:141,16
DA:142,16
DA:143,16
DA:144,16
DA:145,16
DA:146,16
DA:147,16
DA:148,16
DA:149,16
DA:150,16
DA:151,16
DA:152,16
DA:153,16
DA:154,16
DA:155,16
DA:156,16
DA:157,16
DA:158,0
DA:159,0
DA:160,0
DA:161,0
DA:162,0
DA:163,16
DA:164,16
DA:165,0
DA:166,0
DA:167,0
DA:168,0
DA:169,0
DA:170,16
DA:171,16
DA:172,0
DA:173,0
DA:174,0
DA:175,0
DA:176,0
DA:177,16
DA:178,16
DA:179,16
DA:180,16
DA:181,16
DA:182,16
DA:183,16
DA:184,16
DA:185,16
DA:186,16
DA:187,16
DA:188,16
DA:189,16
DA:190,16
DA:191,16
DA:192,16
DA:193,16
DA:194,16
DA:195,16
DA:196,16
DA:197,16
DA:198,16
DA:199,16
DA:200,16
DA:201,16
DA:202,16
DA:203,16
DA:204,16
DA:205,16
DA:206,16
DA:207,2
DA:208,0
DA:209,0
DA:210,16
DA:211,16
DA:212,16
DA:213,16
DA:214,16
DA:215,0
DA:216,0
DA:217,0
DA:218,0
DA:219,0
DA:220,16
DA:221,16
DA:222,16
DA:223,16
DA:224,16
DA:225,16
DA:226,16
DA:227,16
DA:228,0
DA:229,0
DA:230,0
DA:231,0
DA:232,0
DA:233,16
DA:234,16
DA:235,16
DA:236,16
DA:237,16
DA:238,16
DA:239,16
DA:240,16
DA:241,16
DA:242,16
DA:243,16
DA:244,16
DA:245,16
DA:246,16
DA:247,16
DA:248,16
DA:249,16
DA:250,16
DA:251,16
DA:252,16
DA:253,16
DA:254,16
DA:255,16
DA:256,16
DA:257,16
DA:258,16
DA:259,16
DA:260,16
DA:261,16
DA:262,16
DA:263,16
DA:264,16
DA:265,16
DA:266,16
DA:267,16
DA:268,16
DA:269,16
DA:270,16
DA:271,16
DA:272,2
DA:273,16
DA:274,14
DA:275,14
DA:276,16
DA:277,16
DA:278,16
DA:279,16
DA:280,16
DA:281,16
DA:282,16
DA:283,16
DA:284,16
DA:285,16
DA:286,16
DA:287,16
DA:288,16
DA:289,16
DA:290,16
DA:291,16
DA:292,16
DA:293,16
DA:294,16
DA:295,16
DA:296,16
DA:297,16
DA:298,16
DA:299,16
DA:300,16
DA:301,2
DA:302,2
DA:303,2
DA:304,2
DA:305,2
DA:306,2
DA:307,2
DA:308,2
DA:309,2
DA:310,2
DA:311,2
DA:312,2
DA:313,2
DA:314,2
DA:315,14
DA:316,16
DA:317,16
DA:318,16
DA:319,16
DA:320,16
DA:321,16
DA:322,16
DA:323,16
DA:324,16
DA:325,16
DA:326,16
DA:327,16
DA:328,16
DA:329,16
DA:330,16
DA:331,16
DA:332,16
DA:333,16
DA:334,16
DA:335,16
DA:336,16
DA:337,0
DA:338,16
DA:339,16
DA:340,16
DA:341,16
DA:342,16
DA:343,16
DA:344,16
DA:345,16
DA:346,16
DA:347,16
DA:348,16
DA:349,16
DA:350,16
DA:351,16
DA:352,16
DA:353,16
DA:354,16
DA:355,16
DA:356,16
DA:357,16
DA:358,16
DA:359,16
DA:360,16
DA:361,16
DA:362,16
DA:363,16
DA:364,16
DA:365,16
DA:366,16
DA:367,2
DA:368,0
DA:369,0
DA:370,0
DA:371,0
DA:372,16
DA:373,16
DA:374,16
DA:375,14
DA:376,14
DA:377,0
DA:378,0
DA:379,16
DA:380,16
DA:381,16
DA:382,0
DA:383,0
DA:384,0
DA:385,0
DA:386,0
DA:387,0
DA:388,0
DA:389,0
DA:390,0
DA:391,16
DA:392,16
DA:393,16
DA:394,2
DA:395,2
DA:396,2
DA:397,2
DA:398,2
DA:399,2
DA:400,2
DA:401,14
DA:402,16
DA:403,16
DA:404,16
DA:405,16
DA:406,16
DA:407,1
DA:408,1
DA:409,1
DA:410,1
LF:410
LH:356
BRDA:42,0,0,16
BRDA:363,1,0,0
BRDA:366,2,0,2
BRDA:367,3,0,0
BRDA:373,4,0,2
BRDA:373,5,0,2
BRDA:374,6,0,14
BRDA:376,7,0,0
BRDA:381,8,0,0
BRDA:393,9,0,2
BRDA:400,10,0,14
BRDA:403,11,0,0
BRDA:80,12,0,16
BRDA:81,13,0,0
BRDA:85,14,0,7
BRDA:87,15,0,0
BRDA:88,16,0,9
BRDA:90,17,0,0
BRDA:118,18,0,16
BRDA:131,19,0,16
BRDA:139,20,0,7
BRDA:139,21,0,9
BRDA:149,22,0,16
BRDA:185,23,0,16
BRDA:197,24,0,0
BRDA:206,25,0,2
BRDA:207,26,0,0
BRDA:238,27,0,16
BRDA:239,28,0,15
BRDA:245,29,0,16
BRDA:251,30,0,16
BRDA:251,31,0,7
BRDA:251,32,0,4
BRDA:256,33,0,16
BRDA:256,34,0,2
BRDA:261,35,0,16
BRDA:261,36,0,0
BRDA:266,37,0,16
BRDA:270,38,0,16
BRDA:271,39,0,2
BRDA:273,40,0,14
BRDA:278,41,0,16
BRDA:289,42,0,2
BRDA:289,43,0,14
BRDA:300,44,0,2
BRDA:314,45,0,14
BRDA:336,46,0,0
BRDA:350,47,0,16
BRDA:350,48,0,0
BRF:49
BRH:36
end_of_record
TN:
SF:src\components\timeline-elements\timeline-control\timeline-control.styles.ts
FN:27,Object.defineProperty.enumerable
FN:41,Object.defineProperty.enumerable
FNF:2
FNH:2
FNDA:21,Object.defineProperty.enumerable
FNDA:21,Object.defineProperty.enumerable
DA:1,1
DA:2,1
DA:3,1
DA:4,1
DA:5,1
DA:6,1
DA:7,1
DA:8,1
DA:9,1
DA:10,1
DA:11,1
DA:12,1
DA:13,1
DA:14,1
DA:15,1
DA:16,1
DA:17,1
DA:18,1
DA:19,1
DA:20,1
DA:21,1
DA:22,1
DA:23,1
DA:24,1
DA:25,1
DA:26,1
DA:27,1
DA:28,1
DA:29,1
DA:30,1
DA:31,1
DA:32,1
DA:33,1
DA:34,1
DA:35,1
DA:36,1
DA:37,1
DA:38,1
DA:39,1
DA:40,1
DA:41,1
DA:42,21
DA:43,16
DA:44,16
DA:45,21
DA:46,1
DA:47,1
DA:48,1
DA:49,1
DA:50,1
DA:51,1
DA:52,1
DA:53,1
DA:54,1
DA:55,1
DA:56,1
DA:57,1
DA:58,1
DA:59,1
DA:60,1
DA:61,1
DA:62,1
DA:63,1
DA:64,1
DA:65,1
DA:66,1
DA:67,1
DA:68,1
DA:69,1
DA:70,1
DA:71,1
DA:72,1
DA:73,1
DA:74,1
DA:75,1
DA:76,1
DA:77,1
DA:78,1
DA:79,1
DA:80,1
DA:81,1
DA:82,1
DA:83,1
DA:84,1
DA:85,1
LF:85
LH:85
BRDA:18,0,0,24
BRDA:18,1,0,0
BRDA:27,2,0,21
BRDA:41,3,0,21
BRDA:42,4,0,16
BRDA:49,5,0,21
BRDA:49,6,0,16
BRDA:49,7,0,5
BRF:8
BRH:7
end_of_record
TN:
SF:src\components\timeline-elements\timeline-control\timeline-control.tsx
FN:37,TimelineControl
FNF:1
FNH:1
FNDA:4,TimelineControl
DA:1,1
DA:2,1
DA:3,1
DA:4,1
DA:5,1
DA:6,1
DA:7,1
DA:8,1
DA:9,1
DA:10,1
DA:11,1
DA:12,1
DA:13,1
DA:14,1
DA:15,1
DA:16,1
DA:17,1
DA:18,1
DA:19,1
DA:20,1
DA:21,1
DA:22,1
DA:23,1
DA:24,1
DA:25,1
DA:26,1
DA:27,1
DA:28,1
DA:29,1
DA:30,1
DA:31,1
DA:32,1
DA:33,1
DA:34,1
DA:35,1
DA:36,1
DA:37,1
DA:38,4
DA:39,4
DA:40,4
DA:41,4
DA:42,4
DA:43,4
DA:44,4
DA:45,4
DA:46,4
DA:47,4
DA:48,4
DA:49,4
DA:50,4
DA:51,4
DA:52,4
DA:53,4
DA:54,4
DA:55,4
DA:56,4
DA:57,4
DA:58,4
DA:59,4
DA:60,4
DA:61,4
DA:62,4
DA:63,4
DA:64,4
DA:65,4
DA:66,4
DA:67,4
DA:68,4
DA:69,4
DA:70,4
DA:71,4
DA:72,0
DA:73,0
DA:74,0
DA:75,0
DA:76,0
DA:77,4
DA:78,4
DA:79,4
DA:80,4
DA:81,4
DA:82,4
DA:83,4
DA:84,4
DA:85,4
DA:86,4
DA:87,4
DA:88,4
DA:89,4
DA:90,4
DA:91,4
DA:92,4
DA:93,4
DA:94,4
DA:95,4
DA:96,4
DA:97,4
DA:98,4
DA:99,4
DA:100,4
DA:101,4
DA:102,4
DA:103,4
DA:104,4
DA:105,4
DA:106,4
DA:107,4
DA:108,4
DA:109,4
DA:110,4
DA:111,4
DA:112,4
DA:113,4
DA:114,4
DA:115,4
DA:116,4
DA:117,4
DA:118,4
DA:119,4
DA:120,4
DA:121,4
DA:122,4
DA:123,4
DA:124,4
DA:125,4
DA:126,4
DA:127,4
DA:128,4
DA:129,4
DA:130,4
DA:131,4
DA:132,4
DA:133,4
DA:134,4
DA:135,4
DA:136,4
DA:137,4
DA:138,4
DA:139,4
DA:140,4
DA:141,4
DA:142,4
DA:143,4
DA:144,4
DA:145,4
DA:146,4
DA:147,4
DA:148,4
DA:149,4
DA:150,4
DA:151,4
DA:152,4
DA:153,4
DA:154,4
DA:155,4
DA:156,4
DA:157,4
DA:158,4
DA:159,4
DA:160,4
DA:161,4
DA:162,4
DA:163,4
DA:164,4
DA:165,4
DA:166,4
DA:167,4
DA:168,4
DA:169,4
DA:170,4
DA:171,4
DA:172,4
DA:173,4
DA:174,4
DA:175,4
DA:176,4
DA:177,4
DA:178,4
DA:179,4
DA:180,1
DA:181,1
DA:182,1
DA:183,1
DA:184,1
DA:185,1
DA:186,1
DA:187,1
DA:188,1
DA:189,1
DA:190,4
DA:191,4
DA:192,4
DA:193,4
DA:194,4
DA:195,4
DA:196,4
DA:197,4
DA:198,4
DA:199,4
DA:200,4
DA:201,4
DA:202,4
DA:203,4
DA:204,4
DA:205,4
DA:206,4
DA:207,0
DA:208,4
DA:209,4
DA:210,4
DA:211,4
DA:212,1
DA:213,1
DA:214,1
DA:215,1
LF:215
LH:209
BRDA:37,0,0,4
BRDA:114,1,0,0
BRDA:119,2,0,0
BRDA:120,3,0,0
BRDA:131,4,0,0
BRDA:136,5,0,0
BRDA:137,6,0,0
BRDA:148,7,0,0
BRDA:153,8,0,0
BRDA:154,9,0,0
BRDA:165,10,0,0
BRDA:170,11,0,0
BRDA:171,12,0,0
BRDA:179,13,0,1
BRDA:188,14,0,0
BRDA:199,15,0,0
BRDA:202,16,0,0
BRDA:204,17,0,0
BRDA:206,18,0,0
BRDA:54,19,0,4
BRDA:57,20,0,4
BRDA:57,21,0,0
BRDA:62,22,0,4
BRDA:67,23,0,4
BRDA:80,24,0,4
BRDA:80,25,0,0
BRDA:85,26,0,4
BRDA:85,27,0,0
BRDA:90,28,0,4
BRDA:90,29,0,0
BRDA:95,30,0,4
BRDA:95,31,0,0
BRDA:100,32,0,4
BRDA:100,33,0,0
BRF:34
BRH:11
end_of_record
TN:
SF:src\components\timeline-elements\timeline-item-title\timeline-card-title.styles.ts
FN:11,Object.defineProperty.enumerable
FN:15,Object.defineProperty.enumerable
FN:16,Object.defineProperty.enumerable
FN:17,Object.defineProperty.enumerable
FN:20,Object.defineProperty.enumerable
FNF:5
FNH:5
FNDA:13,Object.defineProperty.enumerable
FNDA:13,Object.defineProperty.enumerable
FNDA:13,Object.defineProperty.enumerable
FNDA:13,Object.defineProperty.enumerable
FNDA:13,Object.defineProperty.enumerable
DA:1,1
DA:2,1
DA:3,1
DA:4,1
DA:5,1
DA:6,1
DA:7,1
DA:8,1
DA:9,1
DA:10,1
DA:11,1
DA:12,1
DA:13,1
DA:14,1
DA:15,1
DA:16,1
DA:17,1
DA:18,1
DA:19,1
DA:20,1
DA:21,1
DA:22,1
DA:23,1
DA:24,1
LF:24
LH:24
BRDA:11,0,0,13
BRDA:11,1,0,0
BRDA:15,2,0,13
BRDA:15,3,0,6
BRDA:15,4,0,7
BRDA:16,5,0,13
BRDA:16,6,0,3
BRDA:16,7,0,10
BRDA:17,8,0,13
BRDA:17,9,0,0
BRDA:20,10,0,13
BRDA:21,11,0,13
BRDA:22,12,0,8
BRDA:22,13,0,5
BRF:14
BRH:12
end_of_record
TN:
SF:src\components\timeline-elements\timeline-item-title\timeline-card-title.tsx
FN:18,TimelineItemTitle
FNF:1
FNH:1
FNDA:13,TimelineItemTitle
DA:1,1
DA:2,1
DA:3,1
DA:4,1
DA:5,1
DA:6,1
DA:7,1
DA:8,1
DA:9,1
DA:10,1
DA:11,1
DA:12,1
DA:13,1
DA:14,1
DA:15,1
DA:16,1
DA:17,1
DA:18,1
DA:19,13
DA:20,13
DA:21,13
DA:22,13
DA:23,13
DA:24,13
DA:25,13
DA:26,13
DA:27,13
DA:28,13
DA:29,13
DA:30,13
DA:31,13
DA:32,13
DA:33,13
DA:34,13
DA:35,13
DA:36,13
DA:37,13
DA:38,13
DA:39,13
DA:40,13
DA:41,13
DA:42,13
DA:43,13
DA:44,13
DA:45,13
DA:46,13
DA:47,13
DA:48,1
DA:49,1
LF:49
LH:49
BRDA:18,0,0,13
BRDA:29,1,0,13
BRDA:29,2,0,7
BRDA:29,3,0,6
BRF:4
BRH:4
end_of_record
TN:
SF:src\components\timeline-elements\timeline-outline\timeline-outline-item-list.tsx
FN:28,OutlineItemList
FN:37,onPointerDown
FNF:2
FNH:2
FNDA:3,OutlineItemList
FNDA:1,onPointerDown
DA:1,1
DA:2,1
DA:3,1
DA:4,1
DA:5,1
DA:6,1
DA:7,1
DA:8,1
DA:9,1
DA:10,1
DA:11,1
DA:12,1
DA:13,1
DA:14,1
DA:15,1
DA:16,1
DA:17,1
DA:18,1
DA:19,1
DA:20,1
DA:21,1
DA:22,1
DA:23,1
DA:24,1
DA:25,1
DA:26,1
DA:27,1
DA:28,1
DA:29,3
DA:30,3
DA:31,3
DA:32,3
DA:33,3
DA:34,3
DA:35,6
DA:36,6
DA:37,6
DA:38,6
DA:39,6
DA:40,6
DA:41,6
DA:42,6
DA:43,6
DA:44,6
DA:45,6
DA:46,3
DA:47,1
DA:48,1
DA:49,1
LF:49
LH:49
BRDA:28,0,0,3
BRDA:34,1,0,6
BRDA:37,2,0,1
BRF:3
BRH:3
end_of_record
TN:
SF:src\components\timeline-elements\timeline-outline\timeline-outline.styles.ts
FN:33,Object.defineProperty.enumerable
FN:37,Object.defineProperty.enumerable
FN:43,Object.defineProperty.enumerable
FN:72,Object.defineProperty.enumerable
FN:80,Object.defineProperty.enumerable
FN:131,Object.defineProperty.enumerable
FN:156,Object.defineProperty.enumerable
FNF:7
FNH:7
FNDA:10,Object.defineProperty.enumerable
FNDA:10,Object.defineProperty.enumerable
FNDA:10,Object.defineProperty.enumerable
FNDA:10,Object.defineProperty.enumerable
FNDA:10,Object.defineProperty.enumerable
FNDA:6,Object.defineProperty.enumerable
FNDA:6,Object.defineProperty.enumerable
DA:1,1
DA:2,1
DA:3,1
DA:4,1
DA:5,1
DA:6,1
DA:7,1
DA:8,1
DA:9,1
DA:10,1
DA:11,1
DA:12,1
DA:13,1
DA:14,1
DA:15,1
DA:16,1
DA:17,1
DA:18,1
DA:19,1
DA:20,1
DA:21,1
DA:22,1
DA:23,1
DA:24,1
DA:25,1
DA:26,1
DA:27,1
DA:28,1
DA:29,1
DA:30,1
DA:31,1
DA:32,1
DA:33,1
DA:34,1
DA:35,1
DA:36,1
DA:37,1
DA:38,1
DA:39,1
DA:40,1
DA:41,1
DA:42,1
DA:43,1
DA:44,1
DA:45,1
DA:46,10
DA:47,6
DA:48,4
DA:49,4
DA:50,4
DA:51,4
DA:52,1
DA:53,1
DA:54,1
DA:55,1
DA:56,1
DA:57,1
DA:58,1
DA:59,1
DA:60,1
DA:61,1
DA:62,1
DA:63,1
DA:64,1
DA:65,1
DA:66,1
DA:67,1
DA:68,1
DA:69,1
DA:70,1
DA:71,1
DA:72,1
DA:73,1
DA:74,1
DA:75,1
DA:76,1
DA:77,1
DA:78,1
DA:79,1
DA:80,1
DA:81,10
DA:82,0
DA:83,1
DA:84,1
DA:85,1
DA:86,1
DA:87,1
DA:88,1
DA:89,1
DA:90,1
DA:91,1
DA:92,1
DA:93,1
DA:94,1
DA:95,1
DA:96,1
DA:97,1
DA:98,1
DA:99,1
DA:100,1
DA:101,1
DA:102,1
DA:103,1
DA:104,1
DA:105,1
DA:106,1
DA:107,1
DA:108,1
DA:109,1
DA:110,1
DA:111,1
DA:112,1
DA:113,1
DA:114,1
DA:115,1
DA:116,1
DA:117,1
DA:118,1
DA:119,1
DA:120,1
DA:121,1
DA:122,1
DA:123,1
DA:124,1
DA:125,1
DA:126,1
DA:127,1
DA:128,1
DA:129,1
DA:130,1
DA:131,1
DA:132,1
DA:133,1
DA:134,1
DA:135,1
DA:136,1
DA:137,1
DA:138,1
DA:139,1
DA:140,1
DA:141,1
DA:142,1
DA:143,1
DA:144,1
DA:145,1
DA:146,1
DA:147,1
DA:148,1
DA:149,1
DA:150,1
DA:151,1
DA:152,1
DA:153,1
DA:154,1
DA:155,1
DA:156,1
DA:157,1
DA:158,1
DA:159,1
DA:160,1
DA:161,6
DA:162,2
DA:163,1
DA:164,1
DA:165,1
LF:165
LH:164
BRDA:33,0,0,10
BRDA:33,1,0,6
BRDA:33,2,0,4
BRDA:37,3,0,10
BRDA:37,4,0,6
BRDA:37,5,0,4
BRDA:43,6,0,10
BRDA:44,7,0,0
BRDA:45,8,0,10
BRDA:46,9,0,6
BRDA:47,10,0,4
BRDA:72,11,0,10
BRDA:72,12,0,4
BRDA:72,13,0,6
BRDA:80,14,0,10
BRDA:81,15,0,0
BRDA:91,16,0,10
BRDA:131,17,0,6
BRDA:131,18,0,2
BRDA:131,19,0,4
BRDA:135,20,0,6
BRDA:156,21,0,6
BRDA:157,22,0,2
BRDA:157,23,0,4
BRDA:160,24,0,6
BRDA:161,25,0,2
BRDA:162,26,0,4
BRF:27
BRH:25
end_of_record
TN:
SF:src\components\timeline-elements\timeline-outline\timeline-outline.tsx
FN:50,TimelineOutline
FNF:1
FNH:1
FNDA:10,TimelineOutline
DA:1,1
DA:2,1
DA:3,1
DA:4,1
DA:5,1
DA:6,1
DA:7,1
DA:8,1
DA:9,1
DA:10,1
DA:11,1
DA:12,1
DA:13,1
DA:14,1
DA:15,1
DA:16,1
DA:17,1
DA:18,1
DA:19,1
DA:20,1
DA:21,1
DA:22,1
DA:23,1
DA:24,1
DA:25,1
DA:26,1
DA:27,1
DA:28,1
DA:29,1
DA:30,1
DA:31,1
DA:32,1
DA:33,1
DA:34,1
DA:35,1
DA:36,1
DA:37,1
DA:38,1
DA:39,1
DA:40,1
DA:41,1
DA:42,1
DA:43,1
DA:44,1
DA:45,1
DA:46,1
DA:47,1
DA:48,1
DA:49,1
DA:50,1
DA:51,10
DA:52,10
DA:53,10
DA:54,10
DA:55,10
DA:56,10
DA:57,10
DA:58,10
DA:59,10
DA:60,10
DA:61,10
DA:62,10
DA:63,10
DA:64,10
DA:65,10
DA:66,4
DA:67,4
DA:68,0
DA:69,10
DA:70,10
DA:71,10
DA:72,10
DA:73,7
DA:74,3
DA:75,7
DA:76,4
DA:77,4
DA:78,10
DA:79,10
DA:80,10
DA:81,10
DA:82,1
DA:83,1
DA:84,10
DA:85,10
DA:86,10
DA:87,10
DA:88,10
DA:89,10
DA:90,10
DA:91,10
DA:92,10
DA:93,10
DA:94,10
DA:95,10
DA:96,10
DA:97,10
DA:98,10
DA:99,3
DA:100,3
DA:101,3
DA:102,3
DA:103,3
DA:104,10
DA:105,10
DA:106,10
DA:107,10
DA:108,10
DA:109,1
DA:110,1
LF:110
LH:109
BRDA:20,0,0,3
BRDA:50,1,0,10
BRDA:60,2,0,0
BRDA:95,3,0,6
BRDA:95,4,0,4
BRDA:98,5,0,3
BRDA:62,6,0,3
BRDA:62,7,0,3
BRDA:65,8,0,4
BRDA:66,9,0,0
BRDA:67,10,0,0
BRDA:72,11,0,7
BRDA:73,12,0,3
BRDA:75,13,0,4
BRDA:81,14,0,1
BRF:15
BRH:12
end_of_record
TN:
SF:src\components\timeline-horizontal\timeline-horizontal.styles.ts
FNF:0
FNH:0
DA:1,1
DA:2,1
DA:3,1
DA:4,1
DA:5,1
DA:6,1
DA:7,1
DA:8,1
DA:9,1
DA:10,1
DA:11,1
DA:12,1
DA:13,1
DA:14,1
DA:15,1
DA:16,1
DA:17,1
DA:18,1
DA:19,1
DA:20,1
DA:21,1
DA:22,1
DA:23,1
DA:24,1
DA:25,1
DA:26,1
DA:27,1
DA:28,1
DA:29,1
DA:30,1
DA:31,1
DA:32,1
DA:33,1
DA:34,1
DA:35,1
LF:35
LH:35
BRF:0
BRH:0
end_of_record
TN:
SF:src\components\timeline-horizontal\timeline-horizontal.tsx
FN:27,TimelineHorizontal
FNF:1
FNH:0
FNDA:0,TimelineHorizontal
DA:1,1
DA:2,1
DA:3,1
DA:4,1
DA:5,1
DA:6,1
DA:7,1
DA:8,1
DA:9,1
DA:10,1
DA:11,1
DA:12,1
DA:13,1
DA:14,1
DA:15,1
DA:16,1
DA:17,1
DA:18,1
DA:19,1
DA:20,1
DA:21,1
DA:22,1
DA:23,1
DA:24,1
DA:25,1
DA:26,1
DA:27,1
DA:28,0
DA:29,0
DA:30,0
DA:31,0
DA:32,0
DA:33,0
DA:34,0
DA:35,0
DA:36,0
DA:37,0
DA:38,0
DA:39,0
DA:40,0
DA:41,0
DA:42,0
DA:43,0
DA:44,0
DA:45,0
DA:46,0
DA:47,0
DA:48,0
DA:49,0
DA:50,0
DA:51,0
DA:52,0
DA:53,0
DA:54,0
DA:55,0
DA:56,0
DA:57,0
DA:58,0
DA:59,0
DA:60,0
DA:61,0
DA:62,0
DA:63,0
DA:64,0
DA:65,0
DA:66,0
DA:67,0
DA:68,0
DA:69,0
DA:70,0
DA:71,0
DA:72,0
DA:73,0
DA:74,0
DA:75,0
DA:76,0
DA:77,0
DA:78,0
DA:79,0
DA:80,0
DA:81,0
DA:82,0
DA:83,0
DA:84,0
DA:85,0
DA:86,0
DA:87,0
DA:88,0
DA:89,0
DA:90,0
DA:91,0
DA:92,0
DA:93,0
DA:94,0
DA:95,0
DA:96,0
DA:97,0
DA:98,0
DA:99,0
DA:100,1
DA:101,1
LF:101
LH:29
BRF:0
BRH:0
end_of_record
TN:
SF:src\components\timeline-vertical\timeline-point.tsx
FN:84,onClick
FNF:1
FNH:0
FNDA:0,onClick
DA:1,1
DA:2,1
DA:3,1
DA:4,1
DA:5,1
DA:6,1
DA:7,1
DA:8,1
DA:9,1
DA:10,1
DA:11,1
DA:12,1
DA:13,1
DA:14,1
DA:15,1
DA:16,1
DA:17,1
DA:18,1
DA:19,1
DA:20,1
DA:21,1
DA:22,1
DA:23,1
DA:24,1
DA:25,1
DA:26,1
DA:27,1
DA:28,3
DA:29,3
DA:30,3
DA:31,3
DA:32,3
DA:33,3
DA:34,3
DA:35,3
DA:36,3
DA:37,3
DA:38,3
DA:39,3
DA:40,3
DA:41,3
DA:42,3
DA:43,3
DA:44,3
DA:45,3
DA:46,3
DA:47,3
DA:48,3
DA:49,3
DA:50,3
DA:51,3
DA:52,3
DA:53,3
DA:54,3
DA:55,0
DA:56,3
DA:57,3
DA:58,3
DA:59,3
DA:60,3
DA:61,3
DA:62,3
DA:63,3
DA:64,0
DA:65,0
DA:66,0
DA:67,0
DA:68,3
DA:69,3
DA:70,3
DA:71,3
DA:72,3
DA:73,3
DA:74,3
DA:75,3
DA:76,3
DA:77,3
DA:78,3
DA:79,3
DA:80,3
DA:81,3
DA:82,3
DA:83,3
DA:84,3
DA:85,0
DA:86,0
DA:87,0
DA:88,0
DA:89,0
DA:90,3
DA:91,3
DA:92,3
DA:93,3
DA:94,3
DA:95,3
DA:96,3
DA:97,3
DA:98,3
DA:99,3
DA:100,3
DA:101,3
DA:102,3
DA:103,3
DA:104,3
DA:105,3
DA:106,3
DA:107,3
DA:108,3
DA:109,3
DA:110,3
DA:111,3
DA:112,3
DA:113,3
DA:114,3
DA:115,3
DA:116,3
DA:117,3
DA:118,3
DA:119,3
DA:120,3
DA:121,3
DA:122,3
DA:123,3
DA:124,3
DA:125,3
DA:126,3
DA:127,3
DA:128,3
DA:129,3
DA:130,3
DA:131,3
DA:132,3
DA:133,1
DA:134,1
DA:135,1
DA:136,1
DA:137,1
DA:138,1
LF:138
LH:128
BRDA:27,0,0,3
BRDA:126,1,0,0
BRDA:53,2,0,3
BRDA:54,3,0,0
BRDA:57,4,0,0
BRDA:62,5,0,3
BRDA:63,6,0,0
BRDA:72,7,0,3
BRDA:82,8,0,3
BRDA:95,9,0,3
BRF:10
BRH:6
end_of_record
TN:
SF:src\components\timeline-vertical\timeline-vertical-item.tsx
FN:40,VerticalItem
FNF:1
FNH:1
FNDA:2,VerticalItem
DA:1,1
DA:2,1
DA:3,1
DA:4,1
DA:5,1
DA:6,1
DA:7,1
DA:8,1
DA:9,1
DA:10,1
DA:11,1
DA:12,1
DA:13,1
DA:14,1
DA:15,1
DA:16,1
DA:17,1
DA:18,1
DA:19,1
DA:20,1
DA:21,1
DA:22,1
DA:23,1
DA:24,1
DA:25,1
DA:26,1
DA:27,1
DA:28,1
DA:29,1
DA:30,1
DA:31,1
DA:32,1
DA:33,1
DA:34,1
DA:35,1
DA:36,1
DA:37,1
DA:38,1
DA:39,1
DA:40,1
DA:41,2
DA:42,2
DA:43,2
DA:44,2
DA:45,2
DA:46,2
DA:47,2
DA:48,2
DA:49,2
DA:50,2
DA:51,2
DA:52,2
DA:53,2
DA:54,2
DA:55,2
DA:56,2
DA:57,2
DA:58,2
DA:59,2
DA:60,2
DA:61,2
DA:62,2
DA:63,2
DA:64,2
DA:65,2
DA:66,2
DA:67,2
DA:68,2
DA:69,2
DA:70,2
DA:71,2
DA:72,2
DA:73,2
DA:74,2
DA:75,2
DA:76,2
DA:77,2
DA:78,2
DA:79,2
DA:80,2
DA:81,2
DA:82,2
DA:83,2
DA:84,2
DA:85,2
DA:86,2
DA:87,0
DA:88,0
DA:89,0
DA:90,0
DA:91,0
DA:92,2
DA:93,2
DA:94,2
DA:95,2
DA:96,2
DA:97,0
DA:98,0
DA:99,0
DA:100,2
DA:101,2
DA:102,2
DA:103,2
DA:104,2
DA:105,2
DA:106,2
DA:107,2
DA:108,2
DA:109,2
DA:110,2
DA:111,2
DA:112,2
DA:113,2
DA:114,2
DA:115,2
DA:116,2
DA:117,2
DA:118,2
DA:119,2
DA:120,2
DA:121,2
DA:122,2
DA:123,2
DA:124,2
DA:125,2
DA:126,2
DA:127,2
DA:128,2
DA:129,2
DA:130,2
DA:131,2
DA:132,2
DA:133,2
DA:134,2
DA:135,2
DA:136,2
DA:137,2
DA:138,2
DA:139,2
DA:140,2
DA:141,2
DA:142,2
DA:143,2
DA:144,2
DA:145,2
DA:146,2
DA:147,2
DA:148,2
DA:149,2
DA:150,2
DA:151,2
DA:152,2
DA:153,2
DA:154,2
DA:155,2
DA:156,2
DA:157,2
DA:158,2
DA:159,2
DA:160,2
DA:161,2
DA:162,2
DA:163,2
DA:164,2
DA:165,2
DA:166,2
DA:167,2
DA:168,2
DA:169,2
DA:170,2
DA:171,2
DA:172,2
DA:173,2
DA:174,2
DA:175,2
DA:176,2
DA:177,2
DA:178,2
DA:179,2
DA:180,2
DA:181,2
DA:182,2
DA:183,2
DA:184,2
DA:185,2
DA:186,2
DA:187,2
DA:188,2
DA:189,2
DA:190,2
DA:191,2
DA:192,2
DA:193,2
DA:194,2
DA:195,2
DA:196,2
DA:197,2
DA:198,2
DA:199,2
DA:200,2
DA:201,2
DA:202,2
DA:203,2
DA:204,2
DA:205,2
DA:206,2
DA:207,2
DA:208,2
DA:209,2
DA:210,2
DA:211,2
DA:212,2
DA:213,2
DA:214,2
DA:215,2
DA:216,2
DA:217,2
DA:218,2
DA:219,2
DA:220,2
DA:221,2
DA:222,2
DA:223,2
DA:224,2
DA:225,2
DA:226,0
DA:227,2
DA:228,2
DA:229,2
DA:230,2
DA:231,2
DA:232,1
DA:233,1
DA:234,1
DA:235,1
LF:235
LH:226
BRDA:40,0,0,2
BRDA:138,1,0,0
BRDA:181,2,0,0
BRDA:192,3,0,0
BRDA:200,4,0,0
BRDA:225,5,0,0
BRDA:228,6,0,0
BRDA:103,7,0,2
BRDA:116,8,0,0
BRDA:133,9,0,2
BRDA:134,10,0,0
BRDA:144,11,0,2
BRF:12
BRH:4
end_of_record
TN:
SF:src\components\timeline-vertical\timeline-vertical-shape.styles.ts
FN:12,Object.defineProperty.enumerable
FN:23,Object.defineProperty.enumerable
FN:24,Object.defineProperty.enumerable
FN:35,Object.defineProperty.enumerable
FNF:4
FNH:4
FNDA:3,Object.defineProperty.enumerable
FNDA:3,Object.defineProperty.enumerable
FNDA:3,Object.defineProperty.enumerable
FNDA:3,Object.defineProperty.enumerable
DA:1,1
DA:2,1
DA:3,1
DA:4,1
DA:5,1
DA:6,1
DA:7,1
DA:8,1
DA:9,1
DA:10,1
DA:11,1
DA:12,1
DA:13,1
DA:14,1
DA:15,1
DA:16,1
DA:17,1
DA:18,1
DA:19,1
DA:20,1
DA:21,1
DA:22,1
DA:23,1
DA:24,1
DA:25,1
DA:26,1
DA:27,1
DA:28,1
DA:29,1
DA:30,1
DA:31,1
DA:32,1
DA:33,1
DA:34,1
DA:35,1
DA:36,1
DA:37,1
DA:38,1
DA:39,1
DA:40,1
DA:41,1
DA:42,1
DA:43,1
DA:44,1
DA:45,1
DA:46,1
DA:47,1
DA:48,1
DA:49,1
DA:50,1
DA:51,1
LF:51
LH:51
BRDA:12,0,0,3
BRDA:12,1,0,1
BRDA:12,2,0,2
BRDA:23,3,0,3
BRDA:24,4,0,3
BRDA:24,5,0,1
BRDA:24,6,0,2
BRDA:35,7,0,3
BRDA:41,8,0,3
BRDA:41,9,0,1
BRDA:41,10,0,2
BRDA:50,11,0,3
BRDA:50,12,0,0
BRF:13
BRH:12
end_of_record
TN:
SF:src\components\timeline-vertical\timeline-vertical.styles.ts
FN:80,Object.defineProperty.enumerable
FN:126,Object.defineProperty.enumerable
FN:127,Object.defineProperty.enumerable
FN:130,Object.defineProperty.enumerable
FN:131,Object.defineProperty.enumerable
FNF:5
FNH:5
FNDA:2,Object.defineProperty.enumerable
FNDA:2,Object.defineProperty.enumerable
FNDA:2,Object.defineProperty.enumerable
FNDA:2,Object.defineProperty.enumerable
FNDA:2,Object.defineProperty.enumerable
DA:1,1
DA:2,1
DA:3,1
DA:4,1
DA:5,1
DA:6,1
DA:7,1
DA:8,1
DA:9,1
DA:10,1
DA:11,1
DA:12,1
DA:13,1
DA:14,1
DA:15,1
DA:16,1
DA:17,1
DA:18,1
DA:19,1
DA:20,1
DA:21,1
DA:22,1
DA:23,1
DA:24,1
DA:25,1
DA:26,1
DA:27,1
DA:28,1
DA:29,1
DA:30,1
DA:31,1
DA:32,1
DA:33,1
DA:34,1
DA:35,1
DA:36,1
DA:37,1
DA:38,1
DA:39,1
DA:40,1
DA:41,1
DA:42,1
DA:43,1
DA:44,1
DA:45,1
DA:46,1
DA:47,1
DA:48,1
DA:49,1
DA:50,1
DA:51,2
DA:52,0
DA:53,0
DA:54,0
DA:55,0
DA:56,0
DA:57,0
DA:58,0
DA:59,0
DA:60,0
DA:61,2
DA:62,2
DA:63,2
DA:64,2
DA:65,2
DA:66,1
DA:67,1
DA:68,1
DA:69,1
DA:70,1
DA:71,1
DA:72,1
DA:73,1
DA:74,1
DA:75,1
DA:76,1
DA:77,1
DA:78,1
DA:79,1
DA:80,1
DA:81,2
DA:82,0
DA:83,2
DA:84,0
DA:85,2
DA:86,2
DA:87,2
DA:88,2
DA:89,1
DA:90,2
DA:91,2
DA:92,2
DA:93,2
DA:94,2
DA:95,2
DA:96,2
DA:97,2
DA:98,2
DA:99,2
DA:100,2
DA:101,2
DA:102,0
DA:103,0
DA:104,0
DA:105,0
DA:106,0
DA:107,0
DA:108,0
DA:109,0
DA:110,0
DA:111,0
DA:112,2
DA:113,1
DA:114,1
DA:115,1
DA:116,1
DA:117,1
DA:118,1
DA:119,1
DA:120,1
DA:121,1
DA:122,1
DA:123,1
DA:124,1
DA:125,1
DA:126,1
DA:127,1
DA:128,1
DA:129,1
DA:130,1
DA:131,1
DA:132,1
DA:133,1
DA:134,1
DA:135,1
DA:136,2
DA:137,0
DA:138,2
DA:139,2
DA:140,2
DA:141,1
DA:142,1
DA:143,1
LF:143
LH:121
BRDA:50,0,0,2
BRDA:51,1,0,0
BRDA:80,2,0,2
BRDA:81,3,0,0
BRDA:83,4,0,0
BRDA:89,5,0,2
BRDA:101,6,0,0
BRDA:126,7,0,2
BRDA:126,8,0,0
BRDA:126,9,0,0
BRDA:127,10,0,2
BRDA:127,11,0,0
BRDA:130,12,0,2
BRDA:130,13,0,0
BRDA:131,14,0,2
BRDA:131,15,0,0
BRDA:131,16,0,0
BRDA:135,17,0,2
BRDA:136,18,0,0
BRF:19
BRH:8
end_of_record
TN:
SF:src\components\timeline-vertical\timeline-vertical.tsx
FN:26,TimelineVertical
FNF:1
FNH:0
FNDA:0,TimelineVertical
DA:1,1
DA:2,1
DA:3,1
DA:4,1
DA:5,1
DA:6,1
DA:7,1
DA:8,1
DA:9,1
DA:10,1
DA:11,1
DA:12,1
DA:13,1
DA:14,1
DA:15,1
DA:16,1
DA:17,1
DA:18,1
DA:19,1
DA:20,1
DA:21,1
DA:22,1
DA:23,1
DA:24,1
DA:25,1
DA:26,1
DA:27,0
DA:28,0
DA:29,0
DA:30,0
DA:31,0
DA:32,0
DA:33,0
DA:34,0
DA:35,0
DA:36,0
DA:37,0
DA:38,0
DA:39,0
DA:40,0
DA:41,0
DA:42,0
DA:43,0
DA:44,0
DA:45,0
DA:46,0
DA:47,0
DA:48,0
DA:49,0
DA:50,0
DA:51,0
DA:52,0
DA:53,0
DA:54,0
DA:55,0
DA:56,0
DA:57,0
DA:58,0
DA:59,0
DA:60,0
DA:61,0
DA:62,0
DA:63,0
DA:64,0
DA:65,0
DA:66,0
DA:67,0
DA:68,0
DA:69,0
DA:70,0
DA:71,0
DA:72,0
DA:73,0
DA:74,0
DA:75,0
DA:76,0
DA:77,0
DA:78,0
DA:79,0
DA:80,0
DA:81,0
DA:82,0
DA:83,0
DA:84,0
DA:85,0
DA:86,0
DA:87,0
DA:88,0
DA:89,0
DA:90,0
DA:91,0
DA:92,0
DA:93,0
DA:94,0
DA:95,0
DA:96,0
DA:97,0
DA:98,0
DA:99,0
DA:100,0
DA:101,0
DA:102,0
DA:103,0
DA:104,0
DA:105,0
DA:106,0
DA:107,0
DA:108,0
DA:109,0
DA:110,0
DA:111,0
DA:112,0
DA:113,0
DA:114,0
DA:115,0
DA:116,0
DA:117,0
DA:118,0
DA:119,0
DA:120,0
DA:121,0
DA:122,1
DA:123,1
DA:124,1
DA:125,1
LF:125
LH:30
BRF:0
BRH:0
end_of_record
TN:
SF:src\utils\index.ts
FN:4,uniqueID
FN:14,hexToRGBA
FN:22,getDefaultThemeOrDark
FN:29,getDefaultClassNames
FN:39,getDefaultButtonTexts
FN:52,getSlideShowType
FNF:6
FNH:6
FNDA:1,uniqueID
FNDA:33,hexToRGBA
FNDA:3,getDefaultThemeOrDark
FNDA:1,getDefaultClassNames
FNDA:1,getDefaultButtonTexts
FNDA:4,getSlideShowType
DA:1,1
DA:2,1
DA:3,1
DA:4,1
DA:5,1
DA:6,1
DA:7,1
DA:8,1
DA:9,7
DA:10,7
DA:11,1
DA:12,1
DA:13,1
DA:14,1
DA:15,33
DA:16,33
DA:17,33
DA:18,33
DA:19,33
DA:20,33
DA:21,1
DA:22,1
DA:23,3
DA:24,1
DA:25,1
DA:26,2
DA:27,2
DA:28,1
DA:29,1
DA:30,1
DA:31,1
DA:32,1
DA:33,1
DA:34,1
DA:35,1
DA:36,1
DA:37,1
DA:38,1
DA:39,1
DA:40,1
DA:41,1
DA:42,1
DA:43,1
DA:44,1
DA:45,1
DA:46,1
DA:47,1
DA:48,1
DA:49,1
DA:50,1
DA:51,1
DA:52,1
DA:53,4
DA:54,4
DA:55,4
DA:56,1
DA:57,1
DA:58,4
DA:59,1
DA:60,1
DA:61,2
DA:62,4
DA:63,1
DA:64,1
DA:65,1
DA:66,1
DA:67,1
LF:67
LH:67
BRDA:4,0,0,1
BRDA:8,1,0,7
BRDA:14,2,0,33
BRDA:22,3,0,3
BRDA:23,4,0,1
BRDA:25,5,0,2
BRDA:29,6,0,1
BRDA:39,7,0,1
BRDA:52,8,0,4
BRDA:55,9,0,1
BRDA:57,10,0,3
BRDA:58,11,0,1
BRDA:60,12,0,2
BRDA:62,13,0,1
BRF:14
BRH:14
end_of_record
