TN:
SF:src\components\common\styles\index.ts
FN:4,Object.defineProperty.enumerable
FN:16,Object.defineProperty.enumerable
FNF:2
FNH:2
FNDA:10,Object.defineProperty.enumerable
FNDA:10,Object.defineProperty.enumerable
DA:1,1
DA:2,1
DA:3,1
DA:4,1
DA:5,1
DA:6,1
DA:7,1
DA:8,1
DA:9,1
DA:10,1
DA:11,1
DA:12,1
DA:13,1
DA:14,1
DA:15,1
DA:16,1
DA:17,1
DA:18,1
DA:19,1
LF:19
LH:19
BRDA:4,0,0,10
BRDA:16,1,0,10
BRDA:17,2,0,10
BRF:3
BRH:3
end_of_record
TN:
SF:src\components\common\test\index.tsx
FN:65,onFirst
FN:66,onLast
FN:67,onNext
FN:68,onPrevious
FN:69,onReplay
FN:70,onToggleDarkMode
FN:75,customRender
FNF:7
FNH:1
FNDA:0,onFirst
FNDA:0,onLast
FNDA:0,onNext
FNDA:0,onPrevious
FNDA:0,onReplay
FNDA:0,onToggleDarkMode
FNDA:17,customRender
DA:1,1
DA:2,1
DA:3,1
DA:4,1
DA:5,1
DA:6,1
DA:7,1
DA:8,1
DA:9,1
DA:10,1
DA:11,1
DA:12,1
DA:13,1
DA:14,1
DA:15,1
DA:16,1
DA:17,1
DA:18,1
DA:19,1
DA:20,1
DA:21,1
DA:22,1
DA:23,1
DA:24,1
DA:25,1
DA:26,1
DA:27,1
DA:28,1
DA:29,1
DA:30,1
DA:31,1
DA:32,1
DA:33,1
DA:34,1
DA:35,1
DA:36,1
DA:37,1
DA:38,1
DA:39,1
DA:40,1
DA:41,1
DA:42,1
DA:43,1
DA:44,1
DA:45,1
DA:46,1
DA:47,1
DA:48,1
DA:49,1
DA:50,1
DA:51,1
DA:52,1
DA:53,1
DA:54,1
DA:55,1
DA:56,1
DA:57,1
DA:58,1
DA:59,1
DA:60,1
DA:61,1
DA:62,1
DA:63,1
DA:64,1
DA:65,1
DA:66,1
DA:67,1
DA:68,1
DA:69,1
DA:70,1
DA:71,1
DA:72,1
DA:73,1
DA:74,1
DA:75,1
DA:76,17
DA:77,17
DA:78,17
DA:79,17
DA:80,17
DA:81,17
DA:82,17
DA:83,17
LF:83
LH:83
BRDA:75,0,0,17
BRF:1
BRH:1
end_of_record
TN:
SF:src\components\common\themes\index.ts
FNF:0
FNH:0
DA:1,1
DA:2,1
DA:3,1
DA:4,1
DA:5,1
DA:6,1
DA:7,1
DA:8,1
DA:9,1
DA:10,1
DA:11,1
DA:12,1
DA:13,1
DA:14,1
DA:15,1
DA:16,1
DA:17,1
DA:18,1
DA:19,1
DA:20,1
DA:21,1
DA:22,1
DA:23,1
DA:24,1
DA:25,1
DA:26,1
DA:27,1
DA:28,1
DA:29,1
DA:30,1
DA:31,1
DA:32,1
DA:33,1
DA:34,1
DA:35,1
DA:36,1
DA:37,1
DA:38,1
DA:39,1
DA:40,1
DA:41,1
DA:42,1
DA:43,1
DA:44,1
DA:45,1
DA:46,1
DA:47,1
LF:47
LH:47
BRF:0
BRH:0
end_of_record
TN:
SF:src\components\effects\useCloseClickOutside.ts
FN:3,useCloseClickOutside
FNF:1
FNH:1
FNDA:29,useCloseClickOutside
DA:1,1
DA:2,1
DA:3,29
DA:4,29
DA:5,29
DA:6,29
DA:7,29
DA:8,29
DA:9,29
DA:10,10
DA:11,10
DA:12,10
DA:13,10
DA:14,3
DA:15,3
DA:16,10
DA:17,29
DA:18,29
DA:19,29
DA:20,0
DA:21,0
DA:22,0
DA:23,29
DA:24,29
DA:25,29
DA:26,21
DA:27,21
DA:28,21
DA:29,21
DA:30,21
DA:31,21
DA:32,21
DA:33,29
DA:34,29
DA:35,29
DA:36,12
DA:37,12
DA:38,12
DA:39,12
DA:40,12
DA:41,12
DA:42,12
DA:43,12
DA:44,29
DA:45,29
LF:45
LH:42
BRDA:3,0,0,29
BRDA:9,1,0,10
BRDA:13,2,0,3
BRDA:25,3,0,21
BRDA:35,4,0,12
BRDA:37,5,0,12
BRF:6
BRH:6
end_of_record
TN:
SF:src\components\effects\useMatchMedia.ts
FN:12,useMatchMedia
FN:25,listener
FNF:2
FNH:1
FNDA:10,useMatchMedia
FNDA:0,listener
DA:1,1
DA:2,1
DA:3,1
DA:4,1
DA:5,1
DA:6,1
DA:7,1
DA:8,1
DA:9,1
DA:10,1
DA:11,1
DA:12,1
DA:13,10
DA:14,10
DA:15,10
DA:16,10
DA:17,10
DA:18,10
DA:19,10
DA:20,7
DA:21,0
DA:22,0
DA:23,7
DA:24,7
DA:25,7
DA:26,7
DA:27,7
DA:28,7
DA:29,0
DA:30,0
DA:31,7
DA:32,7
DA:33,7
DA:34,7
DA:35,7
DA:36,7
DA:37,10
DA:38,10
DA:39,10
DA:40,10
DA:41,0
DA:42,0
DA:43,10
DA:44,10
DA:45,10
DA:46,10
LF:46
LH:40
BRDA:12,0,0,10
BRDA:19,1,0,7
BRDA:20,2,0,0
BRDA:28,3,0,0
BRDA:34,4,0,7
BRDA:39,5,0,10
BRDA:40,6,0,0
BRDA:40,7,0,0
BRF:8
BRH:4
end_of_record
TN:
SF:src\components\effects\useNewScrollPosition.ts
FN:12,useNewScrollPosition
FNF:1
FNH:1
FNDA:10,useNewScrollPosition
DA:1,1
DA:2,1
DA:3,1
DA:4,1
DA:5,1
DA:6,1
DA:7,1
DA:8,1
DA:9,1
DA:10,1
DA:11,1
DA:12,1
DA:13,10
DA:14,10
DA:15,10
DA:16,10
DA:17,10
DA:18,10
DA:19,10
DA:20,10
DA:21,10
DA:22,0
DA:23,0
DA:24,0
DA:25,0
DA:26,0
DA:27,0
DA:28,0
DA:29,0
DA:30,0
DA:31,0
DA:32,0
DA:33,0
DA:34,0
DA:35,0
DA:36,0
DA:37,0
DA:38,0
DA:39,0
DA:40,0
DA:41,0
DA:42,0
DA:43,0
DA:44,0
DA:45,0
DA:46,0
DA:47,0
DA:48,0
DA:49,0
DA:50,0
DA:51,0
DA:52,0
DA:53,0
DA:54,0
DA:55,0
DA:56,0
DA:57,0
DA:58,0
DA:59,0
DA:60,0
DA:61,0
DA:62,0
DA:63,0
DA:64,0
DA:65,0
DA:66,0
DA:67,0
DA:68,0
DA:69,0
DA:70,0
DA:71,0
DA:72,0
DA:73,0
DA:74,0
DA:75,0
DA:76,0
DA:77,0
DA:78,0
DA:79,0
DA:80,0
DA:81,10
DA:82,10
DA:83,10
DA:84,10
DA:85,10
DA:86,10
DA:87,1
DA:88,1
LF:88
LH:29
BRDA:12,0,0,10
BRDA:21,1,0,7
BRF:2
BRH:2
end_of_record
TN:
SF:src\components\elements\list\list-item.tsx
FN:36,onClick
FN:40,onKeyUp
FNF:2
FNH:1
FNDA:2,onClick
FNDA:0,onKeyUp
DA:1,1
DA:2,1
DA:3,1
DA:4,1
DA:5,1
DA:6,1
DA:7,1
DA:8,1
DA:9,1
DA:10,1
DA:11,1
DA:12,1
DA:13,1
DA:14,1
DA:15,13
DA:16,13
DA:17,13
DA:18,13
DA:19,13
DA:20,13
DA:21,13
DA:22,13
DA:23,13
DA:24,13
DA:25,13
DA:26,13
DA:27,0
DA:28,0
DA:29,0
DA:30,13
DA:31,13
DA:32,13
DA:33,13
DA:34,13
DA:35,13
DA:36,13
DA:37,13
DA:38,13
DA:39,13
DA:40,13
DA:41,13
DA:42,13
DA:43,6
DA:44,6
DA:45,6
DA:46,6
DA:47,6
DA:48,6
DA:49,13
DA:50,13
DA:51,13
DA:52,13
DA:53,13
DA:54,13
DA:55,13
DA:56,13
DA:57,13
DA:58,1
DA:59,1
DA:60,1
DA:61,1
DA:62,1
LF:62
LH:59
BRDA:14,0,0,13
BRDA:42,1,0,6
BRDA:45,2,0,3
BRDA:47,3,0,6
BRDA:24,4,0,2
BRDA:36,5,0,2
BRF:6
BRH:6
end_of_record
TN:
SF:src\components\elements\list\list.styles.ts
FN:43,Object.defineProperty.enumerable
FN:45,Object.defineProperty.enumerable
FN:46,Object.defineProperty.enumerable
FN:87,Object.defineProperty.enumerable
FNF:4
FNH:4
FNDA:12,Object.defineProperty.enumerable
FNDA:12,Object.defineProperty.enumerable
FNDA:12,Object.defineProperty.enumerable
FNDA:6,Object.defineProperty.enumerable
DA:1,1
DA:2,1
DA:3,1
DA:4,1
DA:5,1
DA:6,1
DA:7,1
DA:8,1
DA:9,1
DA:10,1
DA:11,1
DA:12,1
DA:13,1
DA:14,1
DA:15,1
DA:16,1
DA:17,1
DA:18,1
DA:19,1
DA:20,1
DA:21,1
DA:22,1
DA:23,1
DA:24,1
DA:25,1
DA:26,1
DA:27,1
DA:28,1
DA:29,1
DA:30,1
DA:31,1
DA:32,1
DA:33,1
DA:34,1
DA:35,1
DA:36,1
DA:37,1
DA:38,1
DA:39,1
DA:40,1
DA:41,1
DA:42,1
DA:43,1
DA:44,1
DA:45,1
DA:46,1
DA:47,1
DA:48,1
DA:49,1
DA:50,1
DA:51,1
DA:52,1
DA:53,1
DA:54,1
DA:55,1
DA:56,1
DA:57,1
DA:58,1
DA:59,1
DA:60,1
DA:61,1
DA:62,1
DA:63,1
DA:64,1
DA:65,1
DA:66,1
DA:67,1
DA:68,1
DA:69,1
DA:70,1
DA:71,1
DA:72,1
DA:73,1
DA:74,1
DA:75,1
DA:76,1
DA:77,1
DA:78,1
DA:79,1
DA:80,1
DA:81,1
DA:82,1
DA:83,1
DA:84,1
DA:85,1
DA:86,1
DA:87,1
DA:88,1
DA:89,1
DA:90,1
DA:91,1
DA:92,1
DA:93,1
DA:94,1
DA:95,1
DA:96,1
DA:97,1
DA:98,1
DA:99,1
DA:100,1
DA:101,1
DA:102,1
DA:103,1
DA:104,1
DA:105,1
DA:106,1
DA:107,1
DA:108,1
DA:109,1
LF:109
LH:109
BRDA:43,0,0,12
BRDA:44,1,0,0
BRDA:45,2,0,12
BRDA:45,3,0,6
BRDA:45,4,0,6
BRDA:46,5,0,12
BRDA:48,6,0,12
BRDA:56,7,0,12
BRDA:72,8,0,12
BRDA:87,9,0,6
BRDA:87,10,0,3
BRDA:88,11,0,6
BRDA:88,12,0,3
BRDA:88,13,0,3
BRDA:108,14,0,12
BRDA:108,15,0,6
BRDA:108,16,0,6
BRF:17
BRH:16
end_of_record
TN:
SF:src\components\elements\list\list.tsx
FN:14,List
FNF:1
FNH:1
FNDA:8,List
DA:1,1
DA:2,1
DA:3,1
DA:4,1
DA:5,1
DA:6,1
DA:7,1
DA:8,1
DA:9,1
DA:10,1
DA:11,1
DA:12,1
DA:13,1
DA:14,1
DA:15,8
DA:16,8
DA:17,8
DA:18,8
DA:19,8
DA:20,8
DA:21,8
DA:22,8
DA:23,5
DA:24,10
DA:25,10
DA:26,5
DA:27,8
DA:28,8
DA:29,8
DA:30,8
DA:31,2
DA:32,4
DA:33,2
DA:34,2
DA:35,2
DA:36,2
DA:37,2
DA:38,2
DA:39,2
DA:40,2
DA:41,2
DA:42,2
DA:43,2
DA:44,2
DA:45,2
DA:46,8
DA:47,8
DA:48,8
DA:49,8
DA:50,2
DA:51,2
DA:52,2
DA:53,1
DA:54,1
DA:55,1
DA:56,1
DA:57,1
DA:58,1
DA:59,1
DA:60,1
DA:61,1
DA:62,1
DA:63,8
DA:64,8
DA:65,8
DA:66,8
DA:67,8
DA:68,8
DA:69,14
DA:70,14
DA:71,14
DA:72,14
DA:73,14
DA:74,14
DA:75,14
DA:76,14
DA:77,14
DA:78,14
DA:79,14
DA:80,14
DA:81,14
DA:82,8
DA:83,8
DA:84,8
DA:85,8
DA:86,1
DA:87,1
DA:88,1
LF:88
LH:88
BRDA:14,0,0,8
BRDA:68,1,0,7
BRDA:22,2,0,5
BRDA:23,3,0,10
BRDA:30,4,0,2
BRDA:31,5,0,4
BRDA:32,6,0,2
BRDA:49,7,0,2
BRDA:52,8,0,1
BRDA:53,9,0,1
BRDA:56,10,0,1
BRDA:68,11,0,14
BRF:12
BRH:12
end_of_record
TN:
SF:src\components\elements\popover\index.tsx
FN:16,PopOver
FN:28,toggleOpen
FN:30,closePopover
FN:32,handleKeyPress
FNF:4
FNH:3
FNDA:31,PopOver
FNDA:5,toggleOpen
FNDA:3,closePopover
FNDA:0,handleKeyPress
DA:1,1
DA:2,1
DA:3,1
DA:4,1
DA:5,1
DA:6,1
DA:7,1
DA:8,1
DA:9,1
DA:10,1
DA:11,1
DA:12,1
DA:13,1
DA:14,1
DA:15,1
DA:16,1
DA:17,31
DA:18,31
DA:19,31
DA:20,31
DA:21,31
DA:22,31
DA:23,31
DA:24,31
DA:25,31
DA:26,31
DA:27,31
DA:28,31
DA:29,31
DA:30,31
DA:31,31
DA:32,31
DA:33,0
DA:34,0
DA:35,0
DA:36,0
DA:37,31
DA:38,31
DA:39,31
DA:40,31
DA:41,17
DA:42,5
DA:43,5
DA:44,5
DA:45,12
DA:46,12
DA:47,12
DA:48,31
DA:49,31
DA:50,31
DA:51,31
DA:52,31
DA:53,31
DA:54,31
DA:55,31
DA:56,31
DA:57,31
DA:58,31
DA:59,31
DA:60,31
DA:61,31
DA:62,31
DA:63,31
DA:64,31
DA:65,31
DA:66,31
DA:67,11
DA:68,11
DA:69,11
DA:70,11
DA:71,11
DA:72,11
DA:73,11
DA:74,11
DA:75,11
DA:76,11
DA:77,11
DA:78,11
DA:79,11
DA:80,18
DA:81,31
DA:82,31
DA:83,31
DA:84,1
DA:85,1
LF:85
LH:81
BRDA:16,0,0,31
BRDA:66,1,0,11
BRDA:79,2,0,18
BRDA:28,3,0,5
BRDA:30,4,0,3
BRDA:40,5,0,17
BRDA:41,6,0,12
BRDA:41,7,0,5
BRDA:42,8,0,5
BRF:9
BRH:9
end_of_record
TN:
SF:src\components\elements\popover\popover.styles.ts
FN:12,__vite_ssr_import_0__.default.div.visible.visible
FN:23,__vite_ssr_import_0__.default.div.visible.visible
FN:36,__vite_ssr_import_0__.default.div.theme.theme
FN:37,__vite_ssr_import_0__.default.div.open.open
FN:53,__vite_ssr_import_0__.default.span.open.open
FNF:5
FNH:5
FNDA:6,__vite_ssr_import_0__.default.div.visible.visible
FNDA:6,__vite_ssr_import_0__.default.div.visible.visible
FNDA:21,__vite_ssr_import_0__.default.div.theme.theme
FNDA:21,__vite_ssr_import_0__.default.div.open.open
FNDA:21,__vite_ssr_import_0__.default.span.open.open
DA:1,1
DA:2,1
DA:3,1
DA:4,1
DA:5,1
DA:6,1
DA:7,1
DA:8,1
DA:9,1
DA:10,1
DA:11,1
DA:12,1
DA:13,1
DA:14,1
DA:15,1
DA:16,1
DA:17,1
DA:18,1
DA:19,1
DA:20,1
DA:21,1
DA:22,1
DA:23,1
DA:24,1
DA:25,1
DA:26,1
DA:27,1
DA:28,1
DA:29,1
DA:30,1
DA:31,1
DA:32,1
DA:33,1
DA:34,1
DA:35,1
DA:36,1
DA:37,1
DA:38,1
DA:39,1
DA:40,21
DA:41,15
DA:42,1
DA:43,1
DA:44,1
DA:45,1
DA:46,1
DA:47,1
DA:48,1
DA:49,1
DA:50,1
DA:51,1
DA:52,1
DA:53,1
DA:54,1
DA:55,1
DA:56,1
DA:57,1
DA:58,1
DA:59,1
DA:60,1
DA:61,1
DA:62,1
DA:63,1
DA:64,1
DA:65,1
DA:66,1
DA:67,1
DA:68,1
DA:69,1
DA:70,1
DA:71,1
DA:72,1
DA:73,1
DA:74,1
DA:75,1
DA:76,1
DA:77,1
DA:78,1
DA:79,1
DA:80,1
DA:81,1
DA:82,1
DA:83,1
DA:84,1
DA:85,1
DA:86,1
DA:87,1
DA:88,1
DA:89,1
DA:90,1
DA:91,1
DA:92,1
DA:93,1
DA:94,1
LF:94
LH:94
BRDA:12,0,0,6
BRDA:23,1,0,6
BRDA:23,2,0,0
BRDA:26,3,0,6
BRDA:26,4,0,1
BRDA:26,5,0,5
BRDA:36,6,0,21
BRDA:37,7,0,21
BRDA:39,8,0,21
BRDA:40,9,0,15
BRDA:41,10,0,0
BRDA:41,11,0,6
BRDA:53,12,0,21
BRDA:58,13,0,21
BRDA:58,14,0,6
BRDA:58,15,0,15
BRDA:88,16,0,6
BRF:17
BRH:15
end_of_record
TN:
SF:src\components\timeline\timeline-popover-elements.tsx
FN:27,LayoutSwitcher
FN:45,onSelect
FN:51,onSelect
FN:64,onSelect
FN:72,onSelect
FN:102,QuickJump
FN:125,onSelect
FNF:7
FNH:3
FNDA:15,LayoutSwitcher
FNDA:1,onSelect
FNDA:0,onSelect
FNDA:0,onSelect
FNDA:0,onSelect
FNDA:2,QuickJump
FNDA:0,onSelect
DA:1,1
DA:2,1
DA:3,1
DA:4,1
DA:5,1
DA:6,1
DA:7,1
DA:8,1
DA:9,1
DA:10,1
DA:11,1
DA:12,1
DA:13,1
DA:14,1
DA:15,1
DA:16,1
DA:17,1
DA:18,1
DA:19,1
DA:20,1
DA:21,1
DA:22,1
DA:23,1
DA:24,1
DA:25,1
DA:26,1
DA:27,1
DA:28,15
DA:29,15
DA:30,15
DA:31,15
DA:32,15
DA:33,15
DA:34,15
DA:35,15
DA:36,15
DA:37,15
DA:38,15
DA:39,15
DA:40,15
DA:41,15
DA:42,15
DA:43,10
DA:44,10
DA:45,10
DA:46,10
DA:47,10
DA:48,10
DA:49,10
DA:50,10
DA:51,10
DA:52,10
DA:53,10
DA:54,10
DA:55,10
DA:56,15
DA:57,15
DA:58,15
DA:59,15
DA:60,15
DA:61,15
DA:62,10
DA:63,10
DA:64,10
DA:65,0
DA:66,0
DA:67,10
DA:68,10
DA:69,10
DA:70,10
DA:71,10
DA:72,10
DA:73,0
DA:74,0
DA:75,10
DA:76,10
DA:77,10
DA:78,10
DA:79,15
DA:80,15
DA:81,15
DA:82,15
DA:83,15
DA:84,15
DA:85,15
DA:86,15
DA:87,15
DA:88,15
DA:89,15
DA:90,15
DA:91,15
DA:92,2
DA:93,11
DA:94,15
DA:95,15
DA:96,15
DA:97,15
DA:98,15
DA:99,15
DA:100,15
DA:101,1
DA:102,1
DA:103,2
DA:104,2
DA:105,2
DA:106,2
DA:107,2
DA:108,2
DA:109,2
DA:110,2
DA:111,2
DA:112,2
DA:113,2
DA:114,2
DA:115,2
DA:116,2
DA:117,2
DA:118,2
DA:119,2
DA:120,2
DA:121,4
DA:122,4
DA:123,4
DA:124,4
DA:125,4
DA:126,4
DA:127,2
DA:128,2
DA:129,2
DA:130,2
DA:131,2
DA:132,2
DA:133,2
DA:134,1
DA:135,1
LF:135
LH:131
BRDA:27,0,0,15
BRDA:91,1,0,11
BRDA:91,2,0,2
BRDA:92,3,0,11
BRDA:37,4,0,10
BRDA:42,5,0,10
BRDA:45,6,0,1
BRDA:61,7,0,10
BRDA:102,8,0,2
BRDA:120,9,0,4
BRF:10
BRH:10
end_of_record
TN:
SF:src\components\timeline\timeline-toolbar.tsx
FN:10,TimelineToolbar
FN:39,onSelect
FN:44,onSelect
FN:49,onSelect
FNF:4
FNH:1
FNDA:11,TimelineToolbar
FNDA:0,onSelect
FNDA:0,onSelect
FNDA:0,onSelect
DA:1,1
DA:2,1
DA:3,1
DA:4,1
DA:5,1
DA:6,1
DA:7,1
DA:8,1
DA:9,1
DA:10,1
DA:11,11
DA:12,11
DA:13,11
DA:14,11
DA:15,11
DA:16,11
DA:17,11
DA:18,11
DA:19,11
DA:20,11
DA:21,11
DA:22,11
DA:23,11
DA:24,11
DA:25,11
DA:26,11
DA:27,11
DA:28,11
DA:29,11
DA:30,11
DA:31,11
DA:32,11
DA:33,11
DA:34,11
DA:35,7
DA:36,7
DA:37,7
DA:38,7
DA:39,7
DA:40,7
DA:41,7
DA:42,7
DA:43,7
DA:44,7
DA:45,7
DA:46,7
DA:47,7
DA:48,7
DA:49,7
DA:50,7
DA:51,7
DA:52,11
DA:53,11
DA:54,11
DA:55,11
DA:56,7
DA:57,0
DA:58,7
DA:59,11
DA:60,11
DA:61,11
DA:62,11
DA:63,7
DA:64,0
DA:65,7
DA:66,11
DA:67,11
DA:68,11
DA:69,11
DA:70,11
DA:71,11
DA:72,11
DA:73,11
DA:74,11
DA:75,11
DA:76,11
DA:77,11
DA:78,11
DA:79,11
DA:80,11
DA:81,11
DA:82,11
DA:83,11
DA:84,11
DA:85,11
DA:86,11
DA:87,0
DA:88,0
DA:89,0
DA:90,0
DA:91,0
DA:92,0
DA:93,0
DA:94,0
DA:95,0
DA:96,0
DA:97,0
DA:98,0
DA:99,10
DA:100,11
DA:101,10
DA:102,10
DA:103,10
DA:104,10
DA:105,10
DA:106,10
DA:107,10
DA:108,0
DA:109,11
DA:110,11
DA:111,11
DA:112,1
DA:113,1
DA:114,1
LF:114
LH:99
BRDA:10,0,0,11
BRDA:86,1,0,0
BRDA:98,2,0,10
BRDA:100,3,0,10
BRDA:107,4,0,0
BRDA:34,5,0,7
BRDA:55,6,0,7
BRDA:56,7,0,0
BRDA:62,8,0,7
BRDA:63,9,0,0
BRF:10
BRH:6
end_of_record
TN:
SF:src\components\timeline\timeline.style.ts
FN:23,Object.defineProperty.enumerable
FN:75,__vite_ssr_import_0__.default.div.$scrollable.$scrollable
FN:78,__vite_ssr_import_0__.default.div.$scrollable.$scrollable
FN:111,Object.defineProperty.enumerable
FN:160,Object.defineProperty.enumerable
FNF:5
FNH:5
FNDA:10,Object.defineProperty.enumerable
FNDA:10,__vite_ssr_import_0__.default.div.$scrollable.$scrollable
FNDA:10,__vite_ssr_import_0__.default.div.$scrollable.$scrollable
FNDA:1,Object.defineProperty.enumerable
FNDA:10,Object.defineProperty.enumerable
DA:1,1
DA:2,1
DA:3,1
DA:4,1
DA:5,1
DA:6,1
DA:7,1
DA:8,1
DA:9,1
DA:10,1
DA:11,1
DA:12,1
DA:13,1
DA:14,1
DA:15,1
DA:16,1
DA:17,1
DA:18,1
DA:19,1
DA:20,1
DA:21,1
DA:22,1
DA:23,1
DA:24,10
DA:25,0
DA:26,10
DA:27,10
DA:28,10
DA:29,10
DA:30,10
DA:31,10
DA:32,10
DA:33,10
DA:34,10
DA:35,10
DA:36,1
DA:37,1
DA:38,1
DA:39,10
DA:40,0
DA:41,10
DA:42,10
DA:43,10
DA:44,10
DA:45,10
DA:46,10
DA:47,10
DA:48,1
DA:49,1
DA:50,1
DA:51,1
DA:52,1
DA:53,1
DA:54,1
DA:55,1
DA:56,1
DA:57,1
DA:58,1
DA:59,1
DA:60,1
DA:61,1
DA:62,1
DA:63,1
DA:64,1
DA:65,1
DA:66,1
DA:67,1
DA:68,1
DA:69,1
DA:70,1
DA:71,1
DA:72,1
DA:73,1
DA:74,1
DA:75,1
DA:76,1
DA:77,1
DA:78,1
DA:79,1
DA:80,1
DA:81,1
DA:82,1
DA:83,1
DA:84,1
DA:85,1
DA:86,1
DA:87,1
DA:88,1
DA:89,1
DA:90,1
DA:91,1
DA:92,1
DA:93,1
DA:94,1
DA:95,1
DA:96,1
DA:97,1
DA:98,1
DA:99,1
DA:100,1
DA:101,1
DA:102,1
DA:103,1
DA:104,1
DA:105,1
DA:106,1
DA:107,1
DA:108,1
DA:109,1
DA:110,1
DA:111,1
DA:112,1
DA:113,1
DA:114,1
DA:115,1
DA:116,1
DA:117,1
DA:118,1
DA:119,1
DA:120,1
DA:121,1
DA:122,1
DA:123,1
DA:124,1
DA:125,1
DA:126,1
DA:127,0
DA:128,0
DA:129,0
DA:130,0
DA:131,0
DA:132,0
DA:133,1
DA:134,1
DA:135,1
DA:136,1
DA:137,1
DA:138,1
DA:139,1
DA:140,1
DA:141,1
DA:142,1
DA:143,1
DA:144,1
DA:145,1
DA:146,1
DA:147,1
DA:148,1
DA:149,1
DA:150,1
DA:151,1
DA:152,1
DA:153,1
DA:154,1
DA:155,1
DA:156,1
DA:157,1
DA:158,1
DA:159,1
DA:160,1
DA:161,1
DA:162,1
LF:162
LH:154
BRDA:23,0,0,10
BRDA:24,1,0,0
BRDA:24,2,0,0
BRDA:38,3,0,10
BRDA:39,4,0,0
BRDA:39,5,0,0
BRDA:75,6,0,10
BRDA:75,7,0,1
BRDA:75,8,0,9
BRDA:78,9,0,10
BRDA:78,10,0,0
BRDA:86,11,0,10
BRDA:86,12,0,0
BRDA:111,13,0,1
BRDA:114,14,0,1
BRDA:146,15,0,10
BRDA:146,16,0,0
BRDA:160,17,0,10
BRDA:160,18,0,0
BRDA:161,19,0,10
BRDA:161,20,0,0
BRF:21
BRH:12
end_of_record
TN:
SF:src\components\timeline\timeline.tsx
FN:29,Timeline
FN:175,handleTimelineItemClick
FN:232,handleScroll
FN:266,toggleMedia
FN:278,observer.current.IntersectionObserver.root
FN:348,onMouseDown
FN:352,onKeyUp
FN:391,onScroll
FN:421,onElapsed
FN:444,onElapsed
FN:466,onElapsed
FNF:11
FNH:2
FNDA:11,Timeline
FNDA:0,handleTimelineItemClick
FNDA:0,handleScroll
FNDA:0,toggleMedia
FNDA:0,observer.current.IntersectionObserver.root
FNDA:3,onMouseDown
FNDA:0,onKeyUp
FNDA:0,onScroll
FNDA:0,onElapsed
FNDA:0,onElapsed
FNDA:0,onElapsed
DA:1,1
DA:2,1
DA:3,1
DA:4,1
DA:5,1
DA:6,1
DA:7,1
DA:8,1
DA:9,1
DA:10,1
DA:11,1
DA:12,1
DA:13,1
DA:14,1
DA:15,1
DA:16,1
DA:17,1
DA:18,1
DA:19,1
DA:20,1
DA:21,1
DA:22,1
DA:23,1
DA:24,1
DA:25,1
DA:26,1
DA:27,1
DA:28,1
DA:29,1
DA:30,11
DA:31,11
DA:32,11
DA:33,11
DA:34,11
DA:35,11
DA:36,11
DA:37,11
DA:38,11
DA:39,11
DA:40,11
DA:41,11
DA:42,11
DA:43,11
DA:44,11
DA:45,11
DA:46,11
DA:47,11
DA:48,11
DA:49,11
DA:50,11
DA:51,11
DA:52,11
DA:53,11
DA:54,11
DA:55,11
DA:56,11
DA:57,11
DA:58,11
DA:59,11
DA:60,11
DA:61,11
DA:62,11
DA:63,11
DA:64,11
DA:65,11
DA:66,11
DA:67,11
DA:68,11
DA:69,11
DA:70,11
DA:71,11
DA:72,11
DA:73,11
DA:74,11
DA:75,11
DA:76,11
DA:77,11
DA:78,11
DA:79,11
DA:80,11
DA:81,11
DA:82,11
DA:83,11
DA:84,11
DA:85,11
DA:86,11
DA:87,11
DA:88,11
DA:89,11
DA:90,7
DA:91,7
DA:92,0
DA:93,0
DA:94,7
DA:95,7
DA:96,0
DA:97,0
DA:98,7
DA:99,11
DA:100,11
DA:101,11
DA:102,11
DA:103,11
DA:104,11
DA:105,11
DA:106,11
DA:107,11
DA:108,0
DA:109,0
DA:110,0
DA:111,0
DA:112,11
DA:113,11
DA:114,11
DA:115,11
DA:116,11
DA:117,1
DA:118,1
DA:119,1
DA:120,1
DA:121,1
DA:122,1
DA:123,1
DA:124,11
DA:125,11
DA:126,11
DA:127,0
DA:128,0
DA:129,0
DA:130,0
DA:131,11
DA:132,11
DA:133,11
DA:134,1
DA:135,1
DA:136,1
DA:137,1
DA:138,11
DA:139,11
DA:140,11
DA:141,1
DA:142,1
DA:143,1
DA:144,1
DA:145,11
DA:146,11
DA:147,11
DA:148,11
DA:149,11
DA:150,0
DA:151,0
DA:152,0
DA:153,0
DA:154,0
DA:155,0
DA:156,0
DA:157,0
DA:158,0
DA:159,0
DA:160,0
DA:161,0
DA:162,0
DA:163,0
DA:164,0
DA:165,0
DA:166,0
DA:167,0
DA:168,0
DA:169,0
DA:170,0
DA:171,0
DA:172,11
DA:173,11
DA:174,11
DA:175,11
DA:176,0
DA:177,0
DA:178,0
DA:179,0
DA:180,0
DA:181,0
DA:182,0
DA:183,0
DA:184,0
DA:185,0
DA:186,0
DA:187,0
DA:188,0
DA:189,0
DA:190,11
DA:191,11
DA:192,7
DA:193,7
DA:194,7
DA:195,0
DA:196,0
DA:197,7
DA:198,7
DA:199,7
DA:200,7
DA:201,7
DA:202,7
DA:203,7
DA:204,7
DA:205,7
DA:206,7
DA:207,7
DA:208,7
DA:209,7
DA:210,1
DA:211,1
DA:212,1
DA:213,1
DA:214,1
DA:215,1
DA:216,1
DA:217,1
DA:218,1
DA:219,0
DA:220,0
DA:221,0
DA:222,0
DA:223,0
DA:224,0
DA:225,0
DA:226,0
DA:227,0
DA:228,1
DA:229,7
DA:230,11
DA:231,11
DA:232,11
DA:233,0
DA:234,0
DA:235,0
DA:236,0
DA:237,0
DA:238,11
DA:239,11
DA:240,7
DA:241,7
DA:242,0
DA:243,0
DA:244,7
DA:245,1
DA:246,7
DA:247,6
DA:248,6
DA:249,11
DA:250,11
DA:251,11
DA:252,7
DA:253,7
DA:254,7
DA:255,7
DA:256,7
DA:257,5
DA:258,5
DA:259,15
DA:260,15
DA:261,15
DA:262,5
DA:263,5
DA:264,7
DA:265,7
DA:266,7
DA:267,0
DA:268,0
DA:269,0
DA:270,0
DA:271,0
DA:272,0
DA:273,0
DA:274,0
DA:275,7
DA:276,7
DA:277,6
DA:278,6
DA:279,0
DA:280,0
DA:281,0
DA:282,0
DA:283,0
DA:284,0
DA:285,0
DA:286,0
DA:287,0
DA:288,0
DA:289,0
DA:290,0
DA:291,0
DA:292,0
DA:293,0
DA:294,0
DA:295,0
DA:296,0
DA:297,6
DA:298,6
DA:299,6
DA:300,6
DA:301,6
DA:302,6
DA:303,7
DA:304,7
DA:305,7
DA:306,6
DA:307,6
DA:308,7
DA:309,7
DA:310,11
DA:311,11
DA:312,11
DA:313,11
DA:314,0
DA:315,0
DA:316,0
DA:317,0
DA:318,0
DA:319,11
DA:320,11
DA:321,11
DA:322,11
DA:323,0
DA:324,0
DA:325,0
DA:326,0
DA:327,0
DA:328,0
DA:329,0
DA:330,0
DA:331,0
DA:332,0
DA:333,0
DA:334,11
DA:335,11
DA:336,11
DA:337,7
DA:338,7
DA:339,7
DA:340,7
DA:341,11
DA:342,11
DA:343,11
DA:344,11
DA:345,11
DA:346,11
DA:347,11
DA:348,11
DA:349,3
DA:350,3
DA:351,11
DA:352,11
DA:353,0
DA:354,0
DA:355,0
DA:356,0
DA:357,11
DA:358,11
DA:359,10
DA:360,10
DA:361,10
DA:362,10
DA:363,10
DA:364,10
DA:365,10
DA:366,10
DA:367,10
DA:368,10
DA:369,10
DA:370,10
DA:371,10
DA:372,10
DA:373,10
DA:374,10
DA:375,10
DA:376,10
DA:377,10
DA:378,10
DA:379,10
DA:380,10
DA:381,0
DA:382,11
DA:383,11
DA:384,11
DA:385,11
DA:386,11
DA:387,11
DA:388,11
DA:389,11
DA:390,11
DA:391,11
DA:392,0
DA:393,0
DA:394,0
DA:395,0
DA:396,0
DA:397,0
DA:398,0
DA:399,0
DA:400,0
DA:401,0
DA:402,0
DA:403,0
DA:404,0
DA:405,0
DA:406,0
DA:407,0
DA:408,0
DA:409,11
DA:410,11
DA:411,11
DA:412,7
DA:413,7
DA:414,7
DA:415,7
DA:416,7
DA:417,7
DA:418,7
DA:419,7
DA:420,7
DA:421,7
DA:422,0
DA:423,7
DA:424,7
DA:425,7
DA:426,7
DA:427,7
DA:428,7
DA:429,7
DA:430,3
DA:431,11
DA:432,11
DA:433,11
DA:434,1
DA:435,1
DA:436,1
DA:437,1
DA:438,1
DA:439,1
DA:440,1
DA:441,1
DA:442,1
DA:443,1
DA:444,1
DA:445,0
DA:446,1
DA:447,1
DA:448,1
DA:449,1
DA:450,1
DA:451,1
DA:452,9
DA:453,11
DA:454,11
DA:455,11
DA:456,2
DA:457,2
DA:458,2
DA:459,2
DA:460,2
DA:461,2
DA:462,2
DA:463,2
DA:464,2
DA:465,2
DA:466,2
DA:467,0
DA:468,2
DA:469,2
DA:470,2
DA:471,2
DA:472,2
DA:473,2
DA:474,2
DA:475,8
DA:476,11
DA:477,11
DA:478,11
DA:479,11
DA:480,11
DA:481,11
DA:482,11
DA:483,11
DA:484,11
DA:485,11
DA:486,11
DA:487,1
DA:488,1
DA:489,1
DA:490,1
LF:490
LH:357
BRDA:29,0,0,11
BRDA:81,1,0,1
BRDA:81,2,0,0
BRDA:81,3,0,10
BRDA:102,4,0,0
BRDA:102,5,0,10
BRDA:358,6,0,10
BRDA:380,7,0,0
BRDA:411,8,0,7
BRDA:429,9,0,3
BRDA:433,10,0,9
BRDA:433,11,0,1
BRDA:451,12,0,9
BRDA:455,13,0,2
BRDA:474,14,0,8
BRDA:89,15,0,7
BRDA:91,16,0,0
BRDA:95,17,0,0
BRDA:116,18,0,1
BRDA:133,19,0,1
BRDA:140,20,0,1
BRDA:191,21,0,7
BRDA:192,22,0,6
BRDA:194,23,0,0
BRDA:209,24,0,1
BRDA:214,25,0,0
BRDA:218,26,0,0
BRDA:218,27,0,0
BRDA:239,28,0,7
BRDA:241,29,0,0
BRDA:244,30,0,1
BRDA:246,31,0,6
BRDA:251,32,0,7
BRDA:276,33,0,6
BRDA:253,34,0,7
BRDA:256,35,0,5
BRDA:258,36,0,15
BRDA:304,37,0,7
BRDA:305,38,0,6
BRDA:336,39,0,7
BRDA:348,40,0,3
BRF:41
BRH:31
end_of_record
TN:
SF:src\components\timeline-elements\memoized\index.tsx
FN:23,TitleMemo
FNF:1
FNH:1
FNDA:29,TitleMemo
DA:1,1
DA:2,1
DA:3,1
DA:4,1
DA:5,1
DA:6,1
DA:7,1
DA:8,1
DA:9,1
DA:10,1
DA:11,1
DA:12,1
DA:13,1
DA:14,1
DA:15,1
DA:16,1
DA:17,1
DA:18,1
DA:19,1
DA:20,1
DA:21,1
DA:22,1
DA:23,1
DA:24,29
DA:25,29
DA:26,29
DA:27,29
DA:28,29
DA:29,29
DA:30,29
DA:31,29
DA:32,29
DA:33,29
DA:34,29
DA:35,25
DA:36,25
DA:37,25
DA:38,25
DA:39,25
DA:40,25
DA:41,25
DA:42,25
DA:43,25
DA:44,25
DA:45,1
DA:46,1
DA:47,1
DA:48,24
DA:49,24
DA:50,25
DA:51,25
DA:52,4
DA:53,29
DA:54,1
DA:55,1
DA:56,1
DA:57,1
DA:58,1
DA:59,29
DA:60,24
DA:61,24
DA:62,24
DA:63,24
DA:64,24
DA:65,24
DA:66,24
DA:67,24
DA:68,24
DA:69,24
DA:70,5
DA:71,1
DA:72,0
DA:73,1
DA:74,1
DA:75,1
DA:76,1
DA:77,1
DA:78,1
DA:79,0
DA:80,0
DA:81,0
DA:82,0
DA:83,0
DA:84,0
DA:85,0
DA:86,0
DA:87,0
DA:88,0
DA:89,0
DA:90,0
DA:91,0
DA:92,0
DA:93,0
DA:94,0
DA:95,0
DA:96,0
DA:97,1
DA:98,1
DA:99,1
DA:100,1
DA:101,1
DA:102,1
DA:103,1
DA:104,0
DA:105,0
DA:106,0
DA:107,0
DA:108,0
DA:109,0
DA:110,0
DA:111,0
DA:112,0
DA:113,0
DA:114,0
DA:115,0
DA:116,0
DA:117,0
DA:118,0
DA:119,0
DA:120,0
DA:121,1
DA:122,1
DA:123,1
DA:124,1
DA:125,1
DA:126,1
DA:127,10
DA:128,10
DA:129,10
DA:130,10
DA:131,10
DA:132,10
DA:133,10
DA:134,10
DA:135,10
DA:136,0
DA:137,0
DA:138,0
DA:139,10
DA:140,10
DA:141,10
DA:142,10
DA:143,10
DA:144,10
DA:145,10
DA:146,10
DA:147,10
DA:148,0
DA:149,0
DA:150,10
DA:151,10
DA:152,10
DA:153,0
DA:154,0
DA:155,0
DA:156,0
DA:157,0
DA:158,0
DA:159,0
DA:160,0
DA:161,0
DA:162,0
DA:163,10
DA:164,10
DA:165,1
DA:166,0
DA:167,0
DA:168,0
DA:169,0
DA:170,1
DA:171,1
DA:172,1
DA:173,1
DA:174,1
LF:174
LH:119
BRDA:23,0,0,29
BRDA:34,1,0,25
BRDA:36,2,0,6
BRDA:36,3,0,19
BRDA:44,4,0,1
BRDA:47,5,0,24
BRDA:51,6,0,4
BRDA:58,7,0,29
BRDA:59,8,0,24
BRDA:69,9,0,5
BRDA:126,10,0,10
BRDA:152,11,0,0
BRDA:143,12,0,10
BRDA:144,13,0,0
BRDA:147,14,0,0
BRF:15
BRH:12
end_of_record
TN:
SF:src\components\timeline-elements\timeline-card\timeline-horizontal-card.styles.ts
FN:44,ShapeBorderStyle
FN:57,Object.defineProperty.enumerable
FN:58,Object.defineProperty.enumerable
FN:59,Object.defineProperty.enumerable
FN:76,Object.defineProperty.enumerable
FN:86,Object.defineProperty.enumerable
FN:90,Object.defineProperty.enumerable
FN:91,Object.defineProperty.enumerable
FN:137,Object.defineProperty.enumerable
FNF:9
FNH:9
FNDA:58,ShapeBorderStyle
FNDA:29,Object.defineProperty.enumerable
FNDA:29,Object.defineProperty.enumerable
FNDA:29,Object.defineProperty.enumerable
FNDA:29,Object.defineProperty.enumerable
FNDA:29,Object.defineProperty.enumerable
FNDA:29,Object.defineProperty.enumerable
FNDA:29,Object.defineProperty.enumerable
FNDA:6,Object.defineProperty.enumerable
DA:1,1
DA:2,1
DA:3,1
DA:4,1
DA:5,1
DA:6,1
DA:7,1
DA:8,1
DA:9,1
DA:10,1
DA:11,1
DA:12,1
DA:13,1
DA:14,1
DA:15,1
DA:16,1
DA:17,1
DA:18,1
DA:19,1
DA:20,1
DA:21,1
DA:22,1
DA:23,1
DA:24,1
DA:25,1
DA:26,1
DA:27,1
DA:28,1
DA:29,1
DA:30,1
DA:31,1
DA:32,1
DA:33,1
DA:34,1
DA:35,1
DA:36,1
DA:37,1
DA:38,1
DA:39,1
DA:40,1
DA:41,1
DA:42,1
DA:43,1
DA:44,1
DA:45,58
DA:46,58
DA:47,58
DA:48,0
DA:49,0
DA:50,0
DA:51,0
DA:52,58
DA:53,1
DA:54,1
DA:55,1
DA:56,1
DA:57,1
DA:58,1
DA:59,1
DA:60,1
DA:61,1
DA:62,1
DA:63,1
DA:64,1
DA:65,1
DA:66,1
DA:67,1
DA:68,1
DA:69,1
DA:70,1
DA:71,1
DA:72,1
DA:73,1
DA:74,1
DA:75,1
DA:76,1
DA:77,1
DA:78,1
DA:79,1
DA:80,1
DA:81,1
DA:82,1
DA:83,1
DA:84,1
DA:85,1
DA:86,1
DA:87,1
DA:88,1
DA:89,1
DA:90,1
DA:91,1
DA:92,1
DA:93,1
DA:94,1
DA:95,1
DA:96,1
DA:97,1
DA:98,1
DA:99,1
DA:100,1
DA:101,1
DA:102,1
DA:103,1
DA:104,1
DA:105,1
DA:106,1
DA:107,1
DA:108,1
DA:109,1
DA:110,1
DA:111,1
DA:112,1
DA:113,1
DA:114,1
DA:115,1
DA:116,1
DA:117,1
DA:118,1
DA:119,1
DA:120,1
DA:121,1
DA:122,1
DA:123,1
DA:124,1
DA:125,1
DA:126,1
DA:127,1
DA:128,1
DA:129,1
DA:130,1
DA:131,1
DA:132,1
DA:133,1
DA:134,1
DA:135,1
DA:136,1
DA:137,1
DA:138,1
DA:139,1
DA:140,1
DA:141,1
DA:142,1
DA:143,1
DA:144,1
DA:145,1
DA:146,1
DA:147,1
DA:148,1
DA:149,1
DA:150,1
LF:150
LH:146
BRDA:44,0,0,58
BRDA:47,1,0,0
BRDA:57,2,0,29
BRDA:58,3,0,29
BRDA:59,4,0,29
BRDA:60,5,0,0
BRDA:67,6,0,29
BRDA:68,7,0,0
BRDA:75,8,0,29
BRDA:75,9,0,0
BRDA:76,10,0,29
BRDA:76,11,0,0
BRDA:86,12,0,29
BRDA:89,13,0,29
BRDA:90,14,0,29
BRDA:90,15,0,0
BRDA:91,16,0,29
BRDA:99,17,0,29
BRDA:137,18,0,6
BRDA:137,19,0,0
BRDA:137,20,0,0
BRDA:142,21,0,6
BRF:22
BRH:14
end_of_record
TN:
SF:src\components\timeline-elements\timeline-card\timeline-horizontal-card.tsx
FN:22,TimelineCard
FN:62,handleClick
FN:149,showTimelineContent
FNF:3
FNH:2
FNDA:9,TimelineCard
FNDA:0,handleClick
FNDA:6,showTimelineContent
DA:1,1
DA:2,1
DA:3,1
DA:4,1
DA:5,1
DA:6,1
DA:7,1
DA:8,1
DA:9,1
DA:10,1
DA:11,1
DA:12,1
DA:13,1
DA:14,1
DA:15,1
DA:16,1
DA:17,1
DA:18,1
DA:19,1
DA:20,1
DA:21,1
DA:22,1
DA:23,9
DA:24,9
DA:25,9
DA:26,9
DA:27,9
DA:28,9
DA:29,9
DA:30,9
DA:31,9
DA:32,9
DA:33,9
DA:34,9
DA:35,9
DA:36,9
DA:37,9
DA:38,9
DA:39,9
DA:40,9
DA:41,9
DA:42,9
DA:43,9
DA:44,9
DA:45,9
DA:46,9
DA:47,9
DA:48,9
DA:49,9
DA:50,9
DA:51,9
DA:52,9
DA:53,9
DA:54,9
DA:55,9
DA:56,9
DA:57,9
DA:58,9
DA:59,9
DA:60,9
DA:61,9
DA:62,9
DA:63,0
DA:64,0
DA:65,0
DA:66,0
DA:67,9
DA:68,9
DA:69,9
DA:70,6
DA:71,6
DA:72,6
DA:73,6
DA:74,6
DA:75,6
DA:76,6
DA:77,6
DA:78,0
DA:79,0
DA:80,0
DA:81,6
DA:82,6
DA:83,9
DA:84,9
DA:85,9
DA:86,9
DA:87,9
DA:88,9
DA:89,9
DA:90,9
DA:91,9
DA:92,9
DA:93,9
DA:94,9
DA:95,9
DA:96,9
DA:97,9
DA:98,9
DA:99,9
DA:100,9
DA:101,9
DA:102,9
DA:103,9
DA:104,9
DA:105,9
DA:106,9
DA:107,9
DA:108,9
DA:109,9
DA:110,9
DA:111,9
DA:112,9
DA:113,9
DA:114,9
DA:115,9
DA:116,9
DA:117,9
DA:118,9
DA:119,9
DA:120,9
DA:121,9
DA:122,9
DA:123,9
DA:124,9
DA:125,9
DA:126,9
DA:127,9
DA:128,9
DA:129,9
DA:130,9
DA:131,9
DA:132,9
DA:133,9
DA:134,9
DA:135,9
DA:136,9
DA:137,9
DA:138,9
DA:139,9
DA:140,9
DA:141,9
DA:142,9
DA:143,9
DA:144,9
DA:145,9
DA:146,9
DA:147,9
DA:148,9
DA:149,9
DA:150,6
DA:151,6
DA:152,6
DA:153,6
DA:154,6
DA:155,6
DA:156,9
DA:157,9
DA:158,9
DA:159,9
DA:160,9
DA:161,9
DA:162,9
DA:163,9
DA:164,9
DA:165,9
DA:166,9
DA:167,9
DA:168,9
DA:169,9
DA:170,9
DA:171,9
DA:172,9
DA:173,9
DA:174,9
DA:175,9
DA:176,9
DA:177,9
DA:178,9
DA:179,9
DA:180,9
DA:181,9
DA:182,9
DA:183,9
DA:184,9
DA:185,9
DA:186,9
DA:187,9
DA:188,9
DA:189,9
DA:190,9
DA:191,9
DA:192,9
DA:193,9
DA:194,9
DA:195,1
DA:196,1
LF:196
LH:189
BRDA:22,0,0,9
BRDA:164,1,0,6
BRDA:177,2,0,6
BRDA:177,3,0,3
BRDA:187,4,0,6
BRDA:68,5,0,9
BRDA:69,6,0,6
BRDA:77,7,0,0
BRDA:87,8,0,9
BRDA:90,9,0,9
BRDA:94,10,0,0
BRDA:95,11,0,0
BRDA:100,12,0,9
BRDA:103,13,0,9
BRDA:108,14,0,6
BRDA:108,15,0,3
BRDA:113,16,0,9
BRDA:120,17,0,6
BRDA:149,18,0,6
BRDA:158,19,0,9
BRDA:158,20,0,6
BRDA:158,21,0,3
BRF:22
BRH:19
end_of_record
TN:
SF:src\components\timeline-elements\timeline-card-content\card-animations.styles.ts
FNF:0
FNH:0
DA:1,1
DA:2,1
DA:3,1
DA:4,1
DA:5,1
DA:6,1
DA:7,1
DA:8,1
DA:9,1
DA:10,1
DA:11,1
DA:12,1
DA:13,1
DA:14,1
DA:15,1
DA:16,1
DA:17,1
DA:18,1
DA:19,1
DA:20,1
DA:21,1
DA:22,1
DA:23,1
DA:24,1
DA:25,1
DA:26,1
DA:27,1
DA:28,1
DA:29,1
DA:30,1
DA:31,1
DA:32,1
DA:33,1
DA:34,1
DA:35,1
DA:36,1
DA:37,1
DA:38,1
DA:39,1
DA:40,1
DA:41,1
DA:42,1
DA:43,1
DA:44,1
DA:45,1
LF:45
LH:45
BRF:0
BRH:0
end_of_record
TN:
SF:src\components\timeline-elements\timeline-card-content\content-footer.tsx
FN:37,ContentFooter
FN:63,handleClick
FN:79,onKeyUp
FNF:3
FNH:1
FNDA:41,ContentFooter
FNDA:0,handleClick
FNDA:0,onKeyUp
DA:1,1
DA:2,1
DA:3,1
DA:4,1
DA:5,1
DA:6,1
DA:7,1
DA:8,1
DA:9,1
DA:10,1
DA:11,1
DA:12,1
DA:13,1
DA:14,1
DA:15,1
DA:16,1
DA:17,1
DA:18,1
DA:19,1
DA:20,1
DA:21,1
DA:22,1
DA:23,1
DA:24,1
DA:25,1
DA:26,1
DA:27,1
DA:28,1
DA:29,1
DA:30,1
DA:31,1
DA:32,1
DA:33,1
DA:34,1
DA:35,1
DA:36,1
DA:37,1
DA:38,41
DA:39,41
DA:40,41
DA:41,41
DA:42,41
DA:43,41
DA:44,41
DA:45,41
DA:46,41
DA:47,41
DA:48,41
DA:49,41
DA:50,41
DA:51,41
DA:52,41
DA:53,41
DA:54,41
DA:55,32
DA:56,32
DA:57,32
DA:58,32
DA:59,32
DA:60,32
DA:61,41
DA:62,41
DA:63,41
DA:64,0
DA:65,0
DA:66,0
DA:67,0
DA:68,41
DA:69,41
DA:70,32
DA:71,41
DA:72,41
DA:73,41
DA:74,41
DA:75,41
DA:76,0
DA:77,0
DA:78,0
DA:79,0
DA:80,0
DA:81,0
DA:82,0
DA:83,0
DA:84,0
DA:85,0
DA:86,0
DA:87,0
DA:88,0
DA:89,0
DA:90,0
DA:91,0
DA:92,0
DA:93,41
DA:94,41
DA:95,41
DA:96,0
DA:97,0
DA:98,0
DA:99,0
DA:100,0
DA:101,0
DA:102,0
DA:103,0
DA:104,41
DA:105,41
DA:106,41
DA:107,37
DA:108,37
DA:109,37
DA:110,37
DA:111,37
DA:112,41
DA:113,41
DA:114,41
DA:115,41
DA:116,1
DA:117,1
LF:117
LH:88
BRDA:37,0,0,41
BRDA:75,1,0,0
BRDA:95,2,0,0
BRDA:106,3,0,37
BRDA:54,4,0,32
BRDA:58,5,0,64
BRDA:69,6,0,32
BRDA:70,7,0,24
BRF:8
BRH:6
end_of_record
TN:
SF:src\components\timeline-elements\timeline-card-content\content-header.tsx
FNF:0
FNH:0
DA:1,1
DA:2,1
DA:3,1
DA:4,1
DA:5,1
DA:6,1
DA:7,1
DA:8,1
DA:9,1
DA:10,1
DA:11,1
DA:12,1
DA:13,1
DA:14,1
DA:15,1
DA:16,1
DA:17,1
DA:18,1
DA:19,1
DA:20,1
DA:21,25
DA:22,25
DA:23,25
DA:24,25
DA:25,25
DA:26,25
DA:27,25
DA:28,19
DA:29,19
DA:30,19
DA:31,19
DA:32,19
DA:33,19
DA:34,19
DA:35,25
DA:36,25
DA:37,25
DA:38,19
DA:39,19
DA:40,19
DA:41,19
DA:42,19
DA:43,19
DA:44,25
DA:45,25
DA:46,25
DA:47,25
DA:48,1
DA:49,1
DA:50,1
DA:51,1
DA:52,1
DA:53,1
LF:53
LH:53
BRDA:20,0,0,25
BRDA:27,1,0,19
BRDA:32,2,0,18
BRDA:33,3,0,18
BRDA:37,4,0,19
BRDA:41,5,0,18
BRDA:42,6,0,18
BRF:7
BRH:7
end_of_record
TN:
SF:src\components\timeline-elements\timeline-card-content\details-text.tsx
FNF:0
FNH:0
DA:1,1
DA:2,1
DA:3,1
DA:4,1
DA:5,1
DA:6,1
DA:7,1
DA:8,1
DA:9,41
DA:10,41
DA:11,41
DA:12,41
DA:13,41
DA:14,41
DA:15,41
DA:16,41
DA:17,41
DA:18,41
DA:19,41
DA:20,41
DA:21,41
DA:22,41
DA:23,41
DA:24,41
DA:25,41
DA:26,41
DA:27,41
DA:28,41
DA:29,41
DA:30,41
DA:31,41
DA:32,41
DA:33,41
DA:34,41
DA:35,41
DA:36,41
DA:37,41
DA:38,41
DA:39,41
DA:40,41
DA:41,41
DA:42,41
DA:43,41
DA:44,41
DA:45,41
DA:46,41
DA:47,41
DA:48,41
DA:49,41
DA:50,41
DA:51,41
DA:52,41
DA:53,41
DA:54,41
DA:55,41
DA:56,41
DA:57,41
DA:58,41
DA:59,41
DA:60,41
DA:61,41
DA:62,1
DA:63,1
DA:64,1
DA:65,1
DA:66,1
LF:66
LH:66
BRDA:8,0,0,41
BRDA:47,1,0,0
BRF:2
BRH:1
end_of_record
TN:
SF:src\components\timeline-elements\timeline-card-content\text-or-content.tsx
FN:30,renderTextArray
FN:62,getTextOrContent
FN:74,renderTimelineContent
FNF:3
FNH:3
FNDA:1,renderTextArray
FNDA:73,getTextOrContent
FNDA:41,renderTimelineContent
DA:1,1
DA:2,1
DA:3,1
DA:4,1
DA:5,1
DA:6,1
DA:7,1
DA:8,1
DA:9,1
DA:10,1
DA:11,1
DA:12,1
DA:13,1
DA:14,1
DA:15,1
DA:16,1
DA:17,1
DA:18,1
DA:19,1
DA:20,1
DA:21,1
DA:22,1
DA:23,1
DA:24,1
DA:25,1
DA:26,1
DA:27,1
DA:28,1
DA:29,1
DA:30,1
DA:31,1
DA:32,1
DA:33,1
DA:34,1
DA:35,1
DA:36,1
DA:37,1
DA:38,2
DA:39,0
DA:40,0
DA:41,0
DA:42,0
DA:43,0
DA:44,2
DA:45,2
DA:46,2
DA:47,2
DA:48,2
DA:49,2
DA:50,2
DA:51,2
DA:52,2
DA:53,2
DA:54,2
DA:55,2
DA:56,1
DA:57,1
DA:58,1
DA:59,1
DA:60,1
DA:61,1
DA:62,1
DA:63,73
DA:64,73
DA:65,73
DA:66,73
DA:67,73
DA:68,73
DA:69,73
DA:70,41
DA:71,41
DA:72,41
DA:73,41
DA:74,41
DA:75,41
DA:76,0
DA:77,41
DA:78,41
DA:79,41
DA:80,1
DA:81,1
DA:82,1
DA:83,1
DA:84,1
DA:85,1
DA:86,1
DA:87,41
DA:88,40
DA:89,40
DA:90,41
DA:91,41
DA:92,41
DA:93,0
DA:94,0
DA:95,0
DA:96,0
DA:97,0
DA:98,41
DA:99,41
DA:100,41
DA:101,35
DA:102,35
DA:103,35
DA:104,35
DA:105,35
DA:106,35
DA:107,35
DA:108,35
DA:109,6
DA:110,41
DA:111,41
DA:112,41
DA:113,41
DA:114,41
DA:115,73
DA:116,73
DA:117,73
DA:118,73
DA:119,73
DA:120,73
DA:121,1
DA:122,1
LF:122
LH:111
BRDA:30,0,0,1
BRDA:37,1,0,2
BRDA:38,2,0,0
BRDA:48,3,0,0
BRDA:53,4,0,0
BRDA:62,5,0,73
BRDA:69,6,0,41
BRDA:74,7,0,41
BRDA:75,8,0,0
BRDA:79,9,0,1
BRDA:81,10,0,0
BRDA:87,11,0,40
BRDA:88,12,0,0
BRDA:92,13,0,0
BRDA:92,14,0,0
BRDA:100,15,0,35
BRDA:102,16,0,0
BRDA:107,17,0,0
BRDA:107,18,0,0
BRDA:108,19,0,6
BRF:20
BRH:9
end_of_record
TN:
SF:src\components\timeline-elements\timeline-card-content\timeline-card-content.styles.ts
FN:35,__vite_ssr_import_0__.default.section.borderLessCards.borderLessCards
FN:39,Object.defineProperty.enumerable
FN:46,Object.defineProperty.enumerable
FN:47,Object.defineProperty.enumerable
FN:48,Object.defineProperty.enumerable
FN:49,Object.defineProperty.enumerable
FN:58,Object.defineProperty.enumerable
FN:79,Object.defineProperty.enumerable
FN:87,Object.defineProperty.enumerable
FN:90,Object.defineProperty.enumerable
FN:93,Object.defineProperty.enumerable
FN:149,Object.defineProperty.enumerable
FN:150,Object.defineProperty.enumerable
FN:164,Object.defineProperty.enumerable
FN:165,Object.defineProperty.enumerable
FN:170,Object.defineProperty.enumerable
FN:197,Object.defineProperty.enumerable
FN:221,__vite_ssr_import_0__.default.div.$cardHeight.$cardHeight
FN:225,__vite_ssr_import_0__.default.div.height.height
FN:237,__vite_ssr_import_0__.default.div.height.height
FN:240,__vite_ssr_import_0__.default.div.height.height
FN:244,__vite_ssr_import_0__.default.div.height.height
FN:246,Object.defineProperty.enumerable
FN:274,Object.defineProperty.enumerable
FN:275,Object.defineProperty.enumerable
FN:299,Object.defineProperty.enumerable
FN:316,slideAnimation
FN:332,Object.defineProperty.enumerable
FN:406,Object.defineProperty.enumerable
FNF:29
FNH:26
FNDA:41,__vite_ssr_import_0__.default.section.borderLessCards.borderLessCards
FNDA:41,Object.defineProperty.enumerable
FNDA:41,Object.defineProperty.enumerable
FNDA:41,Object.defineProperty.enumerable
FNDA:41,Object.defineProperty.enumerable
FNDA:41,Object.defineProperty.enumerable
FNDA:41,Object.defineProperty.enumerable
FNDA:41,Object.defineProperty.enumerable
FNDA:41,Object.defineProperty.enumerable
FNDA:41,Object.defineProperty.enumerable
FNDA:41,Object.defineProperty.enumerable
FNDA:24,Object.defineProperty.enumerable
FNDA:24,Object.defineProperty.enumerable
FNDA:25,Object.defineProperty.enumerable
FNDA:25,Object.defineProperty.enumerable
FNDA:25,Object.defineProperty.enumerable
FNDA:2,Object.defineProperty.enumerable
FNDA:41,__vite_ssr_import_0__.default.div.$cardHeight.$cardHeight
FNDA:41,__vite_ssr_import_0__.default.div.height.height
FNDA:41,__vite_ssr_import_0__.default.div.height.height
FNDA:41,__vite_ssr_import_0__.default.div.height.height
FNDA:41,__vite_ssr_import_0__.default.div.height.height
FNDA:41,Object.defineProperty.enumerable
FNDA:41,Object.defineProperty.enumerable
FNDA:41,Object.defineProperty.enumerable
FNDA:0,Object.defineProperty.enumerable
FNDA:0,slideAnimation
FNDA:0,Object.defineProperty.enumerable
FNDA:37,Object.defineProperty.enumerable
DA:1,1
DA:2,1
DA:3,1
DA:4,1
DA:5,1
DA:6,1
DA:7,1
DA:8,1
DA:9,1
DA:10,1
DA:11,1
DA:12,1
DA:13,1
DA:14,1
DA:15,1
DA:16,1
DA:17,1
DA:18,1
DA:19,1
DA:20,1
DA:21,1
DA:22,1
DA:23,1
DA:24,1
DA:25,1
DA:26,1
DA:27,1
DA:28,1
DA:29,1
DA:30,1
DA:31,1
DA:32,1
DA:33,1
DA:34,1
DA:35,1
DA:36,1
DA:37,1
DA:38,1
DA:39,1
DA:40,41
DA:41,41
DA:42,1
DA:43,1
DA:44,1
DA:45,1
DA:46,1
DA:47,1
DA:48,1
DA:49,1
DA:50,41
DA:51,0
DA:52,1
DA:53,1
DA:54,1
DA:55,1
DA:56,1
DA:57,1
DA:58,1
DA:59,41
DA:60,0
DA:61,0
DA:62,0
DA:63,0
DA:64,0
DA:65,0
DA:66,0
DA:67,0
DA:68,0
DA:69,0
DA:70,0
DA:71,0
DA:72,0
DA:73,41
DA:74,41
DA:75,41
DA:76,41
DA:77,1
DA:78,1
DA:79,1
DA:80,41
DA:81,0
DA:82,0
DA:83,41
DA:84,41
DA:85,1
DA:86,1
DA:87,1
DA:88,1
DA:89,1
DA:90,1
DA:91,1
DA:92,1
DA:93,1
DA:94,41
DA:95,0
DA:96,0
DA:97,0
DA:98,0
DA:99,0
DA:100,0
DA:101,0
DA:102,0
DA:103,0
DA:104,0
DA:105,0
DA:106,0
DA:107,0
DA:108,0
DA:109,0
DA:110,0
DA:111,0
DA:112,0
DA:113,0
DA:114,0
DA:115,0
DA:116,0
DA:117,0
DA:118,0
DA:119,41
DA:120,1
DA:121,1
DA:122,41
DA:123,0
DA:124,0
DA:125,0
DA:126,0
DA:127,0
DA:128,0
DA:129,41
DA:130,41
DA:131,0
DA:132,0
DA:133,0
DA:134,0
DA:135,41
DA:136,1
DA:137,1
DA:138,1
DA:139,1
DA:140,1
DA:141,1
DA:142,1
DA:143,1
DA:144,1
DA:145,1
DA:146,1
DA:147,1
DA:148,1
DA:149,1
DA:150,1
DA:151,1
DA:152,1
DA:153,1
DA:154,1
DA:155,1
DA:156,1
DA:157,1
DA:158,1
DA:159,1
DA:160,1
DA:161,1
DA:162,1
DA:163,1
DA:164,1
DA:165,1
DA:166,1
DA:167,1
DA:168,1
DA:169,1
DA:170,1
DA:171,1
DA:172,1
DA:173,1
DA:174,1
DA:175,1
DA:176,1
DA:177,1
DA:178,1
DA:179,1
DA:180,1
DA:181,1
DA:182,1
DA:183,1
DA:184,1
DA:185,1
DA:186,1
DA:187,1
DA:188,1
DA:189,1
DA:190,1
DA:191,1
DA:192,1
DA:193,1
DA:194,1
DA:195,1
DA:196,1
DA:197,1
DA:198,1
DA:199,1
DA:200,1
DA:201,1
DA:202,1
DA:203,1
DA:204,1
DA:205,1
DA:206,1
DA:207,1
DA:208,1
DA:209,1
DA:210,1
DA:211,1
DA:212,1
DA:213,1
DA:214,1
DA:215,1
DA:216,1
DA:217,1
DA:218,1
DA:219,1
DA:220,1
DA:221,1
DA:222,41
DA:223,37
DA:224,1
DA:225,1
DA:226,41
DA:227,41
DA:228,41
DA:229,41
DA:230,41
DA:231,41
DA:232,41
DA:233,0
DA:234,1
DA:235,1
DA:236,1
DA:237,1
DA:238,1
DA:239,1
DA:240,1
DA:241,1
DA:242,1
DA:243,1
DA:244,1
DA:245,1
DA:246,1
DA:247,41
DA:248,41
DA:249,41
DA:250,41
DA:251,41
DA:252,41
DA:253,41
DA:254,0
DA:255,0
DA:256,0
DA:257,0
DA:258,0
DA:259,0
DA:260,0
DA:261,0
DA:262,0
DA:263,41
DA:264,1
DA:265,1
DA:266,1
DA:267,1
DA:268,1
DA:269,1
DA:270,1
DA:271,1
DA:272,1
DA:273,1
DA:274,1
DA:275,1
DA:276,1
DA:277,1
DA:278,1
DA:279,1
DA:280,1
DA:281,1
DA:282,1
DA:283,1
DA:284,1
DA:285,1
DA:286,1
DA:287,1
DA:288,1
DA:289,1
DA:290,1
DA:291,1
DA:292,1
DA:293,1
DA:294,1
DA:295,1
DA:296,1
DA:297,1
DA:298,1
DA:299,1
DA:300,1
DA:301,1
DA:302,1
DA:303,1
DA:304,1
DA:305,1
DA:306,1
DA:307,1
DA:308,1
DA:309,1
DA:310,1
DA:311,1
DA:312,1
DA:313,1
DA:314,1
DA:315,1
DA:316,1
DA:317,0
DA:318,0
DA:319,0
DA:320,0
DA:321,0
DA:322,1
DA:323,1
DA:324,1
DA:325,1
DA:326,1
DA:327,1
DA:328,1
DA:329,1
DA:330,1
DA:331,1
DA:332,1
DA:333,1
DA:334,1
DA:335,1
DA:336,1
DA:337,1
DA:338,1
DA:339,1
DA:340,1
DA:341,1
DA:342,1
DA:343,0
DA:344,0
DA:345,0
DA:346,0
DA:347,0
DA:348,0
DA:349,0
DA:350,1
DA:351,1
DA:352,0
DA:353,0
DA:354,0
DA:355,0
DA:356,0
DA:357,0
DA:358,0
DA:359,0
DA:360,0
DA:361,0
DA:362,0
DA:363,0
DA:364,1
DA:365,1
DA:366,1
DA:367,1
DA:368,1
DA:369,1
DA:370,1
DA:371,1
DA:372,1
DA:373,1
DA:374,1
DA:375,1
DA:376,1
DA:377,1
DA:378,1
DA:379,1
DA:380,1
DA:381,1
DA:382,0
DA:383,0
DA:384,0
DA:385,0
DA:386,1
DA:387,1
DA:388,1
DA:389,1
DA:390,1
DA:391,1
DA:392,1
DA:393,1
DA:394,1
DA:395,1
DA:396,1
DA:397,1
DA:398,1
DA:399,1
DA:400,1
DA:401,1
DA:402,1
DA:403,1
DA:404,1
DA:405,1
DA:406,1
DA:407,1
DA:408,1
DA:409,1
DA:410,1
DA:411,1
DA:412,1
DA:413,1
DA:414,1
DA:415,1
DA:416,1
DA:417,1
DA:418,1
LF:418
LH:330
BRDA:35,0,0,41
BRDA:39,1,0,41
BRDA:41,2,0,0
BRDA:46,3,0,41
BRDA:46,4,0,0
BRDA:47,5,0,41
BRDA:48,6,0,41
BRDA:49,7,0,41
BRDA:50,8,0,0
BRDA:58,9,0,41
BRDA:59,10,0,0
BRDA:79,11,0,41
BRDA:80,12,0,0
BRDA:87,13,0,41
BRDA:87,14,0,0
BRDA:90,15,0,41
BRDA:93,16,0,41
BRDA:94,17,0,0
BRDA:94,18,0,0
BRDA:121,19,0,41
BRDA:122,20,0,0
BRDA:122,21,0,0
BRDA:130,22,0,0
BRDA:130,23,0,0
BRDA:149,24,0,24
BRDA:150,25,0,24
BRDA:155,26,0,24
BRDA:155,27,0,6
BRDA:155,28,0,18
BRDA:164,29,0,25
BRDA:165,30,0,25
BRDA:170,31,0,25
BRDA:170,32,0,0
BRDA:171,33,0,25
BRDA:188,34,0,35
BRDA:197,35,0,2
BRDA:198,36,0,2
BRDA:221,37,0,41
BRDA:222,38,0,37
BRDA:222,39,0,37
BRDA:222,40,0,37
BRDA:222,41,0,37
BRDA:223,42,0,4
BRDA:225,43,0,41
BRDA:232,44,0,0
BRDA:232,45,0,0
BRDA:237,46,0,41
BRDA:240,47,0,41
BRDA:241,48,0,0
BRDA:244,49,0,41
BRDA:244,50,0,0
BRDA:246,51,0,41
BRDA:253,52,0,0
BRDA:253,53,0,0
BRDA:253,54,0,0
BRDA:274,55,0,41
BRDA:275,56,0,41
BRDA:287,57,0,41
BRDA:406,58,0,37
BRDA:416,59,0,37
BRDA:417,60,0,14
BRDA:417,61,0,23
BRF:62
BRH:42
end_of_record
TN:
SF:src\components\timeline-elements\timeline-card-content\timeline-card-content.tsx
FN:339,onPointerDown
FNF:1
FNH:0
FNDA:0,onPointerDown
DA:1,1
DA:2,1
DA:3,1
DA:4,1
DA:5,1
DA:6,1
DA:7,1
DA:8,1
DA:9,1
DA:10,1
DA:11,1
DA:12,1
DA:13,1
DA:14,1
DA:15,1
DA:16,1
DA:17,1
DA:18,1
DA:19,1
DA:20,1
DA:21,1
DA:22,1
DA:23,1
DA:24,1
DA:25,71
DA:26,71
DA:27,71
DA:28,71
DA:29,71
DA:30,71
DA:31,71
DA:32,71
DA:33,71
DA:34,71
DA:35,71
DA:36,71
DA:37,71
DA:38,71
DA:39,71
DA:40,71
DA:41,71
DA:42,71
DA:43,71
DA:44,71
DA:45,71
DA:46,71
DA:47,71
DA:48,71
DA:49,71
DA:50,71
DA:51,71
DA:52,71
DA:53,71
DA:54,71
DA:55,71
DA:56,71
DA:57,71
DA:58,71
DA:59,71
DA:60,71
DA:61,71
DA:62,71
DA:63,71
DA:64,71
DA:65,71
DA:66,71
DA:67,71
DA:68,71
DA:69,71
DA:70,71
DA:71,71
DA:72,71
DA:73,71
DA:74,71
DA:75,71
DA:76,71
DA:77,71
DA:78,71
DA:79,71
DA:80,71
DA:81,71
DA:82,71
DA:83,71
DA:84,71
DA:85,71
DA:86,71
DA:87,32
DA:88,71
DA:89,71
DA:90,71
DA:91,71
DA:92,71
DA:93,71
DA:94,32
DA:95,71
DA:96,71
DA:97,71
DA:98,32
DA:99,32
DA:100,32
DA:101,32
DA:102,32
DA:103,71
DA:104,71
DA:105,71
DA:106,32
DA:107,6
DA:108,6
DA:109,71
DA:110,71
DA:111,71
DA:112,71
DA:113,82
DA:114,41
DA:115,41
DA:116,41
DA:117,82
DA:118,0
DA:119,0
DA:120,41
DA:121,41
DA:122,41
DA:123,41
DA:124,41
DA:125,41
DA:126,82
DA:127,71
DA:128,71
DA:129,71
DA:130,71
DA:131,0
DA:132,0
DA:133,0
DA:134,0
DA:135,0
DA:136,0
DA:137,0
DA:138,0
DA:139,0
DA:140,0
DA:141,0
DA:142,0
DA:143,0
DA:144,0
DA:145,0
DA:146,0
DA:147,0
DA:148,0
DA:149,71
DA:150,71
DA:151,71
DA:152,32
DA:153,0
DA:154,0
DA:155,71
DA:156,71
DA:157,71
DA:158,71
DA:159,0
DA:160,0
DA:161,0
DA:162,0
DA:163,0
DA:164,0
DA:165,0
DA:166,0
DA:167,0
DA:168,0
DA:169,0
DA:170,0
DA:171,0
DA:172,71
DA:173,71
DA:174,71
DA:175,71
DA:176,0
DA:177,0
DA:178,0
DA:179,0
DA:180,0
DA:181,0
DA:182,0
DA:183,0
DA:184,0
DA:185,0
DA:186,0
DA:187,0
DA:188,0
DA:189,71
DA:190,71
DA:191,71
DA:192,32
DA:193,0
DA:194,0
DA:195,32
DA:196,32
DA:197,0
DA:198,0
DA:199,0
DA:200,32
DA:201,32
DA:202,32
DA:203,0
DA:204,0
DA:205,32
DA:206,32
DA:207,32
DA:208,32
DA:209,71
DA:210,71
DA:211,71
DA:212,41
DA:213,0
DA:214,0
DA:215,71
DA:216,71
DA:217,71
DA:218,32
DA:219,0
DA:220,0
DA:221,71
DA:222,71
DA:223,71
DA:224,32
DA:225,71
DA:226,71
DA:227,71
DA:228,71
DA:229,71
DA:230,71
DA:231,32
DA:232,71
DA:233,71
DA:234,71
DA:235,71
DA:236,71
DA:237,71
DA:238,71
DA:239,71
DA:240,0
DA:241,0
DA:242,0
DA:243,0
DA:244,0
DA:245,0
DA:246,0
DA:247,0
DA:248,0
DA:249,0
DA:250,0
DA:251,71
DA:252,71
DA:253,71
DA:254,71
DA:255,71
DA:256,32
DA:257,32
DA:258,32
DA:259,32
DA:260,71
DA:261,71
DA:262,71
DA:263,71
DA:264,71
DA:265,32
DA:266,32
DA:267,28
DA:268,4
DA:269,32
DA:270,32
DA:271,71
DA:272,71
DA:273,71
DA:274,71
DA:275,71
DA:276,71
DA:277,71
DA:278,71
DA:279,71
DA:280,71
DA:281,32
DA:282,0
DA:283,32
DA:284,32
DA:285,32
DA:286,0
DA:287,0
DA:288,71
DA:289,71
DA:290,71
DA:291,0
DA:292,0
DA:293,0
DA:294,0
DA:295,71
DA:296,71
DA:297,71
DA:298,32
DA:299,0
DA:300,0
DA:301,0
DA:302,0
DA:303,0
DA:304,0
DA:305,32
DA:306,71
DA:307,71
DA:308,71
DA:309,71
DA:310,71
DA:311,71
DA:312,71
DA:313,71
DA:314,32
DA:315,32
DA:316,0
DA:317,32
DA:318,0
DA:319,32
DA:320,71
DA:321,71
DA:322,71
DA:323,71
DA:324,32
DA:325,71
DA:326,71
DA:327,71
DA:328,32
DA:329,32
DA:330,32
DA:331,32
DA:332,32
DA:333,32
DA:334,71
DA:335,71
DA:336,71
DA:337,32
DA:338,32
DA:339,32
DA:340,0
DA:341,0
DA:342,0
DA:343,0
DA:344,0
DA:345,0
DA:346,0
DA:347,0
DA:348,0
DA:349,0
DA:350,32
DA:351,32
DA:352,32
DA:353,32
DA:354,32
DA:355,71
DA:356,71
DA:357,71
DA:358,71
DA:359,71
DA:360,71
DA:361,71
DA:362,71
DA:363,71
DA:364,71
DA:365,71
DA:366,71
DA:367,71
DA:368,71
DA:369,71
DA:370,71
DA:371,71
DA:372,71
DA:373,71
DA:374,71
DA:375,71
DA:376,71
DA:377,71
DA:378,71
DA:379,71
DA:380,64
DA:381,64
DA:382,64
DA:383,64
DA:384,64
DA:385,64
DA:386,64
DA:387,7
DA:388,71
DA:389,71
DA:390,71
DA:391,22
DA:392,22
DA:393,22
DA:394,22
DA:395,22
DA:396,22
DA:397,22
DA:398,22
DA:399,22
DA:400,22
DA:401,22
DA:402,22
DA:403,22
DA:404,22
DA:405,22
DA:406,22
DA:407,22
DA:408,22
DA:409,22
DA:410,22
DA:411,22
DA:412,71
DA:413,71
DA:414,71
DA:415,71
DA:416,71
DA:417,71
DA:418,71
DA:419,71
DA:420,71
DA:421,71
DA:422,71
DA:423,71
DA:424,71
DA:425,71
DA:426,0
DA:427,0
DA:428,0
DA:429,0
DA:430,0
DA:431,0
DA:432,0
DA:433,0
DA:434,0
DA:435,71
DA:436,71
DA:437,71
DA:438,71
DA:439,71
DA:440,71
DA:441,71
DA:442,71
DA:443,71
DA:444,71
DA:445,71
DA:446,71
DA:447,71
DA:448,71
DA:449,71
DA:450,71
DA:451,71
DA:452,71
DA:453,71
DA:454,71
DA:455,71
DA:456,71
DA:457,71
DA:458,1
DA:459,1
DA:460,1
DA:461,1
DA:462,1
LF:462
LH:358
BRDA:24,0,0,71
BRDA:320,1,0,65
BRDA:325,2,0,0
BRDA:366,3,0,0
BRDA:379,4,0,64
BRDA:379,5,0,64
BRDA:386,6,0,7
BRDA:390,7,0,22
BRDA:425,8,0,0
BRDA:437,9,0,0
BRDA:86,10,0,32
BRDA:87,11,0,6
BRDA:87,12,0,0
BRDA:93,13,0,32
BRDA:97,14,0,32
BRDA:105,15,0,32
BRDA:106,16,0,6
BRDA:112,17,0,82
BRDA:113,18,0,41
BRDA:117,19,0,0
BRDA:119,20,0,41
BRDA:151,21,0,32
BRDA:152,22,0,0
BRDA:152,23,0,0
BRDA:191,24,0,32
BRDA:192,25,0,0
BRDA:196,26,0,6
BRDA:196,27,0,0
BRDA:202,28,0,6
BRDA:202,29,0,0
BRDA:211,30,0,41
BRDA:212,31,0,9
BRDA:212,32,0,0
BRDA:217,33,0,32
BRDA:218,34,0,0
BRDA:223,35,0,32
BRDA:230,36,0,32
BRDA:231,37,0,28
BRDA:231,38,0,24
BRDA:255,39,0,32
BRDA:257,40,0,6
BRDA:257,41,0,26
BRDA:258,42,0,28
BRDA:264,43,0,32
BRDA:266,44,0,28
BRDA:267,45,0,4
BRDA:269,46,0,28
BRDA:280,47,0,32
BRDA:281,48,0,0
BRDA:281,49,0,0
BRDA:285,50,0,0
BRDA:297,51,0,32
BRDA:298,52,0,0
BRDA:313,53,0,32
BRDA:315,54,0,26
BRDA:315,55,0,0
BRDA:317,56,0,0
BRDA:323,57,0,32
BRDA:324,58,0,0
BRDA:327,59,0,32
BRDA:336,60,0,32
BRF:61
BRH:41
end_of_record
TN:
SF:src\components\timeline-elements\timeline-card-media\timeline-card-media-buttons.tsx
FNF:0
FNH:0
DA:1,1
DA:2,1
DA:3,1
DA:4,1
DA:5,1
DA:6,1
DA:7,1
DA:8,1
DA:9,1
DA:10,1
DA:11,1
DA:12,1
DA:13,1
DA:14,1
DA:15,1
DA:16,1
DA:17,1
DA:18,1
DA:19,1
DA:20,1
DA:21,1
DA:22,1
DA:23,1
DA:24,1
DA:25,1
DA:26,1
DA:27,1
DA:28,1
DA:29,1
DA:30,1
DA:31,1
DA:32,1
DA:33,1
DA:34,1
DA:35,1
DA:36,1
DA:37,1
DA:38,1
DA:39,1
DA:40,1
DA:41,1
DA:42,1
DA:43,1
DA:44,1
DA:45,1
DA:46,1
DA:47,1
DA:48,1
LF:48
LH:48
BRF:0
BRH:0
end_of_record
TN:
SF:src\components\timeline-elements\timeline-card-media\timeline-card-media.styles.ts
FN:34,Object.defineProperty.enumerable
FN:37,Object.defineProperty.enumerable
FN:39,Object.defineProperty.enumerable
FN:41,Object.defineProperty.enumerable
FN:44,Object.defineProperty.enumerable
FN:77,Object.defineProperty.enumerable
FN:79,Object.defineProperty.enumerable
FN:105,__vite_ssr_import_0__.default.div.$borderLessCard.$borderLessCard
FN:117,__vite_ssr_import_0__.default.div.$borderLessCard.$borderLessCard
FN:142,__vite_ssr_import_0__.default.div.$borderLessCard.$borderLessCard
FN:143,__vite_ssr_import_0__.default.div.$borderLessCard.$borderLessCard
FN:159,Object.defineProperty.enumerable
FN:163,Object.defineProperty.enumerable
FN:192,Object.defineProperty.enumerable
FN:193,Object.defineProperty.enumerable
FN:203,Object.defineProperty.enumerable
FN:215,Object.defineProperty.enumerable
FNF:17
FNH:13
FNDA:10,Object.defineProperty.enumerable
FNDA:10,Object.defineProperty.enumerable
FNDA:10,Object.defineProperty.enumerable
FNDA:10,Object.defineProperty.enumerable
FNDA:10,Object.defineProperty.enumerable
FNDA:9,Object.defineProperty.enumerable
FNDA:9,Object.defineProperty.enumerable
FNDA:10,__vite_ssr_import_0__.default.div.$borderLessCard.$borderLessCard
FNDA:10,__vite_ssr_import_0__.default.div.$borderLessCard.$borderLessCard
FNDA:10,__vite_ssr_import_0__.default.div.$borderLessCard.$borderLessCard
FNDA:10,__vite_ssr_import_0__.default.div.$borderLessCard.$borderLessCard
FNDA:10,Object.defineProperty.enumerable
FNDA:10,Object.defineProperty.enumerable
FNDA:0,Object.defineProperty.enumerable
FNDA:0,Object.defineProperty.enumerable
FNDA:0,Object.defineProperty.enumerable
FNDA:0,Object.defineProperty.enumerable
DA:1,1
DA:2,1
DA:3,1
DA:4,1
DA:5,1
DA:6,1
DA:7,1
DA:8,1
DA:9,1
DA:10,1
DA:11,1
DA:12,1
DA:13,1
DA:14,1
DA:15,1
DA:16,1
DA:17,1
DA:18,1
DA:19,1
DA:20,1
DA:21,1
DA:22,1
DA:23,1
DA:24,1
DA:25,1
DA:26,1
DA:27,1
DA:28,1
DA:29,1
DA:30,1
DA:31,1
DA:32,1
DA:33,1
DA:34,1
DA:35,1
DA:36,1
DA:37,1
DA:38,1
DA:39,1
DA:40,1
DA:41,1
DA:42,1
DA:43,1
DA:44,1
DA:45,1
DA:46,10
DA:47,0
DA:48,0
DA:49,0
DA:50,10
DA:51,10
DA:52,0
DA:53,0
DA:54,0
DA:55,10
DA:56,10
DA:57,10
DA:58,10
DA:59,10
DA:60,10
DA:61,10
DA:62,1
DA:63,1
DA:64,1
DA:65,1
DA:66,1
DA:67,1
DA:68,1
DA:69,1
DA:70,1
DA:71,1
DA:72,1
DA:73,1
DA:74,1
DA:75,1
DA:76,1
DA:77,1
DA:78,1
DA:79,1
DA:80,1
DA:81,1
DA:82,1
DA:83,1
DA:84,1
DA:85,1
DA:86,1
DA:87,1
DA:88,1
DA:89,1
DA:90,1
DA:91,1
DA:92,1
DA:93,1
DA:94,1
DA:95,1
DA:96,1
DA:97,1
DA:98,1
DA:99,1
DA:100,1
DA:101,1
DA:102,1
DA:103,1
DA:104,1
DA:105,1
DA:106,10
DA:107,10
DA:108,10
DA:109,10
DA:110,10
DA:111,10
DA:112,10
DA:113,1
DA:114,1
DA:115,1
DA:116,1
DA:117,1
DA:118,10
DA:119,0
DA:120,0
DA:121,0
DA:122,0
DA:123,0
DA:124,0
DA:125,10
DA:126,10
DA:127,0
DA:128,0
DA:129,0
DA:130,0
DA:131,0
DA:132,0
DA:133,10
DA:134,10
DA:135,0
DA:136,0
DA:137,0
DA:138,0
DA:139,0
DA:140,0
DA:141,10
DA:142,1
DA:143,1
DA:144,10
DA:145,0
DA:146,0
DA:147,0
DA:148,0
DA:149,0
DA:150,0
DA:151,0
DA:152,0
DA:153,0
DA:154,0
DA:155,10
DA:156,10
DA:157,1
DA:158,1
DA:159,1
DA:160,10
DA:161,0
DA:162,1
DA:163,1
DA:164,1
DA:165,1
DA:166,1
DA:167,1
DA:168,1
DA:169,1
DA:170,1
DA:171,1
DA:172,1
DA:173,1
DA:174,1
DA:175,1
DA:176,1
DA:177,1
DA:178,1
DA:179,1
DA:180,1
DA:181,1
DA:182,1
DA:183,1
DA:184,1
DA:185,1
DA:186,1
DA:187,1
DA:188,1
DA:189,1
DA:190,1
DA:191,1
DA:192,1
DA:193,1
DA:194,1
DA:195,1
DA:196,1
DA:197,1
DA:198,1
DA:199,1
DA:200,1
DA:201,1
DA:202,1
DA:203,1
DA:204,0
DA:205,0
DA:206,0
DA:207,0
DA:208,0
DA:209,0
DA:210,0
DA:211,0
DA:212,0
DA:213,0
DA:214,1
DA:215,1
DA:216,0
DA:217,0
DA:218,0
DA:219,0
DA:220,1
DA:221,1
DA:222,1
DA:223,1
DA:224,1
DA:225,1
DA:226,1
DA:227,1
DA:228,1
DA:229,1
DA:230,1
DA:231,1
DA:232,1
DA:233,1
DA:234,1
DA:235,1
DA:236,1
DA:237,1
DA:238,1
LF:238
LH:189
BRDA:34,0,0,10
BRDA:34,1,0,0
BRDA:37,2,0,10
BRDA:37,3,0,0
BRDA:39,4,0,10
BRDA:39,5,0,4
BRDA:39,6,0,0
BRDA:41,7,0,10
BRDA:44,8,0,10
BRDA:44,9,0,0
BRDA:45,10,0,10
BRDA:46,11,0,0
BRDA:51,12,0,0
BRDA:77,13,0,9
BRDA:79,14,0,9
BRDA:79,15,0,0
BRDA:80,16,0,9
BRDA:80,17,0,0
BRDA:105,18,0,10
BRDA:107,19,0,0
BRDA:108,20,0,0
BRDA:117,21,0,10
BRDA:118,22,0,0
BRDA:118,23,0,0
BRDA:126,24,0,0
BRDA:134,25,0,0
BRDA:134,26,0,0
BRDA:142,27,0,10
BRDA:142,28,0,0
BRDA:143,29,0,10
BRDA:144,30,0,0
BRDA:159,31,0,10
BRDA:160,32,0,0
BRDA:163,33,0,10
BRDA:164,34,0,10
BRDA:164,35,0,0
BRF:36
BRH:17
end_of_record
TN:
SF:src\components\timeline-elements\timeline-card-media\timeline-card-media.tsx
FN:42,CardMedia
FN:158,onPlay
FN:165,onPause
FN:172,onEnded
FNF:4
FNH:1
FNDA:10,CardMedia
FNDA:0,onPlay
FNDA:0,onPause
FNDA:0,onEnded
DA:1,1
DA:2,1
DA:3,1
DA:4,1
DA:5,1
DA:6,1
DA:7,1
DA:8,1
DA:9,1
DA:10,1
DA:11,1
DA:12,1
DA:13,1
DA:14,1
DA:15,1
DA:16,1
DA:17,1
DA:18,1
DA:19,1
DA:20,1
DA:21,1
DA:22,1
DA:23,1
DA:24,1
DA:25,1
DA:26,1
DA:27,1
DA:28,1
DA:29,1
DA:30,1
DA:31,1
DA:32,1
DA:33,1
DA:34,1
DA:35,1
DA:36,1
DA:37,1
DA:38,1
DA:39,1
DA:40,1
DA:41,1
DA:42,1
DA:43,10
DA:44,10
DA:45,10
DA:46,10
DA:47,10
DA:48,10
DA:49,10
DA:50,10
DA:51,10
DA:52,10
DA:53,10
DA:54,10
DA:55,10
DA:56,10
DA:57,10
DA:58,10
DA:59,10
DA:60,10
DA:61,10
DA:62,10
DA:63,10
DA:64,10
DA:65,10
DA:66,10
DA:67,10
DA:68,10
DA:69,10
DA:70,10
DA:71,10
DA:72,10
DA:73,10
DA:74,10
DA:75,10
DA:76,10
DA:77,10
DA:78,10
DA:79,10
DA:80,10
DA:81,10
DA:82,0
DA:83,0
DA:84,10
DA:85,10
DA:86,6
DA:87,6
DA:88,10
DA:89,4
DA:90,4
DA:91,4
DA:92,10
DA:93,10
DA:94,10
DA:95,10
DA:96,0
DA:97,10
DA:98,10
DA:99,10
DA:100,10
DA:101,0
DA:102,0
DA:103,0
DA:104,0
DA:105,0
DA:106,0
DA:107,0
DA:108,0
DA:109,10
DA:110,10
DA:111,10
DA:112,10
DA:113,10
DA:114,10
DA:115,10
DA:116,10
DA:117,10
DA:118,10
DA:119,10
DA:120,10
DA:121,10
DA:122,10
DA:123,10
DA:124,10
DA:125,10
DA:126,10
DA:127,10
DA:128,10
DA:129,10
DA:130,10
DA:131,10
DA:132,10
DA:133,10
DA:134,10
DA:135,10
DA:136,10
DA:137,10
DA:138,10
DA:139,10
DA:140,10
DA:141,10
DA:142,10
DA:143,10
DA:144,10
DA:145,10
DA:146,10
DA:147,10
DA:148,10
DA:149,10
DA:150,10
DA:151,10
DA:152,10
DA:153,10
DA:154,10
DA:155,10
DA:156,10
DA:157,10
DA:158,10
DA:159,0
DA:160,0
DA:161,0
DA:162,0
DA:163,0
DA:164,10
DA:165,10
DA:166,0
DA:167,0
DA:168,0
DA:169,0
DA:170,0
DA:171,10
DA:172,10
DA:173,0
DA:174,0
DA:175,0
DA:176,0
DA:177,0
DA:178,10
DA:179,10
DA:180,10
DA:181,10
DA:182,10
DA:183,10
DA:184,10
DA:185,10
DA:186,10
DA:187,10
DA:188,10
DA:189,10
DA:190,10
DA:191,10
DA:192,10
DA:193,10
DA:194,10
DA:195,10
DA:196,10
DA:197,10
DA:198,10
DA:199,10
DA:200,10
DA:201,10
DA:202,10
DA:203,10
DA:204,10
DA:205,10
DA:206,10
DA:207,10
DA:208,0
DA:209,0
DA:210,0
DA:211,10
DA:212,10
DA:213,10
DA:214,10
DA:215,10
DA:216,0
DA:217,0
DA:218,0
DA:219,0
DA:220,0
DA:221,10
DA:222,10
DA:223,10
DA:224,10
DA:225,10
DA:226,10
DA:227,10
DA:228,10
DA:229,0
DA:230,0
DA:231,0
DA:232,0
DA:233,0
DA:234,10
DA:235,10
DA:236,10
DA:237,10
DA:238,10
DA:239,10
DA:240,10
DA:241,10
DA:242,10
DA:243,10
DA:244,10
DA:245,10
DA:246,10
DA:247,10
DA:248,10
DA:249,10
DA:250,10
DA:251,10
DA:252,10
DA:253,10
DA:254,10
DA:255,10
DA:256,10
DA:257,10
DA:258,10
DA:259,10
DA:260,10
DA:261,10
DA:262,10
DA:263,10
DA:264,10
DA:265,10
DA:266,10
DA:267,10
DA:268,10
DA:269,10
DA:270,10
DA:271,10
DA:272,10
DA:273,0
DA:274,10
DA:275,10
DA:276,10
DA:277,10
DA:278,10
DA:279,10
DA:280,10
DA:281,10
DA:282,10
DA:283,10
DA:284,10
DA:285,10
DA:286,10
DA:287,10
DA:288,10
DA:289,10
DA:290,10
DA:291,10
DA:292,10
DA:293,10
DA:294,10
DA:295,10
DA:296,10
DA:297,10
DA:298,10
DA:299,10
DA:300,10
DA:301,10
DA:302,0
DA:303,0
DA:304,0
DA:305,0
DA:306,0
DA:307,0
DA:308,0
DA:309,0
DA:310,0
DA:311,0
DA:312,0
DA:313,0
DA:314,0
DA:315,0
DA:316,10
DA:317,10
DA:318,10
DA:319,10
DA:320,10
DA:321,10
DA:322,10
DA:323,10
DA:324,10
DA:325,10
DA:326,10
DA:327,10
DA:328,10
DA:329,10
DA:330,10
DA:331,10
DA:332,10
DA:333,10
DA:334,10
DA:335,10
DA:336,10
DA:337,10
DA:338,0
DA:339,10
DA:340,10
DA:341,10
DA:342,10
DA:343,10
DA:344,10
DA:345,10
DA:346,10
DA:347,10
DA:348,10
DA:349,10
DA:350,10
DA:351,10
DA:352,10
DA:353,10
DA:354,10
DA:355,10
DA:356,10
DA:357,10
DA:358,10
DA:359,10
DA:360,10
DA:361,10
DA:362,10
DA:363,10
DA:364,10
DA:365,10
DA:366,10
DA:367,10
DA:368,1
DA:369,0
DA:370,0
DA:371,0
DA:372,0
DA:373,10
DA:374,10
DA:375,10
DA:376,9
DA:377,9
DA:378,0
DA:379,0
DA:380,10
DA:381,10
DA:382,10
DA:383,0
DA:384,0
DA:385,0
DA:386,0
DA:387,0
DA:388,0
DA:389,0
DA:390,0
DA:391,10
DA:392,10
DA:393,10
DA:394,0
DA:395,0
DA:396,0
DA:397,0
DA:398,0
DA:399,0
DA:400,0
DA:401,10
DA:402,10
DA:403,10
DA:404,10
DA:405,10
DA:406,10
DA:407,1
DA:408,1
DA:409,1
DA:410,1
LF:410
LH:334
BRDA:42,0,0,10
BRDA:364,1,0,0
BRDA:367,2,0,1
BRDA:368,3,0,0
BRDA:374,4,0,1
BRDA:374,5,0,1
BRDA:375,6,0,9
BRDA:377,7,0,0
BRDA:382,8,0,0
BRDA:393,9,0,0
BRDA:403,10,0,0
BRDA:80,11,0,10
BRDA:81,12,0,0
BRDA:85,13,0,6
BRDA:87,14,0,0
BRDA:88,15,0,4
BRDA:90,16,0,0
BRDA:118,17,0,10
BRDA:131,18,0,10
BRDA:139,19,0,6
BRDA:139,20,0,4
BRDA:150,21,0,10
BRDA:186,22,0,10
BRDA:197,23,0,0
BRDA:239,24,0,10
BRDA:246,25,0,10
BRDA:252,26,0,10
BRDA:252,27,0,4
BRDA:252,28,0,4
BRDA:257,29,0,10
BRDA:257,30,0,0
BRDA:262,31,0,10
BRDA:262,32,0,0
BRDA:267,33,0,10
BRDA:271,34,0,10
BRDA:272,35,0,0
BRDA:279,36,0,10
BRDA:290,37,0,0
BRDA:301,38,0,0
BRDA:337,39,0,0
BRDA:351,40,0,10
BRDA:351,41,0,0
BRF:42
BRH:25
end_of_record
TN:
SF:src\components\timeline-elements\timeline-control\timeline-control.styles.ts
FN:31,Object.defineProperty.enumerable
FN:45,Object.defineProperty.enumerable
FNF:2
FNH:2
FNDA:60,Object.defineProperty.enumerable
FNDA:60,Object.defineProperty.enumerable
DA:1,1
DA:2,1
DA:3,1
DA:4,1
DA:5,1
DA:6,1
DA:7,1
DA:8,1
DA:9,1
DA:10,1
DA:11,1
DA:12,1
DA:13,1
DA:14,1
DA:15,1
DA:16,1
DA:17,1
DA:18,1
DA:19,1
DA:20,60
DA:21,16
DA:22,1
DA:23,1
DA:24,1
DA:25,1
DA:26,1
DA:27,1
DA:28,1
DA:29,1
DA:30,1
DA:31,1
DA:32,1
DA:33,1
DA:34,1
DA:35,1
DA:36,1
DA:37,1
DA:38,1
DA:39,1
DA:40,1
DA:41,1
DA:42,1
DA:43,1
DA:44,1
DA:45,1
DA:46,60
DA:47,40
DA:48,40
DA:49,60
DA:50,1
DA:51,1
DA:52,1
DA:53,1
DA:54,1
DA:55,1
DA:56,1
DA:57,1
DA:58,1
DA:59,1
DA:60,1
DA:61,1
DA:62,1
DA:63,1
DA:64,1
DA:65,1
DA:66,1
DA:67,1
DA:68,1
DA:69,1
DA:70,1
DA:71,1
DA:72,1
DA:73,1
DA:74,1
DA:75,1
DA:76,1
DA:77,1
DA:78,1
DA:79,1
DA:80,1
DA:81,1
DA:82,1
DA:83,1
DA:84,1
DA:85,1
DA:86,1
DA:87,1
DA:88,1
DA:89,1
LF:89
LH:89
BRDA:11,0,0,10
BRDA:19,1,0,60
BRDA:20,2,0,16
BRDA:21,3,0,44
BRDA:31,4,0,60
BRDA:45,5,0,60
BRDA:46,6,0,40
BRDA:53,7,0,60
BRDA:53,8,0,40
BRDA:53,9,0,20
BRF:10
BRH:10
end_of_record
TN:
SF:src\components\timeline-elements\timeline-control\timeline-control.tsx
FN:37,TimelineControl
FNF:1
FNH:1
FNDA:10,TimelineControl
DA:1,1
DA:2,1
DA:3,1
DA:4,1
DA:5,1
DA:6,1
DA:7,1
DA:8,1
DA:9,1
DA:10,1
DA:11,1
DA:12,1
DA:13,1
DA:14,1
DA:15,1
DA:16,1
DA:17,1
DA:18,1
DA:19,1
DA:20,1
DA:21,1
DA:22,1
DA:23,1
DA:24,1
DA:25,1
DA:26,1
DA:27,1
DA:28,1
DA:29,1
DA:30,1
DA:31,1
DA:32,1
DA:33,1
DA:34,1
DA:35,1
DA:36,1
DA:37,1
DA:38,10
DA:39,10
DA:40,10
DA:41,10
DA:42,10
DA:43,10
DA:44,10
DA:45,10
DA:46,10
DA:47,10
DA:48,10
DA:49,10
DA:50,10
DA:51,10
DA:52,10
DA:53,10
DA:54,10
DA:55,10
DA:56,10
DA:57,10
DA:58,10
DA:59,10
DA:60,10
DA:61,10
DA:62,10
DA:63,10
DA:64,10
DA:65,10
DA:66,10
DA:67,10
DA:68,10
DA:69,10
DA:70,10
DA:71,10
DA:72,10
DA:73,10
DA:74,10
DA:75,10
DA:76,10
DA:77,10
DA:78,10
DA:79,0
DA:80,0
DA:81,0
DA:82,0
DA:83,0
DA:84,10
DA:85,10
DA:86,10
DA:87,10
DA:88,10
DA:89,10
DA:90,10
DA:91,10
DA:92,10
DA:93,10
DA:94,10
DA:95,10
DA:96,10
DA:97,10
DA:98,10
DA:99,10
DA:100,10
DA:101,10
DA:102,10
DA:103,10
DA:104,10
DA:105,10
DA:106,10
DA:107,10
DA:108,10
DA:109,10
DA:110,10
DA:111,10
DA:112,10
DA:113,10
DA:114,10
DA:115,10
DA:116,10
DA:117,10
DA:118,10
DA:119,10
DA:120,10
DA:121,10
DA:122,10
DA:123,10
DA:124,10
DA:125,10
DA:126,10
DA:127,10
DA:128,10
DA:129,10
DA:130,10
DA:131,10
DA:132,10
DA:133,10
DA:134,10
DA:135,10
DA:136,10
DA:137,10
DA:138,10
DA:139,10
DA:140,10
DA:141,10
DA:142,10
DA:143,10
DA:144,10
DA:145,10
DA:146,10
DA:147,10
DA:148,10
DA:149,10
DA:150,10
DA:151,10
DA:152,10
DA:153,10
DA:154,10
DA:155,10
DA:156,10
DA:157,10
DA:158,10
DA:159,10
DA:160,10
DA:161,10
DA:162,10
DA:163,10
DA:164,10
DA:165,10
DA:166,10
DA:167,10
DA:168,10
DA:169,10
DA:170,10
DA:171,10
DA:172,10
DA:173,10
DA:174,10
DA:175,10
DA:176,10
DA:177,10
DA:178,10
DA:179,10
DA:180,10
DA:181,10
DA:182,10
DA:183,10
DA:184,10
DA:185,10
DA:186,10
DA:187,10
DA:188,10
DA:189,10
DA:190,10
DA:191,10
DA:192,10
DA:193,10
DA:194,10
DA:195,10
DA:196,10
DA:197,10
DA:198,10
DA:199,10
DA:200,10
DA:201,10
DA:202,10
DA:203,10
DA:204,10
DA:205,10
DA:206,10
DA:207,10
DA:208,10
DA:209,10
DA:210,10
DA:211,10
DA:212,10
DA:213,10
DA:214,10
DA:215,10
DA:216,10
DA:217,10
DA:218,10
DA:219,0
DA:220,10
DA:221,10
DA:222,10
DA:223,10
DA:224,1
DA:225,1
DA:226,1
DA:227,1
LF:227
LH:221
BRDA:37,0,0,10
BRDA:118,1,0,0
BRDA:124,2,0,0
BRDA:129,3,0,2
BRDA:129,4,0,8
BRDA:130,5,0,0
BRDA:141,6,0,0
BRDA:146,7,0,2
BRDA:146,8,0,8
BRDA:147,9,0,0
BRDA:158,10,0,0
BRDA:163,11,0,0
BRDA:164,12,0,0
BRDA:175,13,0,0
BRDA:180,14,0,0
BRDA:181,15,0,0
BRDA:200,16,0,0
BRDA:211,17,0,0
BRDA:214,18,0,0
BRDA:216,19,0,0
BRDA:218,20,0,0
BRDA:61,21,0,7
BRDA:64,22,0,7
BRDA:64,23,0,0
BRDA:69,24,0,7
BRDA:69,25,0,1
BRDA:74,26,0,7
BRDA:87,27,0,7
BRDA:87,28,0,0
BRDA:92,29,0,7
BRDA:92,30,0,0
BRDA:97,31,0,7
BRDA:97,32,0,0
BRDA:102,33,0,7
BRDA:102,34,0,0
BRDA:107,35,0,7
BRDA:107,36,0,0
BRF:37
BRH:15
end_of_record
TN:
SF:src\components\timeline-elements\timeline-item-title\timeline-card-title.styles.ts
FN:11,Object.defineProperty.enumerable
FN:15,Object.defineProperty.enumerable
FN:16,Object.defineProperty.enumerable
FN:17,Object.defineProperty.enumerable
FN:20,Object.defineProperty.enumerable
FNF:5
FNH:5
FNDA:29,Object.defineProperty.enumerable
FNDA:29,Object.defineProperty.enumerable
FNDA:29,Object.defineProperty.enumerable
FNDA:29,Object.defineProperty.enumerable
FNDA:29,Object.defineProperty.enumerable
DA:1,1
DA:2,1
DA:3,1
DA:4,1
DA:5,1
DA:6,1
DA:7,1
DA:8,1
DA:9,1
DA:10,1
DA:11,1
DA:12,1
DA:13,1
DA:14,1
DA:15,1
DA:16,1
DA:17,1
DA:18,1
DA:19,1
DA:20,1
DA:21,1
DA:22,1
DA:23,1
DA:24,1
LF:24
LH:24
BRDA:11,0,0,29
BRDA:11,1,0,0
BRDA:15,2,0,29
BRDA:15,3,0,6
BRDA:15,4,0,23
BRDA:16,5,0,29
BRDA:16,6,0,20
BRDA:16,7,0,9
BRDA:17,8,0,29
BRDA:17,9,0,0
BRDA:20,10,0,29
BRDA:21,11,0,29
BRDA:22,12,0,0
BRF:13
BRH:10
end_of_record
TN:
SF:src\components\timeline-elements\timeline-item-title\timeline-card-title.tsx
FN:18,TimelineItemTitle
FNF:1
FNH:1
FNDA:29,TimelineItemTitle
DA:1,1
DA:2,1
DA:3,1
DA:4,1
DA:5,1
DA:6,1
DA:7,1
DA:8,1
DA:9,1
DA:10,1
DA:11,1
DA:12,1
DA:13,1
DA:14,1
DA:15,1
DA:16,1
DA:17,1
DA:18,1
DA:19,29
DA:20,29
DA:21,29
DA:22,29
DA:23,29
DA:24,29
DA:25,29
DA:26,29
DA:27,29
DA:28,29
DA:29,29
DA:30,29
DA:31,29
DA:32,29
DA:33,29
DA:34,29
DA:35,29
DA:36,29
DA:37,29
DA:38,29
DA:39,29
DA:40,29
DA:41,29
DA:42,29
DA:43,29
DA:44,29
DA:45,29
DA:46,29
DA:47,29
DA:48,1
DA:49,1
LF:49
LH:49
BRDA:18,0,0,29
BRDA:29,1,0,29
BRDA:29,2,0,6
BRDA:29,3,0,23
BRF:4
BRH:4
end_of_record
TN:
SF:src\components\timeline-horizontal\timeline-horizontal.styles.ts
FNF:0
FNH:0
DA:1,1
DA:2,1
DA:3,1
DA:4,1
DA:5,1
DA:6,1
DA:7,1
DA:8,1
DA:9,1
DA:10,1
DA:11,1
DA:12,1
DA:13,1
DA:14,1
DA:15,1
DA:16,1
DA:17,1
DA:18,1
DA:19,1
DA:20,1
DA:21,1
DA:22,1
DA:23,1
DA:24,1
DA:25,1
DA:26,1
DA:27,1
DA:28,1
DA:29,1
DA:30,1
DA:31,1
DA:32,1
DA:33,1
DA:34,1
DA:35,1
LF:35
LH:35
BRDA:8,0,0,1
BRDA:8,1,0,0
BRDA:19,2,0,3
BRF:3
BRH:2
end_of_record
TN:
SF:src\components\timeline-horizontal\timeline-horizontal.tsx
FN:27,TimelineHorizontal
FNF:1
FNH:1
FNDA:1,TimelineHorizontal
DA:1,1
DA:2,1
DA:3,1
DA:4,1
DA:5,1
DA:6,1
DA:7,1
DA:8,1
DA:9,1
DA:10,1
DA:11,1
DA:12,1
DA:13,1
DA:14,1
DA:15,1
DA:16,1
DA:17,1
DA:18,1
DA:19,1
DA:20,1
DA:21,1
DA:22,1
DA:23,1
DA:24,1
DA:25,1
DA:26,1
DA:27,1
DA:28,1
DA:29,1
DA:30,1
DA:31,1
DA:32,1
DA:33,1
DA:34,1
DA:35,1
DA:36,1
DA:37,1
DA:38,1
DA:39,1
DA:40,1
DA:41,1
DA:42,1
DA:43,1
DA:44,1
DA:45,1
DA:46,1
DA:47,1
DA:48,1
DA:49,1
DA:50,1
DA:51,1
DA:52,1
DA:53,1
DA:54,1
DA:55,1
DA:56,1
DA:57,1
DA:58,1
DA:59,1
DA:60,1
DA:61,1
DA:62,1
DA:63,1
DA:64,1
DA:65,1
DA:66,1
DA:67,1
DA:68,1
DA:69,1
DA:70,1
DA:71,1
DA:72,3
DA:73,3
DA:74,3
DA:75,3
DA:76,3
DA:77,3
DA:78,3
DA:79,3
DA:80,3
DA:81,3
DA:82,3
DA:83,3
DA:84,3
DA:85,3
DA:86,3
DA:87,3
DA:88,3
DA:89,3
DA:90,3
DA:91,3
DA:92,3
DA:93,3
DA:94,3
DA:95,3
DA:96,3
DA:97,3
DA:98,1
DA:99,1
DA:100,1
DA:101,1
DA:102,1
DA:103,1
LF:103
LH:103
BRDA:27,0,0,1
BRDA:54,1,0,1
BRDA:58,2,0,0
BRDA:71,3,0,3
BRDA:76,4,0,0
BRDA:89,5,0,0
BRF:6
BRH:3
end_of_record
TN:
SF:src\components\timeline-vertical\timeline-point.tsx
FN:84,onClick
FNF:1
FNH:0
FNDA:0,onClick
DA:1,1
DA:2,1
DA:3,1
DA:4,1
DA:5,1
DA:6,1
DA:7,1
DA:8,1
DA:9,1
DA:10,1
DA:11,1
DA:12,1
DA:13,1
DA:14,1
DA:15,1
DA:16,1
DA:17,1
DA:18,1
DA:19,1
DA:20,1
DA:21,1
DA:22,1
DA:23,1
DA:24,1
DA:25,1
DA:26,1
DA:27,1
DA:28,20
DA:29,20
DA:30,20
DA:31,20
DA:32,20
DA:33,20
DA:34,20
DA:35,20
DA:36,20
DA:37,20
DA:38,20
DA:39,20
DA:40,20
DA:41,20
DA:42,20
DA:43,20
DA:44,20
DA:45,20
DA:46,20
DA:47,20
DA:48,20
DA:49,20
DA:50,20
DA:51,20
DA:52,20
DA:53,20
DA:54,20
DA:55,0
DA:56,20
DA:57,20
DA:58,20
DA:59,20
DA:60,20
DA:61,20
DA:62,20
DA:63,20
DA:64,0
DA:65,0
DA:66,0
DA:67,0
DA:68,20
DA:69,20
DA:70,20
DA:71,20
DA:72,20
DA:73,20
DA:74,20
DA:75,20
DA:76,20
DA:77,20
DA:78,20
DA:79,20
DA:80,20
DA:81,20
DA:82,20
DA:83,20
DA:84,20
DA:85,0
DA:86,0
DA:87,0
DA:88,0
DA:89,0
DA:90,20
DA:91,20
DA:92,20
DA:93,20
DA:94,20
DA:95,20
DA:96,20
DA:97,20
DA:98,20
DA:99,20
DA:100,20
DA:101,20
DA:102,20
DA:103,20
DA:104,20
DA:105,20
DA:106,20
DA:107,20
DA:108,20
DA:109,20
DA:110,20
DA:111,20
DA:112,20
DA:113,20
DA:114,20
DA:115,20
DA:116,20
DA:117,20
DA:118,20
DA:119,20
DA:120,20
DA:121,20
DA:122,20
DA:123,20
DA:124,20
DA:125,20
DA:126,20
DA:127,20
DA:128,20
DA:129,20
DA:130,20
DA:131,1
DA:132,1
DA:133,1
DA:134,1
DA:135,1
DA:136,1
LF:136
LH:126
BRDA:27,0,0,20
BRDA:124,1,0,0
BRDA:53,2,0,20
BRDA:54,3,0,0
BRDA:57,4,0,0
BRDA:62,5,0,20
BRDA:63,6,0,0
BRDA:72,7,0,20
BRDA:82,8,0,20
BRDA:95,9,0,20
BRDA:131,10,0,9
BRF:11
BRH:7
end_of_record
TN:
SF:src\components\timeline-vertical\timeline-vertical-item.tsx
FN:40,VerticalItem
FNF:1
FNH:1
FNDA:29,VerticalItem
DA:1,1
DA:2,1
DA:3,1
DA:4,1
DA:5,1
DA:6,1
DA:7,1
DA:8,1
DA:9,1
DA:10,1
DA:11,1
DA:12,1
DA:13,1
DA:14,1
DA:15,1
DA:16,1
DA:17,1
DA:18,1
DA:19,1
DA:20,1
DA:21,1
DA:22,1
DA:23,1
DA:24,1
DA:25,1
DA:26,1
DA:27,1
DA:28,1
DA:29,1
DA:30,1
DA:31,1
DA:32,1
DA:33,1
DA:34,1
DA:35,1
DA:36,1
DA:37,1
DA:38,1
DA:39,1
DA:40,1
DA:41,29
DA:42,29
DA:43,29
DA:44,29
DA:45,29
DA:46,29
DA:47,29
DA:48,29
DA:49,29
DA:50,29
DA:51,29
DA:52,29
DA:53,29
DA:54,29
DA:55,29
DA:56,29
DA:57,29
DA:58,29
DA:59,29
DA:60,29
DA:61,29
DA:62,29
DA:63,29
DA:64,29
DA:65,29
DA:66,29
DA:67,29
DA:68,29
DA:69,29
DA:70,29
DA:71,29
DA:72,29
DA:73,29
DA:74,29
DA:75,29
DA:76,29
DA:77,29
DA:78,29
DA:79,29
DA:80,29
DA:81,29
DA:82,29
DA:83,29
DA:84,29
DA:85,29
DA:86,29
DA:87,29
DA:88,0
DA:89,0
DA:90,0
DA:91,0
DA:92,0
DA:93,29
DA:94,29
DA:95,29
DA:96,29
DA:97,29
DA:98,0
DA:99,0
DA:100,0
DA:101,29
DA:102,29
DA:103,29
DA:104,29
DA:105,20
DA:106,20
DA:107,20
DA:108,20
DA:109,20
DA:110,20
DA:111,20
DA:112,20
DA:113,20
DA:114,20
DA:115,20
DA:116,20
DA:117,20
DA:118,20
DA:119,20
DA:120,20
DA:121,20
DA:122,29
DA:123,29
DA:124,29
DA:125,29
DA:126,29
DA:127,29
DA:128,29
DA:129,29
DA:130,29
DA:131,29
DA:132,29
DA:133,29
DA:134,29
DA:135,20
DA:136,29
DA:137,29
DA:138,29
DA:139,29
DA:140,29
DA:141,29
DA:142,29
DA:143,29
DA:144,29
DA:145,29
DA:146,29
DA:147,29
DA:148,29
DA:149,29
DA:150,29
DA:151,29
DA:152,29
DA:153,29
DA:154,29
DA:155,29
DA:156,29
DA:157,29
DA:158,29
DA:159,29
DA:160,29
DA:161,29
DA:162,29
DA:163,29
DA:164,29
DA:165,29
DA:166,29
DA:167,29
DA:168,29
DA:169,29
DA:170,29
DA:171,29
DA:172,29
DA:173,29
DA:174,29
DA:175,29
DA:176,29
DA:177,29
DA:178,29
DA:179,29
DA:180,29
DA:181,29
DA:182,29
DA:183,29
DA:184,29
DA:185,29
DA:186,29
DA:187,29
DA:188,29
DA:189,29
DA:190,29
DA:191,29
DA:192,29
DA:193,29
DA:194,29
DA:195,29
DA:196,29
DA:197,29
DA:198,29
DA:199,29
DA:200,29
DA:201,29
DA:202,29
DA:203,29
DA:204,29
DA:205,29
DA:206,29
DA:207,29
DA:208,29
DA:209,29
DA:210,29
DA:211,29
DA:212,29
DA:213,29
DA:214,29
DA:215,29
DA:216,29
DA:217,29
DA:218,29
DA:219,29
DA:220,29
DA:221,29
DA:222,29
DA:223,29
DA:224,29
DA:225,29
DA:226,0
DA:227,29
DA:228,29
DA:229,29
DA:230,29
DA:231,29
DA:232,1
DA:233,1
DA:234,1
DA:235,1
LF:235
LH:226
BRDA:40,0,0,29
BRDA:139,1,0,0
BRDA:182,2,0,0
BRDA:192,3,0,0
BRDA:199,4,0,8
BRDA:200,5,0,0
BRDA:220,6,0,8
BRDA:225,7,0,0
BRDA:228,8,0,0
BRDA:104,9,0,20
BRDA:111,10,0,8
BRDA:115,11,0,0
BRDA:117,12,0,0
BRDA:134,13,0,20
BRDA:135,14,0,0
BRDA:145,15,0,29
BRF:16
BRH:7
end_of_record
TN:
SF:src\components\timeline-vertical\timeline-vertical-shape.styles.ts
FN:23,Object.defineProperty.enumerable
FN:24,Object.defineProperty.enumerable
FN:35,Object.defineProperty.enumerable
FNF:3
FNH:3
FNDA:20,Object.defineProperty.enumerable
FNDA:20,Object.defineProperty.enumerable
FNDA:20,Object.defineProperty.enumerable
DA:1,1
DA:2,1
DA:3,1
DA:4,1
DA:5,1
DA:6,1
DA:7,1
DA:8,1
DA:9,1
DA:10,1
DA:11,1
DA:12,1
DA:13,1
DA:14,1
DA:15,1
DA:16,1
DA:17,1
DA:18,1
DA:19,1
DA:20,1
DA:21,1
DA:22,1
DA:23,1
DA:24,1
DA:25,1
DA:26,1
DA:27,1
DA:28,1
DA:29,1
DA:30,1
DA:31,1
DA:32,1
DA:33,1
DA:34,1
DA:35,1
DA:36,1
DA:37,1
DA:38,1
DA:39,1
DA:40,1
DA:41,1
DA:42,1
DA:43,1
DA:44,1
DA:45,1
DA:46,1
DA:47,1
DA:48,1
DA:49,1
DA:50,1
DA:51,1
DA:52,1
DA:53,1
LF:53
LH:53
BRDA:23,0,0,20
BRDA:24,1,0,20
BRDA:24,2,0,0
BRDA:35,3,0,20
BRDA:41,4,0,20
BRDA:41,5,0,0
BRDA:50,6,0,20
BRDA:50,7,0,0
BRF:8
BRH:5
end_of_record
TN:
SF:src\components\timeline-vertical\timeline-vertical.styles.ts
FN:81,Object.defineProperty.enumerable
FN:127,Object.defineProperty.enumerable
FN:128,Object.defineProperty.enumerable
FN:131,Object.defineProperty.enumerable
FN:132,Object.defineProperty.enumerable
FNF:5
FNH:5
FNDA:29,Object.defineProperty.enumerable
FNDA:20,Object.defineProperty.enumerable
FNDA:20,Object.defineProperty.enumerable
FNDA:20,Object.defineProperty.enumerable
FNDA:20,Object.defineProperty.enumerable
DA:1,1
DA:2,1
DA:3,1
DA:4,1
DA:5,1
DA:6,1
DA:7,1
DA:8,1
DA:9,1
DA:10,1
DA:11,1
DA:12,1
DA:13,1
DA:14,1
DA:15,1
DA:16,1
DA:17,1
DA:18,1
DA:19,1
DA:20,1
DA:21,1
DA:22,1
DA:23,1
DA:24,1
DA:25,1
DA:26,1
DA:27,1
DA:28,1
DA:29,1
DA:30,1
DA:31,1
DA:32,1
DA:33,1
DA:34,1
DA:35,1
DA:36,1
DA:37,1
DA:38,1
DA:39,1
DA:40,1
DA:41,1
DA:42,1
DA:43,1
DA:44,1
DA:45,1
DA:46,1
DA:47,1
DA:48,1
DA:49,1
DA:50,1
DA:51,1
DA:52,29
DA:53,0
DA:54,0
DA:55,0
DA:56,0
DA:57,0
DA:58,0
DA:59,0
DA:60,0
DA:61,0
DA:62,29
DA:63,29
DA:64,29
DA:65,29
DA:66,29
DA:67,1
DA:68,1
DA:69,1
DA:70,1
DA:71,1
DA:72,1
DA:73,1
DA:74,1
DA:75,1
DA:76,1
DA:77,1
DA:78,1
DA:79,1
DA:80,1
DA:81,1
DA:82,29
DA:83,21
DA:84,29
DA:85,0
DA:86,8
DA:87,8
DA:88,8
DA:89,29
DA:90,1
DA:91,29
DA:92,29
DA:93,29
DA:94,29
DA:95,29
DA:96,29
DA:97,29
DA:98,29
DA:99,29
DA:100,29
DA:101,29
DA:102,29
DA:103,0
DA:104,0
DA:105,0
DA:106,0
DA:107,0
DA:108,0
DA:109,0
DA:110,0
DA:111,0
DA:112,0
DA:113,29
DA:114,1
DA:115,1
DA:116,1
DA:117,1
DA:118,1
DA:119,1
DA:120,1
DA:121,1
DA:122,1
DA:123,1
DA:124,1
DA:125,1
DA:126,1
DA:127,1
DA:128,1
DA:129,1
DA:130,1
DA:131,1
DA:132,1
DA:133,1
DA:134,1
DA:135,1
DA:136,1
DA:137,20
DA:138,0
DA:139,20
DA:140,20
DA:141,20
DA:142,1
DA:143,1
DA:144,1
LF:144
LH:123
BRDA:51,0,0,29
BRDA:52,1,0,0
BRDA:81,2,0,29
BRDA:82,3,0,21
BRDA:84,4,0,8
BRDA:84,5,0,0
BRDA:90,6,0,29
BRDA:102,7,0,0
BRDA:127,8,0,20
BRDA:127,9,0,0
BRDA:127,10,0,0
BRDA:128,11,0,20
BRDA:128,12,0,12
BRDA:128,13,0,8
BRDA:131,14,0,20
BRDA:131,15,0,0
BRDA:132,16,0,20
BRDA:132,17,0,0
BRDA:132,18,0,0
BRDA:136,19,0,20
BRDA:137,20,0,0
BRF:21
BRH:12
end_of_record
TN:
SF:src\components\timeline-vertical\timeline-vertical.tsx
FN:25,TimelineVertical
FNF:1
FNH:1
FNDA:9,TimelineVertical
DA:1,1
DA:2,1
DA:3,1
DA:4,1
DA:5,1
DA:6,1
DA:7,1
DA:8,1
DA:9,1
DA:10,1
DA:11,1
DA:12,1
DA:13,1
DA:14,1
DA:15,1
DA:16,1
DA:17,1
DA:18,1
DA:19,1
DA:20,1
DA:21,1
DA:22,1
DA:23,1
DA:24,1
DA:25,1
DA:26,9
DA:27,9
DA:28,9
DA:29,9
DA:30,9
DA:31,9
DA:32,9
DA:33,9
DA:34,9
DA:35,9
DA:36,9
DA:37,9
DA:38,9
DA:39,9
DA:40,9
DA:41,9
DA:42,9
DA:43,9
DA:44,9
DA:45,9
DA:46,0
DA:47,0
DA:48,0
DA:49,0
DA:50,0
DA:51,0
DA:52,9
DA:53,9
DA:54,9
DA:55,9
DA:56,9
DA:57,9
DA:58,9
DA:59,9
DA:60,9
DA:61,9
DA:62,9
DA:63,9
DA:64,9
DA:65,9
DA:66,9
DA:67,9
DA:68,9
DA:69,27
DA:70,27
DA:71,27
DA:72,27
DA:73,21
DA:74,27
DA:75,6
DA:76,6
DA:77,27
DA:78,27
DA:79,27
DA:80,0
DA:81,27
DA:82,27
DA:83,27
DA:84,0
DA:85,27
DA:86,9
DA:87,18
DA:88,27
DA:89,27
DA:90,27
DA:91,27
DA:92,27
DA:93,27
DA:94,27
DA:95,27
DA:96,27
DA:97,27
DA:98,27
DA:99,27
DA:100,27
DA:101,27
DA:102,27
DA:103,27
DA:104,27
DA:105,27
DA:106,27
DA:107,27
DA:108,9
DA:109,9
DA:110,9
DA:111,9
DA:112,1
DA:113,1
DA:114,1
DA:115,1
LF:115
LH:107
BRDA:25,0,0,9
BRDA:68,1,0,27
BRDA:72,2,0,21
BRDA:73,3,0,14
BRDA:73,4,0,7
BRDA:74,5,0,6
BRDA:79,6,0,0
BRDA:83,7,0,0
BRDA:85,8,0,9
BRDA:86,9,0,18
BRF:10
BRH:8
end_of_record
TN:
SF:src\components\toolbar\index.tsx
FN:24,Toolbar
FNF:1
FNH:1
FNDA:11,Toolbar
DA:1,1
DA:2,1
DA:3,1
DA:4,1
DA:5,1
DA:6,1
DA:7,1
DA:8,1
DA:9,1
DA:10,1
DA:11,1
DA:12,1
DA:13,1
DA:14,1
DA:15,1
DA:16,1
DA:17,1
DA:18,1
DA:19,1
DA:20,1
DA:21,1
DA:22,1
DA:23,1
DA:24,1
DA:25,11
DA:26,11
DA:27,11
DA:28,11
DA:29,11
DA:30,11
DA:31,11
DA:32,30
DA:33,30
DA:34,30
DA:35,30
DA:36,30
DA:37,30
DA:38,11
DA:39,11
DA:40,11
DA:41,11
DA:42,1
DA:43,1
LF:43
LH:43
BRDA:24,0,0,11
BRDA:31,1,0,10
BRDA:31,2,0,30
BRDA:34,3,0,0
BRF:4
BRH:3
end_of_record
TN:
SF:src\components\toolbar\toolbar.styles.ts
FNF:0
FNH:0
DA:1,1
DA:2,1
DA:3,1
DA:4,1
DA:5,1
DA:6,1
DA:7,1
DA:8,1
DA:9,1
DA:10,1
DA:11,1
DA:12,1
DA:13,1
DA:14,1
DA:15,1
DA:16,1
DA:17,1
DA:18,1
DA:19,1
DA:20,1
DA:21,1
DA:22,1
DA:23,1
DA:24,1
DA:25,1
DA:26,1
DA:27,1
DA:28,1
DA:29,1
DA:30,1
DA:31,1
DA:32,1
DA:33,1
LF:33
LH:33
BRDA:9,0,0,10
BRF:1
BRH:1
end_of_record
TN:
SF:src\utils\index.ts
FN:5,hexToRGBA
FN:13,getDefaultThemeOrDark
FN:20,getDefaultClassNames
FN:30,getDefaultButtonTexts
FN:45,getSlideShowType
FN:62,isTextArray
FN:66,sanitizeHtmlText
FN:73,getUniqueID
FNF:8
FNH:6
FNDA:20,hexToRGBA
FNDA:7,getDefaultThemeOrDark
FNDA:5,getDefaultClassNames
FNDA:10,getDefaultButtonTexts
FNDA:5,getSlideShowType
FNDA:0,isTextArray
FNDA:0,sanitizeHtmlText
FNDA:20,getUniqueID
DA:1,1
DA:2,1
DA:3,1
DA:4,1
DA:5,1
DA:6,20
DA:7,20
DA:8,20
DA:9,20
DA:10,20
DA:11,20
DA:12,1
DA:13,1
DA:14,7
DA:15,0
DA:16,0
DA:17,7
DA:18,7
DA:19,1
DA:20,1
DA:21,5
DA:22,5
DA:23,5
DA:24,5
DA:25,5
DA:26,5
DA:27,5
DA:28,5
DA:29,1
DA:30,1
DA:31,10
DA:32,10
DA:33,10
DA:34,10
DA:35,10
DA:36,10
DA:37,10
DA:38,10
DA:39,10
DA:40,10
DA:41,10
DA:42,1
DA:43,1
DA:44,1
DA:45,1
DA:46,5
DA:47,5
DA:48,5
DA:49,0
DA:50,0
DA:51,5
DA:52,0
DA:53,0
DA:54,5
DA:55,5
DA:56,5
DA:57,5
DA:58,0
DA:59,0
DA:60,0
DA:61,1
DA:62,1
DA:63,0
DA:64,0
DA:65,1
DA:66,1
DA:67,0
DA:68,0
DA:69,0
DA:70,0
DA:71,0
DA:72,1
DA:73,1
DA:74,20
DA:75,20
DA:76,20
DA:77,20
DA:78,20
DA:79,20
DA:80,20
DA:81,20
DA:82,20
DA:83,20
DA:84,140
DA:85,140
DA:86,20
DA:87,20
DA:88,20
LF:88
LH:72
BRDA:5,0,0,20
BRDA:13,1,0,7
BRDA:14,2,0,0
BRDA:20,3,0,5
BRDA:30,4,0,10
BRDA:45,5,0,5
BRDA:48,6,0,0
BRDA:51,7,0,0
BRDA:57,8,0,0
BRDA:73,9,0,20
BRDA:83,10,0,140
BRF:11
BRH:7
end_of_record
